2023-01-13 15:05:57 [INFO ] restartedMain StartupInfoLogger.java:55 com.xqf.srb.sms.ServiceSmsApplication Starting ServiceSmsApplication on Xqf with PID 19392 (F:\ProgrammingTools\JetBrains\IDEA\ProJect\srb\service-sms\target\classes started by Xiao in F:\ProgrammingTools\JetBrains\IDEA\ProJect\srb)
2023-01-13 15:05:57 [INFO ] restartedMain SpringApplication.java:655 com.xqf.srb.sms.ServiceSmsApplication The following profiles are active: prod
2023-01-13 15:06:00 [INFO ] restartedMain StartupInfoLogger.java:61 com.xqf.srb.sms.ServiceSmsApplication Started ServiceSmsApplication in 3.136 seconds (JVM running for 4.14)
2023-01-13 15:27:50 [INFO ] restartedMain StartupInfoLogger.java:55 com.xqf.srb.sms.ServiceSmsApplication Starting ServiceSmsApplication on Xqf with PID 19392 (F:\ProgrammingTools\JetBrains\IDEA\ProJect\srb\service-sms\target\classes started by Xiao in F:\ProgrammingTools\JetBrains\IDEA\ProJect\srb)
2023-01-13 15:27:50 [INFO ] restartedMain SpringApplication.java:655 com.xqf.srb.sms.ServiceSmsApplication The following profiles are active: prod
2023-01-13 15:27:50 [INFO ] restartedMain StartupInfoLogger.java:61 com.xqf.srb.sms.ServiceSmsApplication Started ServiceSmsApplication in 0.339 seconds (JVM running for 1314.762)
2023-01-13 15:27:53 [INFO ] restartedMain StartupInfoLogger.java:55 com.xqf.srb.sms.ServiceSmsApplication Starting ServiceSmsApplication on Xqf with PID 19392 (F:\ProgrammingTools\JetBrains\IDEA\ProJect\srb\service-sms\target\classes started by Xiao in F:\ProgrammingTools\JetBrains\IDEA\ProJect\srb)
2023-01-13 15:27:53 [INFO ] restartedMain SpringApplication.java:655 com.xqf.srb.sms.ServiceSmsApplication The following profiles are active: prod
2023-01-13 15:27:54 [INFO ] restartedMain StartupInfoLogger.java:61 com.xqf.srb.sms.ServiceSmsApplication Started ServiceSmsApplication in 0.689 seconds (JVM running for 1318.427)
2023-01-13 15:32:42 [INFO ] restartedMain StartupInfoLogger.java:55 com.xqf.srb.sms.ServiceSmsApplication Starting ServiceSmsApplication on Xqf with PID 19392 (F:\ProgrammingTools\JetBrains\IDEA\ProJect\srb\service-sms\target\classes started by Xiao in F:\ProgrammingTools\JetBrains\IDEA\ProJect\srb)
2023-01-13 15:32:42 [INFO ] restartedMain SpringApplication.java:655 com.xqf.srb.sms.ServiceSmsApplication The following profiles are active: prod
2023-01-13 15:32:43 [INFO ] restartedMain StartupInfoLogger.java:61 com.xqf.srb.sms.ServiceSmsApplication Started ServiceSmsApplication in 0.509 seconds (JVM running for 1607.096)
2023-01-13 16:51:58 [INFO ] restartedMain StartupInfoLogger.java:55 com.xqf.srb.sms.ServiceSmsApplication Starting ServiceSmsApplication on Xqf with PID 19112 (F:\ProgrammingTools\JetBrains\IDEA\ProJect\srb\service-sms\target\classes started by Xiao in F:\ProgrammingTools\JetBrains\IDEA\ProJect\srb)
2023-01-13 16:51:58 [INFO ] restartedMain SpringApplication.java:655 com.xqf.srb.sms.ServiceSmsApplication The following profiles are active: prod
2023-01-13 16:52:02 [INFO ] restartedMain StartupInfoLogger.java:61 com.xqf.srb.sms.ServiceSmsApplication Started ServiceSmsApplication in 4.321 seconds (JVM running for 5.599)
2023-01-13 16:53:45 [INFO ] restartedMain StartupInfoLogger.java:55 com.xqf.srb.sms.ServiceSmsApplication Starting ServiceSmsApplication on Xqf with PID 19112 (F:\ProgrammingTools\JetBrains\IDEA\ProJect\srb\service-sms\target\classes started by Xiao in F:\ProgrammingTools\JetBrains\IDEA\ProJect\srb)
2023-01-13 16:53:45 [INFO ] restartedMain SpringApplication.java:655 com.xqf.srb.sms.ServiceSmsApplication The following profiles are active: prod
2023-01-13 16:53:45 [INFO ] restartedMain StartupInfoLogger.java:61 com.xqf.srb.sms.ServiceSmsApplication Started ServiceSmsApplication in 0.743 seconds (JVM running for 109.463)
2023-01-13 16:53:48 [INFO ] restartedMain StartupInfoLogger.java:55 com.xqf.srb.sms.ServiceSmsApplication Starting ServiceSmsApplication on Xqf with PID 19112 (F:\ProgrammingTools\JetBrains\IDEA\ProJect\srb\service-sms\target\classes started by Xiao in F:\ProgrammingTools\JetBrains\IDEA\ProJect\srb)
2023-01-13 16:53:48 [INFO ] restartedMain SpringApplication.java:655 com.xqf.srb.sms.ServiceSmsApplication The following profiles are active: prod
2023-01-13 16:53:49 [INFO ] restartedMain StartupInfoLogger.java:61 com.xqf.srb.sms.ServiceSmsApplication Started ServiceSmsApplication in 0.56 seconds (JVM running for 113.004)
2023-01-13 16:54:05 [INFO ] restartedMain StartupInfoLogger.java:55 com.xqf.srb.sms.ServiceSmsApplication Starting ServiceSmsApplication on Xqf with PID 19112 (F:\ProgrammingTools\JetBrains\IDEA\ProJect\srb\service-sms\target\classes started by Xiao in F:\ProgrammingTools\JetBrains\IDEA\ProJect\srb)
2023-01-13 16:54:05 [INFO ] restartedMain SpringApplication.java:655 com.xqf.srb.sms.ServiceSmsApplication The following profiles are active: prod
2023-01-13 16:54:06 [INFO ] restartedMain StartupInfoLogger.java:61 com.xqf.srb.sms.ServiceSmsApplication Started ServiceSmsApplication in 0.497 seconds (JVM running for 129.609)
2023-01-13 16:54:08 [INFO ] restartedMain StartupInfoLogger.java:55 com.xqf.srb.sms.ServiceSmsApplication Starting ServiceSmsApplication on Xqf with PID 19112 (F:\ProgrammingTools\JetBrains\IDEA\ProJect\srb\service-sms\target\classes started by Xiao in F:\ProgrammingTools\JetBrains\IDEA\ProJect\srb)
2023-01-13 16:54:08 [INFO ] restartedMain SpringApplication.java:655 com.xqf.srb.sms.ServiceSmsApplication The following profiles are active: prod
2023-01-13 16:54:08 [INFO ] restartedMain StartupInfoLogger.java:61 com.xqf.srb.sms.ServiceSmsApplication Started ServiceSmsApplication in 0.457 seconds (JVM running for 132.053)
2023-01-13 16:54:32 [ERROR] http-nio-8120-exec-3 UnifiedExceptionHandler.java:50 com.xqf.common.exception.UnifiedExceptionHandler 手机号码不正确
2023-01-13 16:57:32 [INFO ] restartedMain StartupInfoLogger.java:55 com.xqf.srb.sms.ServiceSmsApplication Starting ServiceSmsApplication on Xqf with PID 19112 (F:\ProgrammingTools\JetBrains\IDEA\ProJect\srb\service-sms\target\classes started by Xiao in F:\ProgrammingTools\JetBrains\IDEA\ProJect\srb)
2023-01-13 16:57:32 [INFO ] restartedMain SpringApplication.java:655 com.xqf.srb.sms.ServiceSmsApplication The following profiles are active: prod
2023-01-13 16:57:32 [INFO ] restartedMain StartupInfoLogger.java:61 com.xqf.srb.sms.ServiceSmsApplication Started ServiceSmsApplication in 0.506 seconds (JVM running for 336.415)
2023-01-13 16:57:34 [INFO ] restartedMain StartupInfoLogger.java:55 com.xqf.srb.sms.ServiceSmsApplication Starting ServiceSmsApplication on Xqf with PID 19112 (F:\ProgrammingTools\JetBrains\IDEA\ProJect\srb\service-sms\target\classes started by Xiao in F:\ProgrammingTools\JetBrains\IDEA\ProJect\srb)
2023-01-13 16:57:34 [INFO ] restartedMain SpringApplication.java:655 com.xqf.srb.sms.ServiceSmsApplication The following profiles are active: prod
2023-01-13 16:57:35 [INFO ] restartedMain StartupInfoLogger.java:61 com.xqf.srb.sms.ServiceSmsApplication Started ServiceSmsApplication in 0.665 seconds (JVM running for 339.006)
2023-01-13 16:58:00 [ERROR] http-nio-8120-exec-10 SmsServiceImpl.java:86 com.xqf.srb.sms.service.impl.SmsServiceImpl 阿里云短信发送SDK调用失败：
2023-01-13 16:58:00 [ERROR] http-nio-8120-exec-10 SmsServiceImpl.java:87 com.xqf.srb.sms.service.impl.SmsServiceImpl ErrorCode=InvalidAccessKeyId.NotFound
2023-01-13 16:58:00 [ERROR] http-nio-8120-exec-10 SmsServiceImpl.java:88 com.xqf.srb.sms.service.impl.SmsServiceImpl ErrorMessage=Specified access key is not found.
2023-01-13 16:58:00 [ERROR] http-nio-8120-exec-10 UnifiedExceptionHandler.java:50 com.xqf.common.exception.UnifiedExceptionHandler 短信发送失败
2023-01-13 17:03:05 [INFO ] restartedMain StartupInfoLogger.java:55 com.xqf.srb.sms.ServiceSmsApplication Starting ServiceSmsApplication on Xqf with PID 19112 (F:\ProgrammingTools\JetBrains\IDEA\ProJect\srb\service-sms\target\classes started by Xiao in F:\ProgrammingTools\JetBrains\IDEA\ProJect\srb)
2023-01-13 17:03:05 [INFO ] restartedMain SpringApplication.java:655 com.xqf.srb.sms.ServiceSmsApplication The following profiles are active: prod
2023-01-13 17:03:06 [INFO ] restartedMain StartupInfoLogger.java:61 com.xqf.srb.sms.ServiceSmsApplication Started ServiceSmsApplication in 0.439 seconds (JVM running for 669.809)
2023-01-13 17:03:24 [INFO ] restartedMain StartupInfoLogger.java:55 com.xqf.srb.sms.ServiceSmsApplication Starting ServiceSmsApplication on Xqf with PID 19112 (F:\ProgrammingTools\JetBrains\IDEA\ProJect\srb\service-sms\target\classes started by Xiao in F:\ProgrammingTools\JetBrains\IDEA\ProJect\srb)
2023-01-13 17:03:24 [INFO ] restartedMain SpringApplication.java:655 com.xqf.srb.sms.ServiceSmsApplication The following profiles are active: prod
2023-01-13 17:03:24 [INFO ] restartedMain StartupInfoLogger.java:61 com.xqf.srb.sms.ServiceSmsApplication Started ServiceSmsApplication in 0.603 seconds (JVM running for 688.514)
2023-01-13 17:05:07 [INFO ] restartedMain StartupInfoLogger.java:55 com.xqf.srb.sms.ServiceSmsApplication Starting ServiceSmsApplication on Xqf with PID 19112 (F:\ProgrammingTools\JetBrains\IDEA\ProJect\srb\service-sms\target\classes started by Xiao in F:\ProgrammingTools\JetBrains\IDEA\ProJect\srb)
2023-01-13 17:05:07 [INFO ] restartedMain SpringApplication.java:655 com.xqf.srb.sms.ServiceSmsApplication The following profiles are active: prod
2023-01-13 17:05:07 [INFO ] restartedMain StartupInfoLogger.java:61 com.xqf.srb.sms.ServiceSmsApplication Started ServiceSmsApplication in 0.532 seconds (JVM running for 791.383)
2023-01-13 17:14:37 [INFO ] restartedMain StartupInfoLogger.java:55 com.xqf.srb.sms.ServiceSmsApplication Starting ServiceSmsApplication on Xqf with PID 19112 (F:\ProgrammingTools\JetBrains\IDEA\ProJect\srb\service-sms\target\classes started by Xiao in F:\ProgrammingTools\JetBrains\IDEA\ProJect\srb)
2023-01-13 17:14:37 [INFO ] restartedMain SpringApplication.java:655 com.xqf.srb.sms.ServiceSmsApplication The following profiles are active: prod
2023-01-13 17:14:38 [INFO ] restartedMain StartupInfoLogger.java:61 com.xqf.srb.sms.ServiceSmsApplication Started ServiceSmsApplication in 0.525 seconds (JVM running for 1361.645)
2023-01-13 17:17:25 [INFO ] http-nio-8120-exec-10 SmsServiceImpl.java:71 com.xqf.srb.sms.service.impl.SmsServiceImpl 阿里云短信发送响应结果：
2023-01-13 17:17:25 [INFO ] http-nio-8120-exec-10 SmsServiceImpl.java:72 com.xqf.srb.sms.service.impl.SmsServiceImpl code：isp.RAM_PERMISSION_DENY
2023-01-13 17:17:25 [INFO ] http-nio-8120-exec-10 SmsServiceImpl.java:73 com.xqf.srb.sms.service.impl.SmsServiceImpl message：RAM权限不足,请为当前使用的AccessKey对应RAM用户进行授权
2023-01-13 17:17:25 [INFO ] http-nio-8120-exec-10 WebSmsController.java:71 com.xqf.srb.sms.controller.WebSmsController 发送短信成功
2023-01-13 17:17:26 [ERROR] http-nio-8120-exec-10 UnifiedExceptionHandler.java:35 com.xqf.common.exception.UnifiedExceptionHandler Unable to connect to Redis; nested exception is org.springframework.data.redis.connection.PoolException: Could not get a resource from the pool; nested exception is io.lettuce.core.RedisConnectionException: Unable to connect to localhost:6379
org.springframework.data.redis.RedisConnectionFailureException: Unable to connect to Redis; nested exception is org.springframework.data.redis.connection.PoolException: Could not get a resource from the pool; nested exception is io.lettuce.core.RedisConnectionException: Unable to connect to localhost:6379
	at org.springframework.data.redis.connection.lettuce.LettuceConnectionFactory$ExceptionTranslatingConnectionProvider.translateException(LettuceConnectionFactory.java:1534)
	at org.springframework.data.redis.connection.lettuce.LettuceConnectionFactory$ExceptionTranslatingConnectionProvider.getConnection(LettuceConnectionFactory.java:1442)
	at org.springframework.data.redis.connection.lettuce.LettuceConnectionFactory$SharedConnection.getNativeConnection(LettuceConnectionFactory.java:1228)
	at org.springframework.data.redis.connection.lettuce.LettuceConnectionFactory$SharedConnection.getConnection(LettuceConnectionFactory.java:1211)
	at org.springframework.data.redis.connection.lettuce.LettuceConnectionFactory.getSharedConnection(LettuceConnectionFactory.java:975)
	at org.springframework.data.redis.connection.lettuce.LettuceConnectionFactory.getConnection(LettuceConnectionFactory.java:360)
	at org.springframework.data.redis.core.RedisConnectionUtils.doGetConnection(RedisConnectionUtils.java:134)
	at org.springframework.data.redis.core.RedisConnectionUtils.getConnection(RedisConnectionUtils.java:97)
	at org.springframework.data.redis.core.RedisConnectionUtils.getConnection(RedisConnectionUtils.java:84)
	at org.springframework.data.redis.core.RedisTemplate.execute(RedisTemplate.java:215)
	at org.springframework.data.redis.core.RedisTemplate.execute(RedisTemplate.java:188)
	at org.springframework.data.redis.core.AbstractOperations.execute(AbstractOperations.java:96)
	at org.springframework.data.redis.core.DefaultValueOperations.set(DefaultValueOperations.java:256)
	at com.xqf.srb.sms.controller.WebSmsController.send(WebSmsController.java:73)
	at sun.reflect.NativeMethodAccessorImpl.invoke0(Native Method)
	at sun.reflect.NativeMethodAccessorImpl.invoke(NativeMethodAccessorImpl.java:62)
	at sun.reflect.DelegatingMethodAccessorImpl.invoke(DelegatingMethodAccessorImpl.java:43)
	at java.lang.reflect.Method.invoke(Method.java:498)
	at org.springframework.web.method.support.InvocableHandlerMethod.doInvoke(InvocableHandlerMethod.java:190)
	at org.springframework.web.method.support.InvocableHandlerMethod.invokeForRequest(InvocableHandlerMethod.java:138)
	at org.springframework.web.servlet.mvc.method.annotation.ServletInvocableHandlerMethod.invokeAndHandle(ServletInvocableHandlerMethod.java:105)
	at org.springframework.web.servlet.mvc.method.annotation.RequestMappingHandlerAdapter.invokeHandlerMethod(RequestMappingHandlerAdapter.java:878)
	at org.springframework.web.servlet.mvc.method.annotation.RequestMappingHandlerAdapter.handleInternal(RequestMappingHandlerAdapter.java:792)
	at org.springframework.web.servlet.mvc.method.AbstractHandlerMethodAdapter.handle(AbstractHandlerMethodAdapter.java:87)
	at org.springframework.web.servlet.DispatcherServlet.doDispatch(DispatcherServlet.java:1040)
	at org.springframework.web.servlet.DispatcherServlet.doService(DispatcherServlet.java:943)
	at org.springframework.web.servlet.FrameworkServlet.processRequest(FrameworkServlet.java:1006)
	at org.springframework.web.servlet.FrameworkServlet.doGet(FrameworkServlet.java:898)
	at javax.servlet.http.HttpServlet.service(HttpServlet.java:626)
	at org.springframework.web.servlet.FrameworkServlet.service(FrameworkServlet.java:883)
	at javax.servlet.http.HttpServlet.service(HttpServlet.java:733)
	at org.apache.catalina.core.ApplicationFilterChain.internalDoFilter(ApplicationFilterChain.java:231)
	at org.apache.catalina.core.ApplicationFilterChain.doFilter(ApplicationFilterChain.java:166)
	at org.apache.tomcat.websocket.server.WsFilter.doFilter(WsFilter.java:53)
	at org.apache.catalina.core.ApplicationFilterChain.internalDoFilter(ApplicationFilterChain.java:193)
	at org.apache.catalina.core.ApplicationFilterChain.doFilter(ApplicationFilterChain.java:166)
	at org.springframework.web.filter.RequestContextFilter.doFilterInternal(RequestContextFilter.java:100)
	at org.springframework.web.filter.OncePerRequestFilter.doFilter(OncePerRequestFilter.java:119)
	at org.apache.catalina.core.ApplicationFilterChain.internalDoFilter(ApplicationFilterChain.java:193)
	at org.apache.catalina.core.ApplicationFilterChain.doFilter(ApplicationFilterChain.java:166)
	at org.springframework.web.filter.FormContentFilter.doFilterInternal(FormContentFilter.java:93)
	at org.springframework.web.filter.OncePerRequestFilter.doFilter(OncePerRequestFilter.java:119)
	at org.apache.catalina.core.ApplicationFilterChain.internalDoFilter(ApplicationFilterChain.java:193)
	at org.apache.catalina.core.ApplicationFilterChain.doFilter(ApplicationFilterChain.java:166)
	at org.springframework.web.filter.CharacterEncodingFilter.doFilterInternal(CharacterEncodingFilter.java:201)
	at org.springframework.web.filter.OncePerRequestFilter.doFilter(OncePerRequestFilter.java:119)
	at org.apache.catalina.core.ApplicationFilterChain.internalDoFilter(ApplicationFilterChain.java:193)
	at org.apache.catalina.core.ApplicationFilterChain.doFilter(ApplicationFilterChain.java:166)
	at org.apache.catalina.core.StandardWrapperValve.invoke(StandardWrapperValve.java:202)
	at org.apache.catalina.core.StandardContextValve.invoke(StandardContextValve.java:97)
	at org.apache.catalina.authenticator.AuthenticatorBase.invoke(AuthenticatorBase.java:541)
	at org.apache.catalina.core.StandardHostValve.invoke(StandardHostValve.java:143)
	at org.apache.catalina.valves.ErrorReportValve.invoke(ErrorReportValve.java:92)
	at org.apache.catalina.core.StandardEngineValve.invoke(StandardEngineValve.java:78)
	at org.apache.catalina.connector.CoyoteAdapter.service(CoyoteAdapter.java:343)
	at org.apache.coyote.http11.Http11Processor.service(Http11Processor.java:374)
	at org.apache.coyote.AbstractProcessorLight.process(AbstractProcessorLight.java:65)
	at org.apache.coyote.AbstractProtocol$ConnectionHandler.process(AbstractProtocol.java:868)
	at org.apache.tomcat.util.net.NioEndpoint$SocketProcessor.doRun(NioEndpoint.java:1590)
	at org.apache.tomcat.util.net.SocketProcessorBase.run(SocketProcessorBase.java:49)
	at java.util.concurrent.ThreadPoolExecutor.runWorker(ThreadPoolExecutor.java:1149)
	at java.util.concurrent.ThreadPoolExecutor$Worker.run(ThreadPoolExecutor.java:624)
	at org.apache.tomcat.util.threads.TaskThread$WrappingRunnable.run(TaskThread.java:61)
	at java.lang.Thread.run(Thread.java:750)
Caused by: org.springframework.data.redis.connection.PoolException: Could not get a resource from the pool; nested exception is io.lettuce.core.RedisConnectionException: Unable to connect to localhost:6379
	at org.springframework.data.redis.connection.lettuce.LettucePoolingConnectionProvider.getConnection(LettucePoolingConnectionProvider.java:109)
	at org.springframework.data.redis.connection.lettuce.LettuceConnectionFactory$ExceptionTranslatingConnectionProvider.getConnection(LettuceConnectionFactory.java:1440)
	... 62 common frames omitted
Caused by: io.lettuce.core.RedisConnectionException: Unable to connect to localhost:6379
	at io.lettuce.core.RedisConnectionException.create(RedisConnectionException.java:78)
	at io.lettuce.core.RedisConnectionException.create(RedisConnectionException.java:56)
	at io.lettuce.core.AbstractRedisClient.getConnection(AbstractRedisClient.java:242)
	at io.lettuce.core.RedisClient.connect(RedisClient.java:206)
	at org.springframework.data.redis.connection.lettuce.StandaloneConnectionProvider.lambda$getConnection$1(StandaloneConnectionProvider.java:115)
	at java.util.Optional.orElseGet(Optional.java:267)
	at org.springframework.data.redis.connection.lettuce.StandaloneConnectionProvider.getConnection(StandaloneConnectionProvider.java:115)
	at org.springframework.data.redis.connection.lettuce.LettucePoolingConnectionProvider.lambda$null$0(LettucePoolingConnectionProvider.java:97)
	at io.lettuce.core.support.ConnectionPoolSupport$RedisPooledObjectFactory.create(ConnectionPoolSupport.java:211)
	at io.lettuce.core.support.ConnectionPoolSupport$RedisPooledObjectFactory.create(ConnectionPoolSupport.java:201)
	at org.apache.commons.pool2.BasePooledObjectFactory.makeObject(BasePooledObjectFactory.java:58)
	at org.apache.commons.pool2.impl.GenericObjectPool.create(GenericObjectPool.java:899)
	at org.apache.commons.pool2.impl.GenericObjectPool.borrowObject(GenericObjectPool.java:429)
	at org.apache.commons.pool2.impl.GenericObjectPool.borrowObject(GenericObjectPool.java:354)
	at io.lettuce.core.support.ConnectionPoolSupport$1.borrowObject(ConnectionPoolSupport.java:122)
	at io.lettuce.core.support.ConnectionPoolSupport$1.borrowObject(ConnectionPoolSupport.java:117)
	at org.springframework.data.redis.connection.lettuce.LettucePoolingConnectionProvider.getConnection(LettucePoolingConnectionProvider.java:103)
	... 63 common frames omitted
Caused by: io.lettuce.core.RedisCommandExecutionException: ERR Client sent AUTH, but no password is set
	at io.lettuce.core.ExceptionFactory.createExecutionException(ExceptionFactory.java:135)
	at io.lettuce.core.ExceptionFactory.createExecutionException(ExceptionFactory.java:108)
	at io.lettuce.core.protocol.AsyncCommand.completeResult(AsyncCommand.java:118)
	at io.lettuce.core.protocol.AsyncCommand.complete(AsyncCommand.java:109)
	at io.lettuce.core.protocol.CommandHandler.complete(CommandHandler.java:680)
	at io.lettuce.core.protocol.CommandHandler.decode(CommandHandler.java:640)
	at io.lettuce.core.protocol.CommandHandler.channelRead(CommandHandler.java:591)
	at io.netty.channel.AbstractChannelHandlerContext.invokeChannelRead(AbstractChannelHandlerContext.java:379)
	at io.netty.channel.AbstractChannelHandlerContext.invokeChannelRead(AbstractChannelHandlerContext.java:365)
	at io.netty.channel.AbstractChannelHandlerContext.fireChannelRead(AbstractChannelHandlerContext.java:357)
	at io.netty.channel.DefaultChannelPipeline$HeadContext.channelRead(DefaultChannelPipeline.java:1410)
	at io.netty.channel.AbstractChannelHandlerContext.invokeChannelRead(AbstractChannelHandlerContext.java:379)
	at io.netty.channel.AbstractChannelHandlerContext.invokeChannelRead(AbstractChannelHandlerContext.java:365)
	at io.netty.channel.DefaultChannelPipeline.fireChannelRead(DefaultChannelPipeline.java:919)
	at io.netty.channel.nio.AbstractNioByteChannel$NioByteUnsafe.read(AbstractNioByteChannel.java:166)
	at io.netty.channel.nio.NioEventLoop.processSelectedKey(NioEventLoop.java:714)
	at io.netty.channel.nio.NioEventLoop.processSelectedKeysOptimized(NioEventLoop.java:650)
	at io.netty.channel.nio.NioEventLoop.processSelectedKeys(NioEventLoop.java:576)
	at io.netty.channel.nio.NioEventLoop.run(NioEventLoop.java:493)
	at io.netty.util.concurrent.SingleThreadEventExecutor$4.run(SingleThreadEventExecutor.java:989)
	at io.netty.util.internal.ThreadExecutorMap$2.run(ThreadExecutorMap.java:74)
	at io.netty.util.concurrent.FastThreadLocalRunnable.run(FastThreadLocalRunnable.java:30)
	... 1 common frames omitted
2023-01-13 17:18:38 [INFO ] restartedMain StartupInfoLogger.java:55 com.xqf.srb.sms.ServiceSmsApplication Starting ServiceSmsApplication on Xqf with PID 19112 (F:\ProgrammingTools\JetBrains\IDEA\ProJect\srb\service-sms\target\classes started by Xiao in F:\ProgrammingTools\JetBrains\IDEA\ProJect\srb)
2023-01-13 17:18:38 [INFO ] restartedMain SpringApplication.java:655 com.xqf.srb.sms.ServiceSmsApplication The following profiles are active: prod
2023-01-13 17:18:39 [INFO ] restartedMain StartupInfoLogger.java:61 com.xqf.srb.sms.ServiceSmsApplication Started ServiceSmsApplication in 0.609 seconds (JVM running for 1602.676)
2023-01-13 17:18:40 [INFO ] restartedMain StartupInfoLogger.java:55 com.xqf.srb.sms.ServiceSmsApplication Starting ServiceSmsApplication on Xqf with PID 19112 (F:\ProgrammingTools\JetBrains\IDEA\ProJect\srb\service-sms\target\classes started by Xiao in F:\ProgrammingTools\JetBrains\IDEA\ProJect\srb)
2023-01-13 17:18:40 [INFO ] restartedMain SpringApplication.java:655 com.xqf.srb.sms.ServiceSmsApplication The following profiles are active: prod
2023-01-13 17:18:41 [INFO ] restartedMain StartupInfoLogger.java:61 com.xqf.srb.sms.ServiceSmsApplication Started ServiceSmsApplication in 0.522 seconds (JVM running for 1605.04)
2023-01-13 17:20:15 [INFO ] restartedMain StartupInfoLogger.java:55 com.xqf.srb.sms.ServiceSmsApplication Starting ServiceSmsApplication on Xqf with PID 19112 (F:\ProgrammingTools\JetBrains\IDEA\ProJect\srb\service-sms\target\classes started by Xiao in F:\ProgrammingTools\JetBrains\IDEA\ProJect\srb)
2023-01-13 17:20:15 [INFO ] restartedMain SpringApplication.java:655 com.xqf.srb.sms.ServiceSmsApplication The following profiles are active: prod
2023-01-13 17:20:16 [INFO ] restartedMain StartupInfoLogger.java:61 com.xqf.srb.sms.ServiceSmsApplication Started ServiceSmsApplication in 0.585 seconds (JVM running for 1699.918)
2023-01-13 17:20:49 [INFO ] restartedMain StartupInfoLogger.java:55 com.xqf.srb.sms.ServiceSmsApplication Starting ServiceSmsApplication on Xqf with PID 19112 (F:\ProgrammingTools\JetBrains\IDEA\ProJect\srb\service-sms\target\classes started by Xiao in F:\ProgrammingTools\JetBrains\IDEA\ProJect\srb)
2023-01-13 17:20:49 [INFO ] restartedMain SpringApplication.java:655 com.xqf.srb.sms.ServiceSmsApplication The following profiles are active: prod
2023-01-13 17:20:50 [INFO ] restartedMain StartupInfoLogger.java:61 com.xqf.srb.sms.ServiceSmsApplication Started ServiceSmsApplication in 0.67 seconds (JVM running for 1733.987)
2023-01-13 17:20:56 [INFO ] restartedMain StartupInfoLogger.java:55 com.xqf.srb.sms.ServiceSmsApplication Starting ServiceSmsApplication on Xqf with PID 19976 (F:\ProgrammingTools\JetBrains\IDEA\ProJect\srb\service-sms\target\classes started by Xiao in F:\ProgrammingTools\JetBrains\IDEA\ProJect\srb)
2023-01-13 17:20:56 [INFO ] restartedMain SpringApplication.java:655 com.xqf.srb.sms.ServiceSmsApplication The following profiles are active: prod
2023-01-13 17:20:59 [INFO ] restartedMain StartupInfoLogger.java:61 com.xqf.srb.sms.ServiceSmsApplication Started ServiceSmsApplication in 3.289 seconds (JVM running for 4.263)
2023-01-13 17:21:14 [INFO ] http-nio-8120-exec-1 SmsServiceImpl.java:71 com.xqf.srb.sms.service.impl.SmsServiceImpl 阿里云短信发送响应结果：
2023-01-13 17:21:14 [INFO ] http-nio-8120-exec-1 SmsServiceImpl.java:72 com.xqf.srb.sms.service.impl.SmsServiceImpl code：isv.SMS_TEST_SIGN_TEMPLATE_LIMIT
2023-01-13 17:21:14 [INFO ] http-nio-8120-exec-1 SmsServiceImpl.java:73 com.xqf.srb.sms.service.impl.SmsServiceImpl message：测试专用签名和模板必须结合使用
2023-01-13 17:21:15 [ERROR] http-nio-8120-exec-1 UnifiedExceptionHandler.java:35 com.xqf.common.exception.UnifiedExceptionHandler Unable to connect to Redis; nested exception is org.springframework.data.redis.connection.PoolException: Could not get a resource from the pool; nested exception is io.lettuce.core.RedisConnectionException: Unable to connect to localhost:6379
org.springframework.data.redis.RedisConnectionFailureException: Unable to connect to Redis; nested exception is org.springframework.data.redis.connection.PoolException: Could not get a resource from the pool; nested exception is io.lettuce.core.RedisConnectionException: Unable to connect to localhost:6379
	at org.springframework.data.redis.connection.lettuce.LettuceConnectionFactory$ExceptionTranslatingConnectionProvider.translateException(LettuceConnectionFactory.java:1534)
	at org.springframework.data.redis.connection.lettuce.LettuceConnectionFactory$ExceptionTranslatingConnectionProvider.getConnection(LettuceConnectionFactory.java:1442)
	at org.springframework.data.redis.connection.lettuce.LettuceConnectionFactory$SharedConnection.getNativeConnection(LettuceConnectionFactory.java:1228)
	at org.springframework.data.redis.connection.lettuce.LettuceConnectionFactory$SharedConnection.getConnection(LettuceConnectionFactory.java:1211)
	at org.springframework.data.redis.connection.lettuce.LettuceConnectionFactory.getSharedConnection(LettuceConnectionFactory.java:975)
	at org.springframework.data.redis.connection.lettuce.LettuceConnectionFactory.getConnection(LettuceConnectionFactory.java:360)
	at org.springframework.data.redis.core.RedisConnectionUtils.doGetConnection(RedisConnectionUtils.java:134)
	at org.springframework.data.redis.core.RedisConnectionUtils.getConnection(RedisConnectionUtils.java:97)
	at org.springframework.data.redis.core.RedisConnectionUtils.getConnection(RedisConnectionUtils.java:84)
	at org.springframework.data.redis.core.RedisTemplate.execute(RedisTemplate.java:215)
	at org.springframework.data.redis.core.RedisTemplate.execute(RedisTemplate.java:188)
	at org.springframework.data.redis.core.AbstractOperations.execute(AbstractOperations.java:96)
	at org.springframework.data.redis.core.DefaultValueOperations.set(DefaultValueOperations.java:256)
	at com.xqf.srb.sms.controller.WebSmsController.send(WebSmsController.java:71)
	at sun.reflect.NativeMethodAccessorImpl.invoke0(Native Method)
	at sun.reflect.NativeMethodAccessorImpl.invoke(NativeMethodAccessorImpl.java:62)
	at sun.reflect.DelegatingMethodAccessorImpl.invoke(DelegatingMethodAccessorImpl.java:43)
	at java.lang.reflect.Method.invoke(Method.java:498)
	at org.springframework.web.method.support.InvocableHandlerMethod.doInvoke(InvocableHandlerMethod.java:190)
	at org.springframework.web.method.support.InvocableHandlerMethod.invokeForRequest(InvocableHandlerMethod.java:138)
	at org.springframework.web.servlet.mvc.method.annotation.ServletInvocableHandlerMethod.invokeAndHandle(ServletInvocableHandlerMethod.java:105)
	at org.springframework.web.servlet.mvc.method.annotation.RequestMappingHandlerAdapter.invokeHandlerMethod(RequestMappingHandlerAdapter.java:878)
	at org.springframework.web.servlet.mvc.method.annotation.RequestMappingHandlerAdapter.handleInternal(RequestMappingHandlerAdapter.java:792)
	at org.springframework.web.servlet.mvc.method.AbstractHandlerMethodAdapter.handle(AbstractHandlerMethodAdapter.java:87)
	at org.springframework.web.servlet.DispatcherServlet.doDispatch(DispatcherServlet.java:1040)
	at org.springframework.web.servlet.DispatcherServlet.doService(DispatcherServlet.java:943)
	at org.springframework.web.servlet.FrameworkServlet.processRequest(FrameworkServlet.java:1006)
	at org.springframework.web.servlet.FrameworkServlet.doGet(FrameworkServlet.java:898)
	at javax.servlet.http.HttpServlet.service(HttpServlet.java:626)
	at org.springframework.web.servlet.FrameworkServlet.service(FrameworkServlet.java:883)
	at javax.servlet.http.HttpServlet.service(HttpServlet.java:733)
	at org.apache.catalina.core.ApplicationFilterChain.internalDoFilter(ApplicationFilterChain.java:231)
	at org.apache.catalina.core.ApplicationFilterChain.doFilter(ApplicationFilterChain.java:166)
	at org.apache.tomcat.websocket.server.WsFilter.doFilter(WsFilter.java:53)
	at org.apache.catalina.core.ApplicationFilterChain.internalDoFilter(ApplicationFilterChain.java:193)
	at org.apache.catalina.core.ApplicationFilterChain.doFilter(ApplicationFilterChain.java:166)
	at org.springframework.web.filter.RequestContextFilter.doFilterInternal(RequestContextFilter.java:100)
	at org.springframework.web.filter.OncePerRequestFilter.doFilter(OncePerRequestFilter.java:119)
	at org.apache.catalina.core.ApplicationFilterChain.internalDoFilter(ApplicationFilterChain.java:193)
	at org.apache.catalina.core.ApplicationFilterChain.doFilter(ApplicationFilterChain.java:166)
	at org.springframework.web.filter.FormContentFilter.doFilterInternal(FormContentFilter.java:93)
	at org.springframework.web.filter.OncePerRequestFilter.doFilter(OncePerRequestFilter.java:119)
	at org.apache.catalina.core.ApplicationFilterChain.internalDoFilter(ApplicationFilterChain.java:193)
	at org.apache.catalina.core.ApplicationFilterChain.doFilter(ApplicationFilterChain.java:166)
	at org.springframework.web.filter.CharacterEncodingFilter.doFilterInternal(CharacterEncodingFilter.java:201)
	at org.springframework.web.filter.OncePerRequestFilter.doFilter(OncePerRequestFilter.java:119)
	at org.apache.catalina.core.ApplicationFilterChain.internalDoFilter(ApplicationFilterChain.java:193)
	at org.apache.catalina.core.ApplicationFilterChain.doFilter(ApplicationFilterChain.java:166)
	at org.apache.catalina.core.StandardWrapperValve.invoke(StandardWrapperValve.java:202)
	at org.apache.catalina.core.StandardContextValve.invoke(StandardContextValve.java:97)
	at org.apache.catalina.authenticator.AuthenticatorBase.invoke(AuthenticatorBase.java:541)
	at org.apache.catalina.core.StandardHostValve.invoke(StandardHostValve.java:143)
	at org.apache.catalina.valves.ErrorReportValve.invoke(ErrorReportValve.java:92)
	at org.apache.catalina.core.StandardEngineValve.invoke(StandardEngineValve.java:78)
	at org.apache.catalina.connector.CoyoteAdapter.service(CoyoteAdapter.java:343)
	at org.apache.coyote.http11.Http11Processor.service(Http11Processor.java:374)
	at org.apache.coyote.AbstractProcessorLight.process(AbstractProcessorLight.java:65)
	at org.apache.coyote.AbstractProtocol$ConnectionHandler.process(AbstractProtocol.java:868)
	at org.apache.tomcat.util.net.NioEndpoint$SocketProcessor.doRun(NioEndpoint.java:1590)
	at org.apache.tomcat.util.net.SocketProcessorBase.run(SocketProcessorBase.java:49)
	at java.util.concurrent.ThreadPoolExecutor.runWorker(ThreadPoolExecutor.java:1149)
	at java.util.concurrent.ThreadPoolExecutor$Worker.run(ThreadPoolExecutor.java:624)
	at org.apache.tomcat.util.threads.TaskThread$WrappingRunnable.run(TaskThread.java:61)
	at java.lang.Thread.run(Thread.java:750)
Caused by: org.springframework.data.redis.connection.PoolException: Could not get a resource from the pool; nested exception is io.lettuce.core.RedisConnectionException: Unable to connect to localhost:6379
	at org.springframework.data.redis.connection.lettuce.LettucePoolingConnectionProvider.getConnection(LettucePoolingConnectionProvider.java:109)
	at org.springframework.data.redis.connection.lettuce.LettuceConnectionFactory$ExceptionTranslatingConnectionProvider.getConnection(LettuceConnectionFactory.java:1440)
	... 62 common frames omitted
Caused by: io.lettuce.core.RedisConnectionException: Unable to connect to localhost:6379
	at io.lettuce.core.RedisConnectionException.create(RedisConnectionException.java:78)
	at io.lettuce.core.RedisConnectionException.create(RedisConnectionException.java:56)
	at io.lettuce.core.AbstractRedisClient.getConnection(AbstractRedisClient.java:242)
	at io.lettuce.core.RedisClient.connect(RedisClient.java:206)
	at org.springframework.data.redis.connection.lettuce.StandaloneConnectionProvider.lambda$getConnection$1(StandaloneConnectionProvider.java:115)
	at java.util.Optional.orElseGet(Optional.java:267)
	at org.springframework.data.redis.connection.lettuce.StandaloneConnectionProvider.getConnection(StandaloneConnectionProvider.java:115)
	at org.springframework.data.redis.connection.lettuce.LettucePoolingConnectionProvider.lambda$null$0(LettucePoolingConnectionProvider.java:97)
	at io.lettuce.core.support.ConnectionPoolSupport$RedisPooledObjectFactory.create(ConnectionPoolSupport.java:211)
	at io.lettuce.core.support.ConnectionPoolSupport$RedisPooledObjectFactory.create(ConnectionPoolSupport.java:201)
	at org.apache.commons.pool2.BasePooledObjectFactory.makeObject(BasePooledObjectFactory.java:58)
	at org.apache.commons.pool2.impl.GenericObjectPool.create(GenericObjectPool.java:899)
	at org.apache.commons.pool2.impl.GenericObjectPool.borrowObject(GenericObjectPool.java:429)
	at org.apache.commons.pool2.impl.GenericObjectPool.borrowObject(GenericObjectPool.java:354)
	at io.lettuce.core.support.ConnectionPoolSupport$1.borrowObject(ConnectionPoolSupport.java:122)
	at io.lettuce.core.support.ConnectionPoolSupport$1.borrowObject(ConnectionPoolSupport.java:117)
	at org.springframework.data.redis.connection.lettuce.LettucePoolingConnectionProvider.getConnection(LettucePoolingConnectionProvider.java:103)
	... 63 common frames omitted
Caused by: io.lettuce.core.RedisCommandExecutionException: ERR Client sent AUTH, but no password is set
	at io.lettuce.core.ExceptionFactory.createExecutionException(ExceptionFactory.java:135)
	at io.lettuce.core.ExceptionFactory.createExecutionException(ExceptionFactory.java:108)
	at io.lettuce.core.protocol.AsyncCommand.completeResult(AsyncCommand.java:118)
	at io.lettuce.core.protocol.AsyncCommand.complete(AsyncCommand.java:109)
	at io.lettuce.core.protocol.CommandHandler.complete(CommandHandler.java:680)
	at io.lettuce.core.protocol.CommandHandler.decode(CommandHandler.java:640)
	at io.lettuce.core.protocol.CommandHandler.channelRead(CommandHandler.java:591)
	at io.netty.channel.AbstractChannelHandlerContext.invokeChannelRead(AbstractChannelHandlerContext.java:379)
	at io.netty.channel.AbstractChannelHandlerContext.invokeChannelRead(AbstractChannelHandlerContext.java:365)
	at io.netty.channel.AbstractChannelHandlerContext.fireChannelRead(AbstractChannelHandlerContext.java:357)
	at io.netty.channel.DefaultChannelPipeline$HeadContext.channelRead(DefaultChannelPipeline.java:1410)
	at io.netty.channel.AbstractChannelHandlerContext.invokeChannelRead(AbstractChannelHandlerContext.java:379)
	at io.netty.channel.AbstractChannelHandlerContext.invokeChannelRead(AbstractChannelHandlerContext.java:365)
	at io.netty.channel.DefaultChannelPipeline.fireChannelRead(DefaultChannelPipeline.java:919)
	at io.netty.channel.nio.AbstractNioByteChannel$NioByteUnsafe.read(AbstractNioByteChannel.java:166)
	at io.netty.channel.nio.NioEventLoop.processSelectedKey(NioEventLoop.java:714)
	at io.netty.channel.nio.NioEventLoop.processSelectedKeysOptimized(NioEventLoop.java:650)
	at io.netty.channel.nio.NioEventLoop.processSelectedKeys(NioEventLoop.java:576)
	at io.netty.channel.nio.NioEventLoop.run(NioEventLoop.java:493)
	at io.netty.util.concurrent.SingleThreadEventExecutor$4.run(SingleThreadEventExecutor.java:989)
	at io.netty.util.internal.ThreadExecutorMap$2.run(ThreadExecutorMap.java:74)
	at io.netty.util.concurrent.FastThreadLocalRunnable.run(FastThreadLocalRunnable.java:30)
	... 1 common frames omitted
2023-01-13 17:22:45 [INFO ] restartedMain StartupInfoLogger.java:55 com.xqf.srb.sms.ServiceSmsApplication Starting ServiceSmsApplication on Xqf with PID 19976 (F:\ProgrammingTools\JetBrains\IDEA\ProJect\srb\service-sms\target\classes started by Xiao in F:\ProgrammingTools\JetBrains\IDEA\ProJect\srb)
2023-01-13 17:22:45 [INFO ] restartedMain SpringApplication.java:655 com.xqf.srb.sms.ServiceSmsApplication The following profiles are active: prod
2023-01-13 17:22:46 [INFO ] restartedMain StartupInfoLogger.java:61 com.xqf.srb.sms.ServiceSmsApplication Started ServiceSmsApplication in 0.567 seconds (JVM running for 111.114)
2023-01-13 17:23:09 [INFO ] restartedMain StartupInfoLogger.java:55 com.xqf.srb.sms.ServiceSmsApplication Starting ServiceSmsApplication on Xqf with PID 19976 (F:\ProgrammingTools\JetBrains\IDEA\ProJect\srb\service-sms\target\classes started by Xiao in F:\ProgrammingTools\JetBrains\IDEA\ProJect\srb)
2023-01-13 17:23:09 [INFO ] restartedMain SpringApplication.java:655 com.xqf.srb.sms.ServiceSmsApplication The following profiles are active: prod
2023-01-13 17:23:09 [INFO ] restartedMain StartupInfoLogger.java:61 com.xqf.srb.sms.ServiceSmsApplication Started ServiceSmsApplication in 0.446 seconds (JVM running for 134.773)
2023-01-13 17:23:19 [INFO ] http-nio-8120-exec-1 SmsServiceImpl.java:71 com.xqf.srb.sms.service.impl.SmsServiceImpl 阿里云短信发送响应结果：
2023-01-13 17:23:19 [INFO ] http-nio-8120-exec-1 SmsServiceImpl.java:72 com.xqf.srb.sms.service.impl.SmsServiceImpl code：OK
2023-01-13 17:23:19 [INFO ] http-nio-8120-exec-1 SmsServiceImpl.java:73 com.xqf.srb.sms.service.impl.SmsServiceImpl message：OK
2023-01-13 17:23:19 [ERROR] http-nio-8120-exec-1 UnifiedExceptionHandler.java:35 com.xqf.common.exception.UnifiedExceptionHandler Unable to connect to Redis; nested exception is org.springframework.data.redis.connection.PoolException: Could not get a resource from the pool; nested exception is io.lettuce.core.RedisConnectionException: Unable to connect to localhost:6379
org.springframework.data.redis.RedisConnectionFailureException: Unable to connect to Redis; nested exception is org.springframework.data.redis.connection.PoolException: Could not get a resource from the pool; nested exception is io.lettuce.core.RedisConnectionException: Unable to connect to localhost:6379
	at org.springframework.data.redis.connection.lettuce.LettuceConnectionFactory$ExceptionTranslatingConnectionProvider.translateException(LettuceConnectionFactory.java:1534)
	at org.springframework.data.redis.connection.lettuce.LettuceConnectionFactory$ExceptionTranslatingConnectionProvider.getConnection(LettuceConnectionFactory.java:1442)
	at org.springframework.data.redis.connection.lettuce.LettuceConnectionFactory$SharedConnection.getNativeConnection(LettuceConnectionFactory.java:1228)
	at org.springframework.data.redis.connection.lettuce.LettuceConnectionFactory$SharedConnection.getConnection(LettuceConnectionFactory.java:1211)
	at org.springframework.data.redis.connection.lettuce.LettuceConnectionFactory.getSharedConnection(LettuceConnectionFactory.java:975)
	at org.springframework.data.redis.connection.lettuce.LettuceConnectionFactory.getConnection(LettuceConnectionFactory.java:360)
	at org.springframework.data.redis.core.RedisConnectionUtils.doGetConnection(RedisConnectionUtils.java:134)
	at org.springframework.data.redis.core.RedisConnectionUtils.getConnection(RedisConnectionUtils.java:97)
	at org.springframework.data.redis.core.RedisConnectionUtils.getConnection(RedisConnectionUtils.java:84)
	at org.springframework.data.redis.core.RedisTemplate.execute(RedisTemplate.java:215)
	at org.springframework.data.redis.core.RedisTemplate.execute(RedisTemplate.java:188)
	at org.springframework.data.redis.core.AbstractOperations.execute(AbstractOperations.java:96)
	at org.springframework.data.redis.core.DefaultValueOperations.set(DefaultValueOperations.java:256)
	at com.xqf.srb.sms.controller.WebSmsController.send(WebSmsController.java:71)
	at sun.reflect.NativeMethodAccessorImpl.invoke0(Native Method)
	at sun.reflect.NativeMethodAccessorImpl.invoke(NativeMethodAccessorImpl.java:62)
	at sun.reflect.DelegatingMethodAccessorImpl.invoke(DelegatingMethodAccessorImpl.java:43)
	at java.lang.reflect.Method.invoke(Method.java:498)
	at org.springframework.web.method.support.InvocableHandlerMethod.doInvoke(InvocableHandlerMethod.java:190)
	at org.springframework.web.method.support.InvocableHandlerMethod.invokeForRequest(InvocableHandlerMethod.java:138)
	at org.springframework.web.servlet.mvc.method.annotation.ServletInvocableHandlerMethod.invokeAndHandle(ServletInvocableHandlerMethod.java:105)
	at org.springframework.web.servlet.mvc.method.annotation.RequestMappingHandlerAdapter.invokeHandlerMethod(RequestMappingHandlerAdapter.java:878)
	at org.springframework.web.servlet.mvc.method.annotation.RequestMappingHandlerAdapter.handleInternal(RequestMappingHandlerAdapter.java:792)
	at org.springframework.web.servlet.mvc.method.AbstractHandlerMethodAdapter.handle(AbstractHandlerMethodAdapter.java:87)
	at org.springframework.web.servlet.DispatcherServlet.doDispatch(DispatcherServlet.java:1040)
	at org.springframework.web.servlet.DispatcherServlet.doService(DispatcherServlet.java:943)
	at org.springframework.web.servlet.FrameworkServlet.processRequest(FrameworkServlet.java:1006)
	at org.springframework.web.servlet.FrameworkServlet.doGet(FrameworkServlet.java:898)
	at javax.servlet.http.HttpServlet.service(HttpServlet.java:626)
	at org.springframework.web.servlet.FrameworkServlet.service(FrameworkServlet.java:883)
	at javax.servlet.http.HttpServlet.service(HttpServlet.java:733)
	at org.apache.catalina.core.ApplicationFilterChain.internalDoFilter(ApplicationFilterChain.java:231)
	at org.apache.catalina.core.ApplicationFilterChain.doFilter(ApplicationFilterChain.java:166)
	at org.apache.tomcat.websocket.server.WsFilter.doFilter(WsFilter.java:53)
	at org.apache.catalina.core.ApplicationFilterChain.internalDoFilter(ApplicationFilterChain.java:193)
	at org.apache.catalina.core.ApplicationFilterChain.doFilter(ApplicationFilterChain.java:166)
	at org.springframework.web.filter.RequestContextFilter.doFilterInternal(RequestContextFilter.java:100)
	at org.springframework.web.filter.OncePerRequestFilter.doFilter(OncePerRequestFilter.java:119)
	at org.apache.catalina.core.ApplicationFilterChain.internalDoFilter(ApplicationFilterChain.java:193)
	at org.apache.catalina.core.ApplicationFilterChain.doFilter(ApplicationFilterChain.java:166)
	at org.springframework.web.filter.FormContentFilter.doFilterInternal(FormContentFilter.java:93)
	at org.springframework.web.filter.OncePerRequestFilter.doFilter(OncePerRequestFilter.java:119)
	at org.apache.catalina.core.ApplicationFilterChain.internalDoFilter(ApplicationFilterChain.java:193)
	at org.apache.catalina.core.ApplicationFilterChain.doFilter(ApplicationFilterChain.java:166)
	at org.springframework.web.filter.CharacterEncodingFilter.doFilterInternal(CharacterEncodingFilter.java:201)
	at org.springframework.web.filter.OncePerRequestFilter.doFilter(OncePerRequestFilter.java:119)
	at org.apache.catalina.core.ApplicationFilterChain.internalDoFilter(ApplicationFilterChain.java:193)
	at org.apache.catalina.core.ApplicationFilterChain.doFilter(ApplicationFilterChain.java:166)
	at org.apache.catalina.core.StandardWrapperValve.invoke(StandardWrapperValve.java:202)
	at org.apache.catalina.core.StandardContextValve.invoke(StandardContextValve.java:97)
	at org.apache.catalina.authenticator.AuthenticatorBase.invoke(AuthenticatorBase.java:541)
	at org.apache.catalina.core.StandardHostValve.invoke(StandardHostValve.java:143)
	at org.apache.catalina.valves.ErrorReportValve.invoke(ErrorReportValve.java:92)
	at org.apache.catalina.core.StandardEngineValve.invoke(StandardEngineValve.java:78)
	at org.apache.catalina.connector.CoyoteAdapter.service(CoyoteAdapter.java:343)
	at org.apache.coyote.http11.Http11Processor.service(Http11Processor.java:374)
	at org.apache.coyote.AbstractProcessorLight.process(AbstractProcessorLight.java:65)
	at org.apache.coyote.AbstractProtocol$ConnectionHandler.process(AbstractProtocol.java:868)
	at org.apache.tomcat.util.net.NioEndpoint$SocketProcessor.doRun(NioEndpoint.java:1590)
	at org.apache.tomcat.util.net.SocketProcessorBase.run(SocketProcessorBase.java:49)
	at java.util.concurrent.ThreadPoolExecutor.runWorker(ThreadPoolExecutor.java:1149)
	at java.util.concurrent.ThreadPoolExecutor$Worker.run(ThreadPoolExecutor.java:624)
	at org.apache.tomcat.util.threads.TaskThread$WrappingRunnable.run(TaskThread.java:61)
	at java.lang.Thread.run(Thread.java:750)
Caused by: org.springframework.data.redis.connection.PoolException: Could not get a resource from the pool; nested exception is io.lettuce.core.RedisConnectionException: Unable to connect to localhost:6379
	at org.springframework.data.redis.connection.lettuce.LettucePoolingConnectionProvider.getConnection(LettucePoolingConnectionProvider.java:109)
	at org.springframework.data.redis.connection.lettuce.LettuceConnectionFactory$ExceptionTranslatingConnectionProvider.getConnection(LettuceConnectionFactory.java:1440)
	... 62 common frames omitted
Caused by: io.lettuce.core.RedisConnectionException: Unable to connect to localhost:6379
	at io.lettuce.core.RedisConnectionException.create(RedisConnectionException.java:78)
	at io.lettuce.core.RedisConnectionException.create(RedisConnectionException.java:56)
	at io.lettuce.core.AbstractRedisClient.getConnection(AbstractRedisClient.java:242)
	at io.lettuce.core.RedisClient.connect(RedisClient.java:206)
	at org.springframework.data.redis.connection.lettuce.StandaloneConnectionProvider.lambda$getConnection$1(StandaloneConnectionProvider.java:115)
	at java.util.Optional.orElseGet(Optional.java:267)
	at org.springframework.data.redis.connection.lettuce.StandaloneConnectionProvider.getConnection(StandaloneConnectionProvider.java:115)
	at org.springframework.data.redis.connection.lettuce.LettucePoolingConnectionProvider.lambda$null$0(LettucePoolingConnectionProvider.java:97)
	at io.lettuce.core.support.ConnectionPoolSupport$RedisPooledObjectFactory.create(ConnectionPoolSupport.java:211)
	at io.lettuce.core.support.ConnectionPoolSupport$RedisPooledObjectFactory.create(ConnectionPoolSupport.java:201)
	at org.apache.commons.pool2.BasePooledObjectFactory.makeObject(BasePooledObjectFactory.java:58)
	at org.apache.commons.pool2.impl.GenericObjectPool.create(GenericObjectPool.java:899)
	at org.apache.commons.pool2.impl.GenericObjectPool.borrowObject(GenericObjectPool.java:429)
	at org.apache.commons.pool2.impl.GenericObjectPool.borrowObject(GenericObjectPool.java:354)
	at io.lettuce.core.support.ConnectionPoolSupport$1.borrowObject(ConnectionPoolSupport.java:122)
	at io.lettuce.core.support.ConnectionPoolSupport$1.borrowObject(ConnectionPoolSupport.java:117)
	at org.springframework.data.redis.connection.lettuce.LettucePoolingConnectionProvider.getConnection(LettucePoolingConnectionProvider.java:103)
	... 63 common frames omitted
Caused by: io.lettuce.core.RedisCommandExecutionException: ERR Client sent AUTH, but no password is set
	at io.lettuce.core.ExceptionFactory.createExecutionException(ExceptionFactory.java:135)
	at io.lettuce.core.ExceptionFactory.createExecutionException(ExceptionFactory.java:108)
	at io.lettuce.core.protocol.AsyncCommand.completeResult(AsyncCommand.java:118)
	at io.lettuce.core.protocol.AsyncCommand.complete(AsyncCommand.java:109)
	at io.lettuce.core.protocol.CommandHandler.complete(CommandHandler.java:680)
	at io.lettuce.core.protocol.CommandHandler.decode(CommandHandler.java:640)
	at io.lettuce.core.protocol.CommandHandler.channelRead(CommandHandler.java:591)
	at io.netty.channel.AbstractChannelHandlerContext.invokeChannelRead(AbstractChannelHandlerContext.java:379)
	at io.netty.channel.AbstractChannelHandlerContext.invokeChannelRead(AbstractChannelHandlerContext.java:365)
	at io.netty.channel.AbstractChannelHandlerContext.fireChannelRead(AbstractChannelHandlerContext.java:357)
	at io.netty.channel.DefaultChannelPipeline$HeadContext.channelRead(DefaultChannelPipeline.java:1410)
	at io.netty.channel.AbstractChannelHandlerContext.invokeChannelRead(AbstractChannelHandlerContext.java:379)
	at io.netty.channel.AbstractChannelHandlerContext.invokeChannelRead(AbstractChannelHandlerContext.java:365)
	at io.netty.channel.DefaultChannelPipeline.fireChannelRead(DefaultChannelPipeline.java:919)
	at io.netty.channel.nio.AbstractNioByteChannel$NioByteUnsafe.read(AbstractNioByteChannel.java:166)
	at io.netty.channel.nio.NioEventLoop.processSelectedKey(NioEventLoop.java:714)
	at io.netty.channel.nio.NioEventLoop.processSelectedKeysOptimized(NioEventLoop.java:650)
	at io.netty.channel.nio.NioEventLoop.processSelectedKeys(NioEventLoop.java:576)
	at io.netty.channel.nio.NioEventLoop.run(NioEventLoop.java:493)
	at io.netty.util.concurrent.SingleThreadEventExecutor$4.run(SingleThreadEventExecutor.java:989)
	at io.netty.util.internal.ThreadExecutorMap$2.run(ThreadExecutorMap.java:74)
	at io.netty.util.concurrent.FastThreadLocalRunnable.run(FastThreadLocalRunnable.java:30)
	... 1 common frames omitted
2023-01-13 17:26:24 [INFO ] restartedMain StartupInfoLogger.java:55 com.xqf.srb.sms.ServiceSmsApplication Starting ServiceSmsApplication on Xqf with PID 19976 (F:\ProgrammingTools\JetBrains\IDEA\ProJect\srb\service-sms\target\classes started by Xiao in F:\ProgrammingTools\JetBrains\IDEA\ProJect\srb)
2023-01-13 17:26:24 [INFO ] restartedMain SpringApplication.java:655 com.xqf.srb.sms.ServiceSmsApplication The following profiles are active: prod
2023-01-13 17:26:25 [INFO ] restartedMain StartupInfoLogger.java:61 com.xqf.srb.sms.ServiceSmsApplication Started ServiceSmsApplication in 0.6 seconds (JVM running for 330.227)
2023-01-13 17:26:27 [INFO ] restartedMain StartupInfoLogger.java:55 com.xqf.srb.sms.ServiceSmsApplication Starting ServiceSmsApplication on Xqf with PID 19976 (F:\ProgrammingTools\JetBrains\IDEA\ProJect\srb\service-sms\target\classes started by Xiao in F:\ProgrammingTools\JetBrains\IDEA\ProJect\srb)
2023-01-13 17:26:27 [INFO ] restartedMain SpringApplication.java:655 com.xqf.srb.sms.ServiceSmsApplication The following profiles are active: prod
2023-01-13 17:26:27 [INFO ] restartedMain StartupInfoLogger.java:61 com.xqf.srb.sms.ServiceSmsApplication Started ServiceSmsApplication in 0.53 seconds (JVM running for 332.686)
2023-01-13 17:26:42 [INFO ] http-nio-8120-exec-1 SmsServiceImpl.java:71 com.xqf.srb.sms.service.impl.SmsServiceImpl 阿里云短信发送响应结果：
2023-01-13 17:26:42 [INFO ] http-nio-8120-exec-1 SmsServiceImpl.java:72 com.xqf.srb.sms.service.impl.SmsServiceImpl code：OK
2023-01-13 17:26:42 [INFO ] http-nio-8120-exec-1 SmsServiceImpl.java:73 com.xqf.srb.sms.service.impl.SmsServiceImpl message：OK
2023-01-13 17:26:42 [ERROR] http-nio-8120-exec-1 UnifiedExceptionHandler.java:35 com.xqf.common.exception.UnifiedExceptionHandler Unable to connect to Redis; nested exception is org.springframework.data.redis.connection.PoolException: Could not get a resource from the pool; nested exception is io.lettuce.core.RedisConnectionException: Unable to connect to localhost:6379
org.springframework.data.redis.RedisConnectionFailureException: Unable to connect to Redis; nested exception is org.springframework.data.redis.connection.PoolException: Could not get a resource from the pool; nested exception is io.lettuce.core.RedisConnectionException: Unable to connect to localhost:6379
	at org.springframework.data.redis.connection.lettuce.LettuceConnectionFactory$ExceptionTranslatingConnectionProvider.translateException(LettuceConnectionFactory.java:1534)
	at org.springframework.data.redis.connection.lettuce.LettuceConnectionFactory$ExceptionTranslatingConnectionProvider.getConnection(LettuceConnectionFactory.java:1442)
	at org.springframework.data.redis.connection.lettuce.LettuceConnectionFactory$SharedConnection.getNativeConnection(LettuceConnectionFactory.java:1228)
	at org.springframework.data.redis.connection.lettuce.LettuceConnectionFactory$SharedConnection.getConnection(LettuceConnectionFactory.java:1211)
	at org.springframework.data.redis.connection.lettuce.LettuceConnectionFactory.getSharedConnection(LettuceConnectionFactory.java:975)
	at org.springframework.data.redis.connection.lettuce.LettuceConnectionFactory.getConnection(LettuceConnectionFactory.java:360)
	at org.springframework.data.redis.core.RedisConnectionUtils.doGetConnection(RedisConnectionUtils.java:134)
	at org.springframework.data.redis.core.RedisConnectionUtils.getConnection(RedisConnectionUtils.java:97)
	at org.springframework.data.redis.core.RedisConnectionUtils.getConnection(RedisConnectionUtils.java:84)
	at org.springframework.data.redis.core.RedisTemplate.execute(RedisTemplate.java:215)
	at org.springframework.data.redis.core.RedisTemplate.execute(RedisTemplate.java:188)
	at org.springframework.data.redis.core.AbstractOperations.execute(AbstractOperations.java:96)
	at org.springframework.data.redis.core.DefaultValueOperations.set(DefaultValueOperations.java:256)
	at com.xqf.srb.sms.controller.WebSmsController.send(WebSmsController.java:71)
	at sun.reflect.NativeMethodAccessorImpl.invoke0(Native Method)
	at sun.reflect.NativeMethodAccessorImpl.invoke(NativeMethodAccessorImpl.java:62)
	at sun.reflect.DelegatingMethodAccessorImpl.invoke(DelegatingMethodAccessorImpl.java:43)
	at java.lang.reflect.Method.invoke(Method.java:498)
	at org.springframework.web.method.support.InvocableHandlerMethod.doInvoke(InvocableHandlerMethod.java:190)
	at org.springframework.web.method.support.InvocableHandlerMethod.invokeForRequest(InvocableHandlerMethod.java:138)
	at org.springframework.web.servlet.mvc.method.annotation.ServletInvocableHandlerMethod.invokeAndHandle(ServletInvocableHandlerMethod.java:105)
	at org.springframework.web.servlet.mvc.method.annotation.RequestMappingHandlerAdapter.invokeHandlerMethod(RequestMappingHandlerAdapter.java:878)
	at org.springframework.web.servlet.mvc.method.annotation.RequestMappingHandlerAdapter.handleInternal(RequestMappingHandlerAdapter.java:792)
	at org.springframework.web.servlet.mvc.method.AbstractHandlerMethodAdapter.handle(AbstractHandlerMethodAdapter.java:87)
	at org.springframework.web.servlet.DispatcherServlet.doDispatch(DispatcherServlet.java:1040)
	at org.springframework.web.servlet.DispatcherServlet.doService(DispatcherServlet.java:943)
	at org.springframework.web.servlet.FrameworkServlet.processRequest(FrameworkServlet.java:1006)
	at org.springframework.web.servlet.FrameworkServlet.doGet(FrameworkServlet.java:898)
	at javax.servlet.http.HttpServlet.service(HttpServlet.java:626)
	at org.springframework.web.servlet.FrameworkServlet.service(FrameworkServlet.java:883)
	at javax.servlet.http.HttpServlet.service(HttpServlet.java:733)
	at org.apache.catalina.core.ApplicationFilterChain.internalDoFilter(ApplicationFilterChain.java:231)
	at org.apache.catalina.core.ApplicationFilterChain.doFilter(ApplicationFilterChain.java:166)
	at org.apache.tomcat.websocket.server.WsFilter.doFilter(WsFilter.java:53)
	at org.apache.catalina.core.ApplicationFilterChain.internalDoFilter(ApplicationFilterChain.java:193)
	at org.apache.catalina.core.ApplicationFilterChain.doFilter(ApplicationFilterChain.java:166)
	at org.springframework.web.filter.RequestContextFilter.doFilterInternal(RequestContextFilter.java:100)
	at org.springframework.web.filter.OncePerRequestFilter.doFilter(OncePerRequestFilter.java:119)
	at org.apache.catalina.core.ApplicationFilterChain.internalDoFilter(ApplicationFilterChain.java:193)
	at org.apache.catalina.core.ApplicationFilterChain.doFilter(ApplicationFilterChain.java:166)
	at org.springframework.web.filter.FormContentFilter.doFilterInternal(FormContentFilter.java:93)
	at org.springframework.web.filter.OncePerRequestFilter.doFilter(OncePerRequestFilter.java:119)
	at org.apache.catalina.core.ApplicationFilterChain.internalDoFilter(ApplicationFilterChain.java:193)
	at org.apache.catalina.core.ApplicationFilterChain.doFilter(ApplicationFilterChain.java:166)
	at org.springframework.web.filter.CharacterEncodingFilter.doFilterInternal(CharacterEncodingFilter.java:201)
	at org.springframework.web.filter.OncePerRequestFilter.doFilter(OncePerRequestFilter.java:119)
	at org.apache.catalina.core.ApplicationFilterChain.internalDoFilter(ApplicationFilterChain.java:193)
	at org.apache.catalina.core.ApplicationFilterChain.doFilter(ApplicationFilterChain.java:166)
	at org.apache.catalina.core.StandardWrapperValve.invoke(StandardWrapperValve.java:202)
	at org.apache.catalina.core.StandardContextValve.invoke(StandardContextValve.java:97)
	at org.apache.catalina.authenticator.AuthenticatorBase.invoke(AuthenticatorBase.java:541)
	at org.apache.catalina.core.StandardHostValve.invoke(StandardHostValve.java:143)
	at org.apache.catalina.valves.ErrorReportValve.invoke(ErrorReportValve.java:92)
	at org.apache.catalina.core.StandardEngineValve.invoke(StandardEngineValve.java:78)
	at org.apache.catalina.connector.CoyoteAdapter.service(CoyoteAdapter.java:343)
	at org.apache.coyote.http11.Http11Processor.service(Http11Processor.java:374)
	at org.apache.coyote.AbstractProcessorLight.process(AbstractProcessorLight.java:65)
	at org.apache.coyote.AbstractProtocol$ConnectionHandler.process(AbstractProtocol.java:868)
	at org.apache.tomcat.util.net.NioEndpoint$SocketProcessor.doRun(NioEndpoint.java:1590)
	at org.apache.tomcat.util.net.SocketProcessorBase.run(SocketProcessorBase.java:49)
	at java.util.concurrent.ThreadPoolExecutor.runWorker(ThreadPoolExecutor.java:1149)
	at java.util.concurrent.ThreadPoolExecutor$Worker.run(ThreadPoolExecutor.java:624)
	at org.apache.tomcat.util.threads.TaskThread$WrappingRunnable.run(TaskThread.java:61)
	at java.lang.Thread.run(Thread.java:750)
Caused by: org.springframework.data.redis.connection.PoolException: Could not get a resource from the pool; nested exception is io.lettuce.core.RedisConnectionException: Unable to connect to localhost:6379
	at org.springframework.data.redis.connection.lettuce.LettucePoolingConnectionProvider.getConnection(LettucePoolingConnectionProvider.java:109)
	at org.springframework.data.redis.connection.lettuce.LettuceConnectionFactory$ExceptionTranslatingConnectionProvider.getConnection(LettuceConnectionFactory.java:1440)
	... 62 common frames omitted
Caused by: io.lettuce.core.RedisConnectionException: Unable to connect to localhost:6379
	at io.lettuce.core.RedisConnectionException.create(RedisConnectionException.java:78)
	at io.lettuce.core.RedisConnectionException.create(RedisConnectionException.java:56)
	at io.lettuce.core.AbstractRedisClient.getConnection(AbstractRedisClient.java:242)
	at io.lettuce.core.RedisClient.connect(RedisClient.java:206)
	at org.springframework.data.redis.connection.lettuce.StandaloneConnectionProvider.lambda$getConnection$1(StandaloneConnectionProvider.java:115)
	at java.util.Optional.orElseGet(Optional.java:267)
	at org.springframework.data.redis.connection.lettuce.StandaloneConnectionProvider.getConnection(StandaloneConnectionProvider.java:115)
	at org.springframework.data.redis.connection.lettuce.LettucePoolingConnectionProvider.lambda$null$0(LettucePoolingConnectionProvider.java:97)
	at io.lettuce.core.support.ConnectionPoolSupport$RedisPooledObjectFactory.create(ConnectionPoolSupport.java:211)
	at io.lettuce.core.support.ConnectionPoolSupport$RedisPooledObjectFactory.create(ConnectionPoolSupport.java:201)
	at org.apache.commons.pool2.BasePooledObjectFactory.makeObject(BasePooledObjectFactory.java:58)
	at org.apache.commons.pool2.impl.GenericObjectPool.create(GenericObjectPool.java:899)
	at org.apache.commons.pool2.impl.GenericObjectPool.borrowObject(GenericObjectPool.java:429)
	at org.apache.commons.pool2.impl.GenericObjectPool.borrowObject(GenericObjectPool.java:354)
	at io.lettuce.core.support.ConnectionPoolSupport$1.borrowObject(ConnectionPoolSupport.java:122)
	at io.lettuce.core.support.ConnectionPoolSupport$1.borrowObject(ConnectionPoolSupport.java:117)
	at org.springframework.data.redis.connection.lettuce.LettucePoolingConnectionProvider.getConnection(LettucePoolingConnectionProvider.java:103)
	... 63 common frames omitted
Caused by: io.lettuce.core.RedisCommandExecutionException: ERR Client sent AUTH, but no password is set
	at io.lettuce.core.ExceptionFactory.createExecutionException(ExceptionFactory.java:135)
	at io.lettuce.core.ExceptionFactory.createExecutionException(ExceptionFactory.java:108)
	at io.lettuce.core.protocol.AsyncCommand.completeResult(AsyncCommand.java:118)
	at io.lettuce.core.protocol.AsyncCommand.complete(AsyncCommand.java:109)
	at io.lettuce.core.protocol.CommandHandler.complete(CommandHandler.java:680)
	at io.lettuce.core.protocol.CommandHandler.decode(CommandHandler.java:640)
	at io.lettuce.core.protocol.CommandHandler.channelRead(CommandHandler.java:591)
	at io.netty.channel.AbstractChannelHandlerContext.invokeChannelRead(AbstractChannelHandlerContext.java:379)
	at io.netty.channel.AbstractChannelHandlerContext.invokeChannelRead(AbstractChannelHandlerContext.java:365)
	at io.netty.channel.AbstractChannelHandlerContext.fireChannelRead(AbstractChannelHandlerContext.java:357)
	at io.netty.channel.DefaultChannelPipeline$HeadContext.channelRead(DefaultChannelPipeline.java:1410)
	at io.netty.channel.AbstractChannelHandlerContext.invokeChannelRead(AbstractChannelHandlerContext.java:379)
	at io.netty.channel.AbstractChannelHandlerContext.invokeChannelRead(AbstractChannelHandlerContext.java:365)
	at io.netty.channel.DefaultChannelPipeline.fireChannelRead(DefaultChannelPipeline.java:919)
	at io.netty.channel.nio.AbstractNioByteChannel$NioByteUnsafe.read(AbstractNioByteChannel.java:166)
	at io.netty.channel.nio.NioEventLoop.processSelectedKey(NioEventLoop.java:714)
	at io.netty.channel.nio.NioEventLoop.processSelectedKeysOptimized(NioEventLoop.java:650)
	at io.netty.channel.nio.NioEventLoop.processSelectedKeys(NioEventLoop.java:576)
	at io.netty.channel.nio.NioEventLoop.run(NioEventLoop.java:493)
	at io.netty.util.concurrent.SingleThreadEventExecutor$4.run(SingleThreadEventExecutor.java:989)
	at io.netty.util.internal.ThreadExecutorMap$2.run(ThreadExecutorMap.java:74)
	at io.netty.util.concurrent.FastThreadLocalRunnable.run(FastThreadLocalRunnable.java:30)
	... 1 common frames omitted
2023-01-13 17:28:33 [INFO ] restartedMain StartupInfoLogger.java:55 com.xqf.srb.sms.ServiceSmsApplication Starting ServiceSmsApplication on Xqf with PID 18368 (F:\ProgrammingTools\JetBrains\IDEA\ProJect\srb\service-sms\target\classes started by Xiao in F:\ProgrammingTools\JetBrains\IDEA\ProJect\srb)
2023-01-13 17:28:33 [INFO ] restartedMain SpringApplication.java:655 com.xqf.srb.sms.ServiceSmsApplication The following profiles are active: prod
2023-01-13 17:28:36 [INFO ] restartedMain StartupInfoLogger.java:61 com.xqf.srb.sms.ServiceSmsApplication Started ServiceSmsApplication in 2.787 seconds (JVM running for 3.768)
2023-01-13 17:28:46 [INFO ] http-nio-8120-exec-1 SmsServiceImpl.java:71 com.xqf.srb.sms.service.impl.SmsServiceImpl 阿里云短信发送响应结果：
2023-01-13 17:28:46 [INFO ] http-nio-8120-exec-1 SmsServiceImpl.java:72 com.xqf.srb.sms.service.impl.SmsServiceImpl code：OK
2023-01-13 17:28:46 [INFO ] http-nio-8120-exec-1 SmsServiceImpl.java:73 com.xqf.srb.sms.service.impl.SmsServiceImpl message：OK
2023-01-13 17:35:25 [INFO ] restartedMain StartupInfoLogger.java:55 com.xqf.srb.sms.ServiceSmsApplication Starting ServiceSmsApplication on Xqf with PID 18368 (F:\ProgrammingTools\JetBrains\IDEA\ProJect\srb\service-sms\target\classes started by Xiao in F:\ProgrammingTools\JetBrains\IDEA\ProJect\srb)
2023-01-13 17:35:25 [INFO ] restartedMain SpringApplication.java:655 com.xqf.srb.sms.ServiceSmsApplication The following profiles are active: prod
2023-01-13 17:35:27 [INFO ] restartedMain StartupInfoLogger.java:55 com.xqf.srb.sms.ServiceSmsApplication Starting ServiceSmsApplication on Xqf with PID 18368 (F:\ProgrammingTools\JetBrains\IDEA\ProJect\srb\service-sms\target\classes started by Xiao in F:\ProgrammingTools\JetBrains\IDEA\ProJect\srb)
2023-01-13 17:35:27 [INFO ] restartedMain SpringApplication.java:655 com.xqf.srb.sms.ServiceSmsApplication The following profiles are active: prod
2023-01-13 17:35:44 [INFO ] restartedMain StartupInfoLogger.java:55 com.xqf.srb.sms.ServiceSmsApplication Starting ServiceSmsApplication on Xqf with PID 18368 (F:\ProgrammingTools\JetBrains\IDEA\ProJect\srb\service-sms\target\classes started by Xiao in F:\ProgrammingTools\JetBrains\IDEA\ProJect\srb)
2023-01-13 17:35:44 [INFO ] restartedMain SpringApplication.java:655 com.xqf.srb.sms.ServiceSmsApplication The following profiles are active: prod
2023-01-13 17:36:01 [INFO ] restartedMain StartupInfoLogger.java:55 com.xqf.srb.sms.ServiceSmsApplication Starting ServiceSmsApplication on Xqf with PID 18368 (F:\ProgrammingTools\JetBrains\IDEA\ProJect\srb\service-sms\target\classes started by Xiao in F:\ProgrammingTools\JetBrains\IDEA\ProJect\srb)
2023-01-13 17:36:01 [INFO ] restartedMain SpringApplication.java:655 com.xqf.srb.sms.ServiceSmsApplication The following profiles are active: prod
2023-01-13 17:38:07 [INFO ] restartedMain StartupInfoLogger.java:55 com.xqf.srb.sms.ServiceSmsApplication Starting ServiceSmsApplication on Xqf with PID 18368 (F:\ProgrammingTools\JetBrains\IDEA\ProJect\srb\service-sms\target\classes started by Xiao in F:\ProgrammingTools\JetBrains\IDEA\ProJect\srb)
2023-01-13 17:38:07 [INFO ] restartedMain SpringApplication.java:655 com.xqf.srb.sms.ServiceSmsApplication The following profiles are active: prod
2023-01-13 17:42:23 [INFO ] restartedMain StartupInfoLogger.java:55 com.xqf.srb.sms.ServiceSmsApplication Starting ServiceSmsApplication on Xqf with PID 18368 (F:\ProgrammingTools\JetBrains\IDEA\ProJect\srb\service-sms\target\classes started by Xiao in F:\ProgrammingTools\JetBrains\IDEA\ProJect\srb)
2023-01-13 17:42:23 [INFO ] restartedMain SpringApplication.java:655 com.xqf.srb.sms.ServiceSmsApplication The following profiles are active: prod
2023-01-13 17:42:58 [INFO ] restartedMain StartupInfoLogger.java:55 com.xqf.srb.sms.ServiceSmsApplication Starting ServiceSmsApplication on Xqf with PID 18368 (F:\ProgrammingTools\JetBrains\IDEA\ProJect\srb\service-sms\target\classes started by Xiao in F:\ProgrammingTools\JetBrains\IDEA\ProJect\srb)
2023-01-13 17:42:58 [INFO ] restartedMain SpringApplication.java:655 com.xqf.srb.sms.ServiceSmsApplication The following profiles are active: prod
2023-01-13 17:43:33 [INFO ] restartedMain StartupInfoLogger.java:55 com.xqf.srb.sms.ServiceSmsApplication Starting ServiceSmsApplication on Xqf with PID 18368 (F:\ProgrammingTools\JetBrains\IDEA\ProJect\srb\service-sms\target\classes started by Xiao in F:\ProgrammingTools\JetBrains\IDEA\ProJect\srb)
2023-01-13 17:43:33 [INFO ] restartedMain SpringApplication.java:655 com.xqf.srb.sms.ServiceSmsApplication The following profiles are active: prod
2023-01-13 17:46:12 [INFO ] restartedMain StartupInfoLogger.java:55 com.xqf.srb.sms.ServiceSmsApplication Starting ServiceSmsApplication on Xqf with PID 18368 (F:\ProgrammingTools\JetBrains\IDEA\ProJect\srb\service-sms\target\classes started by Xiao in F:\ProgrammingTools\JetBrains\IDEA\ProJect\srb)
2023-01-13 17:46:12 [INFO ] restartedMain SpringApplication.java:655 com.xqf.srb.sms.ServiceSmsApplication The following profiles are active: prod
2023-01-13 17:46:40 [INFO ] restartedMain StartupInfoLogger.java:55 com.xqf.srb.sms.ServiceSmsApplication Starting ServiceSmsApplication on Xqf with PID 18368 (F:\ProgrammingTools\JetBrains\IDEA\ProJect\srb\service-sms\target\classes started by Xiao in F:\ProgrammingTools\JetBrains\IDEA\ProJect\srb)
2023-01-13 17:46:40 [INFO ] restartedMain SpringApplication.java:655 com.xqf.srb.sms.ServiceSmsApplication The following profiles are active: prod
2023-01-13 17:47:00 [INFO ] restartedMain StartupInfoLogger.java:55 com.xqf.srb.sms.ServiceSmsApplication Starting ServiceSmsApplication on Xqf with PID 18368 (F:\ProgrammingTools\JetBrains\IDEA\ProJect\srb\service-sms\target\classes started by Xiao in F:\ProgrammingTools\JetBrains\IDEA\ProJect\srb)
2023-01-13 17:47:00 [INFO ] restartedMain SpringApplication.java:655 com.xqf.srb.sms.ServiceSmsApplication The following profiles are active: prod
2023-01-13 17:47:00 [INFO ] restartedMain StartupInfoLogger.java:61 com.xqf.srb.sms.ServiceSmsApplication Started ServiceSmsApplication in 0.762 seconds (JVM running for 1108.602)
2023-01-13 17:47:13 [INFO ] http-nio-8120-exec-1 SmsServiceImpl.java:72 com.xqf.srb.sms.service.impl.SmsServiceImpl 阿里云短信发送响应结果：
2023-01-13 17:47:13 [INFO ] http-nio-8120-exec-1 SmsServiceImpl.java:73 com.xqf.srb.sms.service.impl.SmsServiceImpl code：OK
2023-01-13 17:47:13 [INFO ] http-nio-8120-exec-1 SmsServiceImpl.java:74 com.xqf.srb.sms.service.impl.SmsServiceImpl message：OK
2023-01-13 17:47:15 [INFO ] http-nio-8120-exec-2 SmsServiceImpl.java:72 com.xqf.srb.sms.service.impl.SmsServiceImpl 阿里云短信发送响应结果：
2023-01-13 17:47:15 [INFO ] http-nio-8120-exec-2 SmsServiceImpl.java:73 com.xqf.srb.sms.service.impl.SmsServiceImpl code：isv.BUSINESS_LIMIT_CONTROL
2023-01-13 17:47:15 [INFO ] http-nio-8120-exec-2 SmsServiceImpl.java:74 com.xqf.srb.sms.service.impl.SmsServiceImpl message：触发分钟级流控Permits:1
2023-01-13 17:47:15 [ERROR] http-nio-8120-exec-2 UnifiedExceptionHandler.java:50 com.xqf.common.exception.UnifiedExceptionHandler 短信发送失败
2023-01-13 17:50:42 [INFO ] http-nio-8120-exec-4 SmsServiceImpl.java:72 com.xqf.srb.sms.service.impl.SmsServiceImpl 阿里云短信发送响应结果：
2023-01-13 17:50:42 [INFO ] http-nio-8120-exec-4 SmsServiceImpl.java:73 com.xqf.srb.sms.service.impl.SmsServiceImpl code：isv.BUSINESS_LIMIT_CONTROL
2023-01-13 17:50:42 [INFO ] http-nio-8120-exec-4 SmsServiceImpl.java:74 com.xqf.srb.sms.service.impl.SmsServiceImpl message：触发小时级流控Permits:5
2023-01-13 17:50:42 [ERROR] http-nio-8120-exec-4 UnifiedExceptionHandler.java:50 com.xqf.common.exception.UnifiedExceptionHandler 短信发送失败
2023-01-13 17:52:38 [INFO ] restartedMain StartupInfoLogger.java:55 com.xqf.srb.sms.ServiceSmsApplication Starting ServiceSmsApplication on Xqf with PID 21392 (F:\ProgrammingTools\JetBrains\IDEA\ProJect\srb\service-sms\target\classes started by Xiao in F:\ProgrammingTools\JetBrains\IDEA\ProJect\srb)
2023-01-13 17:52:38 [INFO ] restartedMain SpringApplication.java:655 com.xqf.srb.sms.ServiceSmsApplication The following profiles are active: prod
2023-01-13 17:52:40 [INFO ] restartedMain StartupInfoLogger.java:61 com.xqf.srb.sms.ServiceSmsApplication Started ServiceSmsApplication in 3.323 seconds (JVM running for 4.735)
2023-01-13 17:56:02 [INFO ] http-nio-8120-exec-1 SmsServiceImpl.java:72 com.xqf.srb.sms.service.impl.SmsServiceImpl 阿里云短信发送响应结果：
2023-01-13 17:56:02 [INFO ] http-nio-8120-exec-1 SmsServiceImpl.java:73 com.xqf.srb.sms.service.impl.SmsServiceImpl code：isv.BUSINESS_LIMIT_CONTROL
2023-01-13 17:56:02 [INFO ] http-nio-8120-exec-1 SmsServiceImpl.java:74 com.xqf.srb.sms.service.impl.SmsServiceImpl message：触发小时级流控Permits:5
2023-01-13 17:56:02 [ERROR] http-nio-8120-exec-1 UnifiedExceptionHandler.java:50 com.xqf.common.exception.UnifiedExceptionHandler 短信发送失败
2023-01-13 17:59:42 [INFO ] restartedMain StartupInfoLogger.java:55 com.xqf.srb.sms.ServiceSmsApplication Starting ServiceSmsApplication on Xqf with PID 20968 (F:\ProgrammingTools\JetBrains\IDEA\ProJect\srb\service-sms\target\classes started by Xiao in F:\ProgrammingTools\JetBrains\IDEA\ProJect\srb)
2023-01-13 17:59:42 [INFO ] restartedMain SpringApplication.java:655 com.xqf.srb.sms.ServiceSmsApplication The following profiles are active: prod
2023-01-13 17:59:44 [INFO ] restartedMain StartupInfoLogger.java:61 com.xqf.srb.sms.ServiceSmsApplication Started ServiceSmsApplication in 2.548 seconds (JVM running for 3.558)
2023-01-13 17:59:48 [INFO ] http-nio-8120-exec-1 SmsServiceImpl.java:72 com.xqf.srb.sms.service.impl.SmsServiceImpl 阿里云短信发送响应结果：
2023-01-13 17:59:48 [INFO ] http-nio-8120-exec-1 SmsServiceImpl.java:73 com.xqf.srb.sms.service.impl.SmsServiceImpl code：isv.BUSINESS_LIMIT_CONTROL
2023-01-13 17:59:48 [INFO ] http-nio-8120-exec-1 SmsServiceImpl.java:74 com.xqf.srb.sms.service.impl.SmsServiceImpl message：触发小时级流控Permits:5
2023-01-13 17:59:48 [ERROR] http-nio-8120-exec-1 UnifiedExceptionHandler.java:50 com.xqf.common.exception.UnifiedExceptionHandler 短信发送失败
2023-01-13 17:59:52 [INFO ] http-nio-8120-exec-2 SmsServiceImpl.java:72 com.xqf.srb.sms.service.impl.SmsServiceImpl 阿里云短信发送响应结果：
2023-01-13 17:59:52 [INFO ] http-nio-8120-exec-2 SmsServiceImpl.java:73 com.xqf.srb.sms.service.impl.SmsServiceImpl code：isv.BUSINESS_LIMIT_CONTROL
2023-01-13 17:59:52 [INFO ] http-nio-8120-exec-2 SmsServiceImpl.java:74 com.xqf.srb.sms.service.impl.SmsServiceImpl message：触发小时级流控Permits:5
2023-01-13 17:59:52 [ERROR] http-nio-8120-exec-2 UnifiedExceptionHandler.java:50 com.xqf.common.exception.UnifiedExceptionHandler 短信发送失败
2023-01-13 18:02:10 [INFO ] restartedMain StartupInfoLogger.java:55 com.xqf.srb.sms.ServiceSmsApplication Starting ServiceSmsApplication on Xqf with PID 20968 (F:\ProgrammingTools\JetBrains\IDEA\ProJect\srb\service-sms\target\classes started by Xiao in F:\ProgrammingTools\JetBrains\IDEA\ProJect\srb)
2023-01-13 18:02:10 [INFO ] restartedMain SpringApplication.java:655 com.xqf.srb.sms.ServiceSmsApplication The following profiles are active: prod
2023-01-13 18:02:12 [INFO ] restartedMain StartupInfoLogger.java:55 com.xqf.srb.sms.ServiceSmsApplication Starting ServiceSmsApplication on Xqf with PID 20968 (F:\ProgrammingTools\JetBrains\IDEA\ProJect\srb\service-sms\target\classes started by Xiao in F:\ProgrammingTools\JetBrains\IDEA\ProJect\srb)
2023-01-13 18:02:12 [INFO ] restartedMain SpringApplication.java:655 com.xqf.srb.sms.ServiceSmsApplication The following profiles are active: prod
2023-01-13 18:02:13 [INFO ] restartedMain StartupInfoLogger.java:61 com.xqf.srb.sms.ServiceSmsApplication Started ServiceSmsApplication in 0.697 seconds (JVM running for 152.514)
2023-01-13 18:03:13 [INFO ] http-nio-8120-exec-1 SmsServiceImpl.java:72 com.xqf.srb.sms.service.impl.SmsServiceImpl 阿里云短信发送响应结果：
2023-01-13 18:03:13 [INFO ] http-nio-8120-exec-1 SmsServiceImpl.java:73 com.xqf.srb.sms.service.impl.SmsServiceImpl code：OK
2023-01-13 18:03:13 [INFO ] http-nio-8120-exec-1 SmsServiceImpl.java:74 com.xqf.srb.sms.service.impl.SmsServiceImpl message：OK
2023-01-13 18:03:37 [INFO ] restartedMain StartupInfoLogger.java:55 com.xqf.srb.sms.ServiceSmsApplication Starting ServiceSmsApplication on Xqf with PID 17460 (F:\ProgrammingTools\JetBrains\IDEA\ProJect\srb\service-sms\target\classes started by Xiao in F:\ProgrammingTools\JetBrains\IDEA\ProJect\srb)
2023-01-13 18:03:38 [INFO ] restartedMain SpringApplication.java:655 com.xqf.srb.sms.ServiceSmsApplication The following profiles are active: prod
2023-01-13 18:03:40 [INFO ] restartedMain StartupInfoLogger.java:61 com.xqf.srb.sms.ServiceSmsApplication Started ServiceSmsApplication in 3.099 seconds (JVM running for 5.841)
2023-01-13 18:03:44 [INFO ] http-nio-8120-exec-1 SmsServiceImpl.java:72 com.xqf.srb.sms.service.impl.SmsServiceImpl 阿里云短信发送响应结果：
2023-01-13 18:03:44 [INFO ] http-nio-8120-exec-1 SmsServiceImpl.java:73 com.xqf.srb.sms.service.impl.SmsServiceImpl code：isv.BUSINESS_LIMIT_CONTROL
2023-01-13 18:04:13 [INFO ] http-nio-8120-exec-1 SmsServiceImpl.java:74 com.xqf.srb.sms.service.impl.SmsServiceImpl message：触发分钟级流控Permits:1
2023-01-13 18:06:18 [ERROR] http-nio-8120-exec-1 UnifiedExceptionHandler.java:50 com.xqf.common.exception.UnifiedExceptionHandler 短信发送失败
2023-01-13 18:06:18 [INFO ] http-nio-8120-exec-4 SmsServiceImpl.java:72 com.xqf.srb.sms.service.impl.SmsServiceImpl 阿里云短信发送响应结果：
2023-01-13 18:06:18 [INFO ] http-nio-8120-exec-4 SmsServiceImpl.java:73 com.xqf.srb.sms.service.impl.SmsServiceImpl code：OK
2023-01-13 18:06:18 [INFO ] http-nio-8120-exec-4 SmsServiceImpl.java:74
com.xqf.srb.sms.service.impl.SmsServiceImpl message：OK
2023-01-13 18:06:20 [INFO ] restartedMain StartupInfoLogger.java:55 com.xqf.srb.sms.ServiceSmsApplication Starting ServiceSmsApplication on Xqf with PID 17460 (F:\ProgrammingTools\JetBrains\IDEA\ProJect\srb\service-sms\target\classes started by Xiao in F:\ProgrammingTools\JetBrains\IDEA\ProJect\srb)
2023-01-13 18:06:20 [INFO ] restartedMain SpringApplication.java:655 com.xqf.srb.sms.ServiceSmsApplication The following profiles are active: prod
2023-01-13 18:06:20 [INFO ] restartedMain StartupInfoLogger.java:61 com.xqf.srb.sms.ServiceSmsApplication Started ServiceSmsApplication in 0.563 seconds (JVM running for 166.077)
2023-01-13 18:06:25 [INFO ] http-nio-8120-exec-1 SmsServiceImpl.java:72 com.xqf.srb.sms.service.impl.SmsServiceImpl 阿里云短信发送响应结果：
2023-01-13 18:06:25 [INFO ] http-nio-8120-exec-1 SmsServiceImpl.java:73 com.xqf.srb.sms.service.impl.SmsServiceImpl code：isv.BUSINESS_LIMIT_CONTROL
2023-01-13 18:06:25 [INFO ] http-nio-8120-exec-1 SmsServiceImpl.java:74 com.xqf.srb.sms.service.impl.SmsServiceImpl message：触发分钟级流控Permits:1
2023-01-13 18:06:25 [ERROR] http-nio-8120-exec-1 UnifiedExceptionHandler.java:50 com.xqf.common.exception.UnifiedExceptionHandler 短信发送过于频繁
2023-01-13 20:18:59 [INFO ] restartedMain StartupInfoLogger.java:55 com.xqf.srb.sms.ServiceSmsApplication Starting ServiceSmsApplication on Xqf with PID 17460 (F:\ProgrammingTools\JetBrains\IDEA\ProJect\srb\service-sms\target\classes started by Xiao in F:\ProgrammingTools\JetBrains\IDEA\ProJect\srb)
2023-01-13 20:18:59 [INFO ] restartedMain SpringApplication.java:655 com.xqf.srb.sms.ServiceSmsApplication The following profiles are active: prod
2023-01-13 20:18:59 [INFO ] restartedMain StartupInfoLogger.java:61 com.xqf.srb.sms.ServiceSmsApplication Started ServiceSmsApplication in 0.732 seconds (JVM running for 8125.272)
2023-01-13 20:19:42 [INFO ] restartedMain StartupInfoLogger.java:55 com.xqf.srb.sms.ServiceSmsApplication Starting ServiceSmsApplication on Xqf with PID 17460 (F:\ProgrammingTools\JetBrains\IDEA\ProJect\srb\service-sms\target\classes started by Xiao in F:\ProgrammingTools\JetBrains\IDEA\ProJect\srb)
2023-01-13 20:19:42 [INFO ] restartedMain SpringApplication.java:655 com.xqf.srb.sms.ServiceSmsApplication The following profiles are active: prod
2023-01-13 20:19:43 [INFO ] restartedMain StartupInfoLogger.java:61 com.xqf.srb.sms.ServiceSmsApplication Started ServiceSmsApplication in 0.562 seconds (JVM running for 8168.406)
2023-01-13 20:20:16 [INFO ] http-nio-8120-exec-2 SmsServiceImpl.java:72 com.xqf.srb.sms.service.impl.SmsServiceImpl 阿里云短信发送响应结果：
2023-01-13 20:20:16 [INFO ] http-nio-8120-exec-2 SmsServiceImpl.java:73 com.xqf.srb.sms.service.impl.SmsServiceImpl code：OK
2023-01-13 20:20:16 [INFO ] http-nio-8120-exec-2 SmsServiceImpl.java:74 com.xqf.srb.sms.service.impl.SmsServiceImpl message：OK
2023-01-13 20:22:25 [INFO ] restartedMain StartupInfoLogger.java:55 com.xqf.srb.sms.ServiceSmsApplication Starting ServiceSmsApplication on Xqf with PID 17460 (F:\ProgrammingTools\JetBrains\IDEA\ProJect\srb\service-sms\target\classes started by Xiao in F:\ProgrammingTools\JetBrains\IDEA\ProJect\srb)
2023-01-13 20:22:25 [INFO ] restartedMain SpringApplication.java:655 com.xqf.srb.sms.ServiceSmsApplication The following profiles are active: prod
2023-01-13 20:22:25 [INFO ] restartedMain StartupInfoLogger.java:61 com.xqf.srb.sms.ServiceSmsApplication Started ServiceSmsApplication in 0.545 seconds (JVM running for 8331.284)
2023-01-13 20:22:56 [INFO ] restartedMain StartupInfoLogger.java:55 com.xqf.srb.sms.ServiceSmsApplication Starting ServiceSmsApplication on Xqf with PID 17460 (F:\ProgrammingTools\JetBrains\IDEA\ProJect\srb\service-sms\target\classes started by Xiao in F:\ProgrammingTools\JetBrains\IDEA\ProJect\srb)
2023-01-13 20:22:56 [INFO ] restartedMain SpringApplication.java:655 com.xqf.srb.sms.ServiceSmsApplication The following profiles are active: prod
2023-01-13 20:22:57 [INFO ] restartedMain StartupInfoLogger.java:61 com.xqf.srb.sms.ServiceSmsApplication Started ServiceSmsApplication in 0.7 seconds (JVM running for 8362.387)
2023-01-13 21:51:55 [INFO ] restartedMain StartupInfoLogger.java:55 com.xqf.srb.sms.ServiceSmsApplication Starting ServiceSmsApplication on Xqf with PID 17460 (F:\ProgrammingTools\JetBrains\IDEA\ProJect\srb\service-sms\target\classes started by Xiao in F:\ProgrammingTools\JetBrains\IDEA\ProJect\srb)
2023-01-13 21:51:55 [INFO ] restartedMain SpringApplication.java:655 com.xqf.srb.sms.ServiceSmsApplication The following profiles are active: prod
2023-01-13 21:51:55 [INFO ] restartedMain StartupInfoLogger.java:61 com.xqf.srb.sms.ServiceSmsApplication Started ServiceSmsApplication in 0.971 seconds (JVM running for 13701.341)
2023-01-13 21:52:00 [INFO ] restartedMain StartupInfoLogger.java:55 com.xqf.srb.sms.ServiceSmsApplication Starting ServiceSmsApplication on Xqf with PID 17460 (F:\ProgrammingTools\JetBrains\IDEA\ProJect\srb\service-sms\target\classes started by Xiao in F:\ProgrammingTools\JetBrains\IDEA\ProJect\srb)
2023-01-13 21:52:00 [INFO ] restartedMain SpringApplication.java:655 com.xqf.srb.sms.ServiceSmsApplication The following profiles are active: prod
2023-01-13 21:52:00 [INFO ] restartedMain StartupInfoLogger.java:61 com.xqf.srb.sms.ServiceSmsApplication Started ServiceSmsApplication in 0.572 seconds (JVM running for 13705.883)
2023-01-13 22:19:25 [INFO ] restartedMain StartupInfoLogger.java:55 com.xqf.srb.sms.ServiceSmsApplication Starting ServiceSmsApplication on Xqf with PID 17460 (F:\ProgrammingTools\JetBrains\IDEA\ProJect\srb\service-sms\target\classes started by Xiao in F:\ProgrammingTools\JetBrains\IDEA\ProJect\srb)
2023-01-13 22:19:25 [INFO ] restartedMain SpringApplication.java:655 com.xqf.srb.sms.ServiceSmsApplication The following profiles are active: prod
2023-01-13 22:19:28 [INFO ] restartedMain StartupInfoLogger.java:55 com.xqf.srb.sms.ServiceSmsApplication Starting ServiceSmsApplication on Xqf with PID 17460 (F:\ProgrammingTools\JetBrains\IDEA\ProJect\srb\service-sms\target\classes started by Xiao in F:\ProgrammingTools\JetBrains\IDEA\ProJect\srb)
2023-01-13 22:19:28 [INFO ] restartedMain SpringApplication.java:655 com.xqf.srb.sms.ServiceSmsApplication The following profiles are active: prod
2023-01-13 22:19:28 [INFO ] restartedMain StartupInfoLogger.java:61 com.xqf.srb.sms.ServiceSmsApplication Started ServiceSmsApplication in 0.843 seconds (JVM running for 15354.213)
2023-01-13 22:21:41 [INFO ] restartedMain StartupInfoLogger.java:55 com.xqf.srb.sms.ServiceSmsApplication Starting ServiceSmsApplication on Xqf with PID 17460 (F:\ProgrammingTools\JetBrains\IDEA\ProJect\srb\service-sms\target\classes started by Xiao in F:\ProgrammingTools\JetBrains\IDEA\ProJect\srb)
2023-01-13 22:21:41 [INFO ] restartedMain SpringApplication.java:655 com.xqf.srb.sms.ServiceSmsApplication The following profiles are active: prod
2023-01-13 22:21:44 [INFO ] restartedMain StartupInfoLogger.java:55 com.xqf.srb.sms.ServiceSmsApplication Starting ServiceSmsApplication on Xqf with PID 17460 (F:\ProgrammingTools\JetBrains\IDEA\ProJect\srb\service-sms\target\classes started by Xiao in F:\ProgrammingTools\JetBrains\IDEA\ProJect\srb)
2023-01-13 22:21:44 [INFO ] restartedMain SpringApplication.java:655 com.xqf.srb.sms.ServiceSmsApplication The following profiles are active: prod
2023-01-13 22:21:45 [INFO ] restartedMain StartupInfoLogger.java:61 com.xqf.srb.sms.ServiceSmsApplication Started ServiceSmsApplication in 0.879 seconds (JVM running for 15490.513)
