2023-01-14 16:37:04 [INFO ] restartedMain StartupInfoLogger.java:55 com.xqf.srb.sms.ServiceSmsApplication Starting ServiceSmsApplication on Xqf with PID 6608 (F:\ProgrammingTools\JetBrains\IDEA\ProJect\srb\service-sms\target\classes started by Xiao in F:\ProgrammingTools\JetBrains\IDEA\ProJect\srb)
2023-01-14 16:37:04 [INFO ] restartedMain SpringApplication.java:655 com.xqf.srb.sms.ServiceSmsApplication The following profiles are active: prod
2023-01-14 16:37:07 [INFO ] restartedMain StartupInfoLogger.java:61 com.xqf.srb.sms.ServiceSmsApplication Started ServiceSmsApplication in 3.389 seconds (JVM running for 4.589)
2023-01-14 16:37:54 [INFO ] http-nio-8120-exec-1 SmsServiceImpl.java:72 com.xqf.srb.sms.service.SmsServiceImpl 阿里云短信发送响应结果：
2023-01-14 16:37:54 [INFO ] http-nio-8120-exec-1 SmsServiceImpl.java:73 com.xqf.srb.sms.service.SmsServiceImpl code：OK
2023-01-14 16:37:54 [INFO ] http-nio-8120-exec-1 SmsServiceImpl.java:74 com.xqf.srb.sms.service.SmsServiceImpl message：OK
2023-01-14 16:37:57 [ERROR] http-nio-8120-exec-1 UnifiedExceptionHandler.java:35 com.xqf.common.exception.UnifiedExceptionHandler Unable to connect to Redis; nested exception is org.springframework.data.redis.connection.PoolException: Could not get a resource from the pool; nested exception is io.lettuce.core.RedisConnectionException: Unable to connect to localhost:6379
org.springframework.data.redis.RedisConnectionFailureException: Unable to connect to Redis; nested exception is org.springframework.data.redis.connection.PoolException: Could not get a resource from the pool; nested exception is io.lettuce.core.RedisConnectionException: Unable to connect to localhost:6379
	at org.springframework.data.redis.connection.lettuce.LettuceConnectionFactory$ExceptionTranslatingConnectionProvider.translateException(LettuceConnectionFactory.java:1534)
	at org.springframework.data.redis.connection.lettuce.LettuceConnectionFactory$ExceptionTranslatingConnectionProvider.getConnection(LettuceConnectionFactory.java:1442)
	at org.springframework.data.redis.connection.lettuce.LettuceConnectionFactory$SharedConnection.getNativeConnection(LettuceConnectionFactory.java:1228)
	at org.springframework.data.redis.connection.lettuce.LettuceConnectionFactory$SharedConnection.getConnection(LettuceConnectionFactory.java:1211)
	at org.springframework.data.redis.connection.lettuce.LettuceConnectionFactory.getSharedConnection(LettuceConnectionFactory.java:975)
	at org.springframework.data.redis.connection.lettuce.LettuceConnectionFactory.getConnection(LettuceConnectionFactory.java:360)
	at org.springframework.data.redis.core.RedisConnectionUtils.doGetConnection(RedisConnectionUtils.java:134)
	at org.springframework.data.redis.core.RedisConnectionUtils.getConnection(RedisConnectionUtils.java:97)
	at org.springframework.data.redis.core.RedisConnectionUtils.getConnection(RedisConnectionUtils.java:84)
	at org.springframework.data.redis.core.RedisTemplate.execute(RedisTemplate.java:215)
	at org.springframework.data.redis.core.RedisTemplate.execute(RedisTemplate.java:188)
	at org.springframework.data.redis.core.AbstractOperations.execute(AbstractOperations.java:96)
	at org.springframework.data.redis.core.DefaultValueOperations.set(DefaultValueOperations.java:256)
	at com.xqf.srb.sms.controller.WebSmsController.send(WebSmsController.java:66)
	at sun.reflect.NativeMethodAccessorImpl.invoke0(Native Method)
	at sun.reflect.NativeMethodAccessorImpl.invoke(NativeMethodAccessorImpl.java:62)
	at sun.reflect.DelegatingMethodAccessorImpl.invoke(DelegatingMethodAccessorImpl.java:43)
	at java.lang.reflect.Method.invoke(Method.java:498)
	at org.springframework.web.method.support.InvocableHandlerMethod.doInvoke(InvocableHandlerMethod.java:190)
	at org.springframework.web.method.support.InvocableHandlerMethod.invokeForRequest(InvocableHandlerMethod.java:138)
	at org.springframework.web.servlet.mvc.method.annotation.ServletInvocableHandlerMethod.invokeAndHandle(ServletInvocableHandlerMethod.java:105)
	at org.springframework.web.servlet.mvc.method.annotation.RequestMappingHandlerAdapter.invokeHandlerMethod(RequestMappingHandlerAdapter.java:878)
	at org.springframework.web.servlet.mvc.method.annotation.RequestMappingHandlerAdapter.handleInternal(RequestMappingHandlerAdapter.java:792)
	at org.springframework.web.servlet.mvc.method.AbstractHandlerMethodAdapter.handle(AbstractHandlerMethodAdapter.java:87)
	at org.springframework.web.servlet.DispatcherServlet.doDispatch(DispatcherServlet.java:1040)
	at org.springframework.web.servlet.DispatcherServlet.doService(DispatcherServlet.java:943)
	at org.springframework.web.servlet.FrameworkServlet.processRequest(FrameworkServlet.java:1006)
	at org.springframework.web.servlet.FrameworkServlet.doGet(FrameworkServlet.java:898)
	at javax.servlet.http.HttpServlet.service(HttpServlet.java:626)
	at org.springframework.web.servlet.FrameworkServlet.service(FrameworkServlet.java:883)
	at javax.servlet.http.HttpServlet.service(HttpServlet.java:733)
	at org.apache.catalina.core.ApplicationFilterChain.internalDoFilter(ApplicationFilterChain.java:231)
	at org.apache.catalina.core.ApplicationFilterChain.doFilter(ApplicationFilterChain.java:166)
	at org.apache.tomcat.websocket.server.WsFilter.doFilter(WsFilter.java:53)
	at org.apache.catalina.core.ApplicationFilterChain.internalDoFilter(ApplicationFilterChain.java:193)
	at org.apache.catalina.core.ApplicationFilterChain.doFilter(ApplicationFilterChain.java:166)
	at org.springframework.web.filter.RequestContextFilter.doFilterInternal(RequestContextFilter.java:100)
	at org.springframework.web.filter.OncePerRequestFilter.doFilter(OncePerRequestFilter.java:119)
	at org.apache.catalina.core.ApplicationFilterChain.internalDoFilter(ApplicationFilterChain.java:193)
	at org.apache.catalina.core.ApplicationFilterChain.doFilter(ApplicationFilterChain.java:166)
	at org.springframework.web.filter.FormContentFilter.doFilterInternal(FormContentFilter.java:93)
	at org.springframework.web.filter.OncePerRequestFilter.doFilter(OncePerRequestFilter.java:119)
	at org.apache.catalina.core.ApplicationFilterChain.internalDoFilter(ApplicationFilterChain.java:193)
	at org.apache.catalina.core.ApplicationFilterChain.doFilter(ApplicationFilterChain.java:166)
	at org.springframework.web.filter.CharacterEncodingFilter.doFilterInternal(CharacterEncodingFilter.java:201)
	at org.springframework.web.filter.OncePerRequestFilter.doFilter(OncePerRequestFilter.java:119)
	at org.apache.catalina.core.ApplicationFilterChain.internalDoFilter(ApplicationFilterChain.java:193)
	at org.apache.catalina.core.ApplicationFilterChain.doFilter(ApplicationFilterChain.java:166)
	at org.apache.catalina.core.StandardWrapperValve.invoke(StandardWrapperValve.java:202)
	at org.apache.catalina.core.StandardContextValve.invoke(StandardContextValve.java:97)
	at org.apache.catalina.authenticator.AuthenticatorBase.invoke(AuthenticatorBase.java:541)
	at org.apache.catalina.core.StandardHostValve.invoke(StandardHostValve.java:143)
	at org.apache.catalina.valves.ErrorReportValve.invoke(ErrorReportValve.java:92)
	at org.apache.catalina.core.StandardEngineValve.invoke(StandardEngineValve.java:78)
	at org.apache.catalina.connector.CoyoteAdapter.service(CoyoteAdapter.java:343)
	at org.apache.coyote.http11.Http11Processor.service(Http11Processor.java:374)
	at org.apache.coyote.AbstractProcessorLight.process(AbstractProcessorLight.java:65)
	at org.apache.coyote.AbstractProtocol$ConnectionHandler.process(AbstractProtocol.java:868)
	at org.apache.tomcat.util.net.NioEndpoint$SocketProcessor.doRun(NioEndpoint.java:1590)
	at org.apache.tomcat.util.net.SocketProcessorBase.run(SocketProcessorBase.java:49)
	at java.util.concurrent.ThreadPoolExecutor.runWorker(ThreadPoolExecutor.java:1149)
	at java.util.concurrent.ThreadPoolExecutor$Worker.run(ThreadPoolExecutor.java:624)
	at org.apache.tomcat.util.threads.TaskThread$WrappingRunnable.run(TaskThread.java:61)
	at java.lang.Thread.run(Thread.java:750)
Caused by: org.springframework.data.redis.connection.PoolException: Could not get a resource from the pool; nested exception is io.lettuce.core.RedisConnectionException: Unable to connect to localhost:6379
	at org.springframework.data.redis.connection.lettuce.LettucePoolingConnectionProvider.getConnection(LettucePoolingConnectionProvider.java:109)
	at org.springframework.data.redis.connection.lettuce.LettuceConnectionFactory$ExceptionTranslatingConnectionProvider.getConnection(LettuceConnectionFactory.java:1440)
	... 62 common frames omitted
Caused by: io.lettuce.core.RedisConnectionException: Unable to connect to localhost:6379
	at io.lettuce.core.RedisConnectionException.create(RedisConnectionException.java:78)
	at io.lettuce.core.RedisConnectionException.create(RedisConnectionException.java:56)
	at io.lettuce.core.AbstractRedisClient.getConnection(AbstractRedisClient.java:242)
	at io.lettuce.core.RedisClient.connect(RedisClient.java:206)
	at org.springframework.data.redis.connection.lettuce.StandaloneConnectionProvider.lambda$getConnection$1(StandaloneConnectionProvider.java:115)
	at java.util.Optional.orElseGet(Optional.java:267)
	at org.springframework.data.redis.connection.lettuce.StandaloneConnectionProvider.getConnection(StandaloneConnectionProvider.java:115)
	at org.springframework.data.redis.connection.lettuce.LettucePoolingConnectionProvider.lambda$null$0(LettucePoolingConnectionProvider.java:97)
	at io.lettuce.core.support.ConnectionPoolSupport$RedisPooledObjectFactory.create(ConnectionPoolSupport.java:211)
	at io.lettuce.core.support.ConnectionPoolSupport$RedisPooledObjectFactory.create(ConnectionPoolSupport.java:201)
	at org.apache.commons.pool2.BasePooledObjectFactory.makeObject(BasePooledObjectFactory.java:58)
	at org.apache.commons.pool2.impl.GenericObjectPool.create(GenericObjectPool.java:899)
	at org.apache.commons.pool2.impl.GenericObjectPool.borrowObject(GenericObjectPool.java:429)
	at org.apache.commons.pool2.impl.GenericObjectPool.borrowObject(GenericObjectPool.java:354)
	at io.lettuce.core.support.ConnectionPoolSupport$1.borrowObject(ConnectionPoolSupport.java:122)
	at io.lettuce.core.support.ConnectionPoolSupport$1.borrowObject(ConnectionPoolSupport.java:117)
	at org.springframework.data.redis.connection.lettuce.LettucePoolingConnectionProvider.getConnection(LettucePoolingConnectionProvider.java:103)
	... 63 common frames omitted
Caused by: io.netty.channel.AbstractChannel$AnnotatedConnectException: Connection refused: no further information: localhost/127.0.0.1:6379
Caused by: java.net.ConnectException: Connection refused: no further information
	at sun.nio.ch.SocketChannelImpl.checkConnect(Native Method)
	at sun.nio.ch.SocketChannelImpl.finishConnect(SocketChannelImpl.java:715)
	at io.netty.channel.socket.nio.NioSocketChannel.doFinishConnect(NioSocketChannel.java:330)
	at io.netty.channel.nio.AbstractNioChannel$AbstractNioUnsafe.finishConnect(AbstractNioChannel.java:334)
	at io.netty.channel.nio.NioEventLoop.processSelectedKey(NioEventLoop.java:702)
	at io.netty.channel.nio.NioEventLoop.processSelectedKeysOptimized(NioEventLoop.java:650)
	at io.netty.channel.nio.NioEventLoop.processSelectedKeys(NioEventLoop.java:576)
	at io.netty.channel.nio.NioEventLoop.run(NioEventLoop.java:493)
	at io.netty.util.concurrent.SingleThreadEventExecutor$4.run(SingleThreadEventExecutor.java:989)
	at io.netty.util.internal.ThreadExecutorMap$2.run(ThreadExecutorMap.java:74)
	at io.netty.util.concurrent.FastThreadLocalRunnable.run(FastThreadLocalRunnable.java:30)
	at java.lang.Thread.run(Thread.java:750)
2023-01-14 17:00:58 [INFO ] restartedMain StartupInfoLogger.java:55 com.xqf.srb.sms.ServiceSmsApplication Starting ServiceSmsApplication on Xqf with PID 6608 (F:\ProgrammingTools\JetBrains\IDEA\ProJect\srb\service-sms\target\classes started by Xiao in F:\ProgrammingTools\JetBrains\IDEA\ProJect\srb)
2023-01-14 17:00:58 [INFO ] restartedMain SpringApplication.java:655 com.xqf.srb.sms.ServiceSmsApplication The following profiles are active: prod
2023-01-14 17:01:00 [INFO ] restartedMain StartupInfoLogger.java:55 com.xqf.srb.sms.ServiceSmsApplication Starting ServiceSmsApplication on Xqf with PID 6608 (F:\ProgrammingTools\JetBrains\IDEA\ProJect\srb\service-sms\target\classes started by Xiao in F:\ProgrammingTools\JetBrains\IDEA\ProJect\srb)
2023-01-14 17:01:00 [INFO ] restartedMain SpringApplication.java:655 com.xqf.srb.sms.ServiceSmsApplication The following profiles are active: prod
2023-01-14 17:01:01 [INFO ] restartedMain StartupInfoLogger.java:61 com.xqf.srb.sms.ServiceSmsApplication Started ServiceSmsApplication in 0.572 seconds (JVM running for 1438.491)
2023-01-14 17:22:11 [INFO ] restartedMain StartupInfoLogger.java:55 com.xqf.srb.sms.ServiceSmsApplication Starting ServiceSmsApplication on Xqf with PID 6608 (F:\ProgrammingTools\JetBrains\IDEA\ProJect\srb\service-sms\target\classes started by Xiao in F:\ProgrammingTools\JetBrains\IDEA\ProJect\srb)
2023-01-14 17:22:11 [INFO ] restartedMain SpringApplication.java:655 com.xqf.srb.sms.ServiceSmsApplication The following profiles are active: prod
2023-01-14 17:25:52 [INFO ] restartedMain StartupInfoLogger.java:55 com.xqf.srb.sms.ServiceSmsApplication Starting ServiceSmsApplication on Xqf with PID 6608 (F:\ProgrammingTools\JetBrains\IDEA\ProJect\srb\service-sms\target\classes started by Xiao in F:\ProgrammingTools\JetBrains\IDEA\ProJect\srb)
2023-01-14 17:25:52 [INFO ] restartedMain SpringApplication.java:655 com.xqf.srb.sms.ServiceSmsApplication The following profiles are active: prod
2023-01-14 17:25:53 [INFO ] restartedMain StartupInfoLogger.java:61 com.xqf.srb.sms.ServiceSmsApplication Started ServiceSmsApplication in 0.658 seconds (JVM running for 2930.333)
2023-01-14 17:53:52 [INFO ] restartedMain StartupInfoLogger.java:55 com.xqf.srb.sms.ServiceSmsApplication Starting ServiceSmsApplication on Xqf with PID 6608 (F:\ProgrammingTools\JetBrains\IDEA\ProJect\srb\service-sms\target\classes started by Xiao in F:\ProgrammingTools\JetBrains\IDEA\ProJect\srb)
2023-01-14 17:53:52 [INFO ] restartedMain SpringApplication.java:655 com.xqf.srb.sms.ServiceSmsApplication The following profiles are active: prod
2023-01-14 17:53:52 [INFO ] restartedMain StartupInfoLogger.java:61 com.xqf.srb.sms.ServiceSmsApplication Started ServiceSmsApplication in 0.6 seconds (JVM running for 4610.239)
2023-01-14 17:53:56 [INFO ] restartedMain StartupInfoLogger.java:55 com.xqf.srb.sms.ServiceSmsApplication Starting ServiceSmsApplication on Xqf with PID 6608 (F:\ProgrammingTools\JetBrains\IDEA\ProJect\srb\service-sms\target\classes started by Xiao in F:\ProgrammingTools\JetBrains\IDEA\ProJect\srb)
2023-01-14 17:53:56 [INFO ] restartedMain SpringApplication.java:655 com.xqf.srb.sms.ServiceSmsApplication The following profiles are active: prod
2023-01-14 17:53:56 [INFO ] restartedMain StartupInfoLogger.java:61 com.xqf.srb.sms.ServiceSmsApplication Started ServiceSmsApplication in 0.504 seconds (JVM running for 4614.151)
2023-01-14 17:56:49 [INFO ] restartedMain StartupInfoLogger.java:55 com.xqf.srb.sms.ServiceSmsApplication Starting ServiceSmsApplication on Xqf with PID 20624 (F:\ProgrammingTools\JetBrains\IDEA\ProJect\srb\service-sms\target\classes started by Xiao in F:\ProgrammingTools\JetBrains\IDEA\ProJect\srb)
2023-01-14 17:56:49 [INFO ] restartedMain SpringApplication.java:655 com.xqf.srb.sms.ServiceSmsApplication The following profiles are active: prod
2023-01-14 17:56:51 [INFO ] restartedMain StartupInfoLogger.java:61 com.xqf.srb.sms.ServiceSmsApplication Started ServiceSmsApplication in 2.383 seconds (JVM running for 3.489)
2023-01-14 18:23:45 [INFO ] restartedMain StartupInfoLogger.java:55 com.xqf.srb.sms.ServiceSmsApplication Starting ServiceSmsApplication on Xqf with PID 20624 (F:\ProgrammingTools\JetBrains\IDEA\ProJect\srb\service-sms\target\classes started by Xiao in F:\ProgrammingTools\JetBrains\IDEA\ProJect\srb)
2023-01-14 18:23:45 [INFO ] restartedMain SpringApplication.java:655 com.xqf.srb.sms.ServiceSmsApplication The following profiles are active: prod
2023-01-14 18:23:46 [INFO ] restartedMain StartupInfoLogger.java:61 com.xqf.srb.sms.ServiceSmsApplication Started ServiceSmsApplication in 0.558 seconds (JVM running for 1618.341)
2023-01-14 18:23:48 [INFO ] restartedMain StartupInfoLogger.java:55 com.xqf.srb.sms.ServiceSmsApplication Starting ServiceSmsApplication on Xqf with PID 20624 (F:\ProgrammingTools\JetBrains\IDEA\ProJect\srb\service-sms\target\classes started by Xiao in F:\ProgrammingTools\JetBrains\IDEA\ProJect\srb)
2023-01-14 18:23:48 [INFO ] restartedMain SpringApplication.java:655 com.xqf.srb.sms.ServiceSmsApplication The following profiles are active: prod
2023-01-14 18:23:49 [INFO ] restartedMain StartupInfoLogger.java:61 com.xqf.srb.sms.ServiceSmsApplication Started ServiceSmsApplication in 0.613 seconds (JVM running for 1621.311)
2023-01-14 18:35:14 [INFO ] restartedMain StartupInfoLogger.java:55 com.xqf.srb.sms.ServiceSmsApplication Starting ServiceSmsApplication on Xqf with PID 20624 (F:\ProgrammingTools\JetBrains\IDEA\ProJect\srb\service-sms\target\classes started by Xiao in F:\ProgrammingTools\JetBrains\IDEA\ProJect\srb)
2023-01-14 18:35:14 [INFO ] restartedMain SpringApplication.java:655 com.xqf.srb.sms.ServiceSmsApplication The following profiles are active: prod
2023-01-14 18:35:14 [INFO ] restartedMain StartupInfoLogger.java:61 com.xqf.srb.sms.ServiceSmsApplication Started ServiceSmsApplication in 0.604 seconds (JVM running for 2306.923)
2023-01-14 18:35:17 [INFO ] restartedMain StartupInfoLogger.java:55 com.xqf.srb.sms.ServiceSmsApplication Starting ServiceSmsApplication on Xqf with PID 20624 (F:\ProgrammingTools\JetBrains\IDEA\ProJect\srb\service-sms\target\classes started by Xiao in F:\ProgrammingTools\JetBrains\IDEA\ProJect\srb)
2023-01-14 18:35:17 [INFO ] restartedMain SpringApplication.java:655 com.xqf.srb.sms.ServiceSmsApplication The following profiles are active: prod
2023-01-14 18:35:18 [INFO ] restartedMain StartupInfoLogger.java:61 com.xqf.srb.sms.ServiceSmsApplication Started ServiceSmsApplication in 0.568 seconds (JVM running for 2310.389)
2023-01-14 18:35:23 [INFO ] restartedMain StartupInfoLogger.java:55 com.xqf.srb.sms.ServiceSmsApplication Starting ServiceSmsApplication on Xqf with PID 20624 (F:\ProgrammingTools\JetBrains\IDEA\ProJect\srb\service-sms\target\classes started by Xiao in F:\ProgrammingTools\JetBrains\IDEA\ProJect\srb)
2023-01-14 18:35:23 [INFO ] restartedMain SpringApplication.java:655 com.xqf.srb.sms.ServiceSmsApplication The following profiles are active: prod
2023-01-14 18:35:23 [INFO ] restartedMain StartupInfoLogger.java:61 com.xqf.srb.sms.ServiceSmsApplication Started ServiceSmsApplication in 0.438 seconds (JVM running for 2315.716)
2023-01-14 18:42:32 [INFO ] restartedMain StartupInfoLogger.java:55 com.xqf.srb.sms.ServiceSmsApplication Starting ServiceSmsApplication on Xqf with PID 20624 (F:\ProgrammingTools\JetBrains\IDEA\ProJect\srb\service-sms\target\classes started by Xiao in F:\ProgrammingTools\JetBrains\IDEA\ProJect\srb)
2023-01-14 18:42:32 [INFO ] restartedMain SpringApplication.java:655 com.xqf.srb.sms.ServiceSmsApplication The following profiles are active: prod
2023-01-14 18:42:32 [INFO ] restartedMain StartupInfoLogger.java:61 com.xqf.srb.sms.ServiceSmsApplication Started ServiceSmsApplication in 0.468 seconds (JVM running for 2745.041)
2023-01-14 18:42:37 [INFO ] restartedMain StartupInfoLogger.java:55 com.xqf.srb.sms.ServiceSmsApplication Starting ServiceSmsApplication on Xqf with PID 20624 (F:\ProgrammingTools\JetBrains\IDEA\ProJect\srb\service-sms\target\classes started by Xiao in F:\ProgrammingTools\JetBrains\IDEA\ProJect\srb)
2023-01-14 18:42:37 [INFO ] restartedMain SpringApplication.java:655 com.xqf.srb.sms.ServiceSmsApplication The following profiles are active: prod
2023-01-14 18:42:37 [INFO ] restartedMain StartupInfoLogger.java:61 com.xqf.srb.sms.ServiceSmsApplication Started ServiceSmsApplication in 0.474 seconds (JVM running for 2749.794)
2023-01-14 18:43:40 [INFO ] restartedMain StartupInfoLogger.java:55 com.xqf.srb.sms.ServiceSmsApplication Starting ServiceSmsApplication on Xqf with PID 18292 (F:\ProgrammingTools\JetBrains\IDEA\ProJect\srb\service-sms\target\classes started by Xiao in F:\ProgrammingTools\JetBrains\IDEA\ProJect\srb)
2023-01-14 18:43:40 [INFO ] restartedMain SpringApplication.java:655 com.xqf.srb.sms.ServiceSmsApplication The following profiles are active: prod
2023-01-14 18:43:42 [INFO ] restartedMain StartupInfoLogger.java:61 com.xqf.srb.sms.ServiceSmsApplication Started ServiceSmsApplication in 3.021 seconds (JVM running for 4.018)
2023-01-14 18:47:08 [ERROR] http-nio-8120-exec-1 UnifiedExceptionHandler.java:50 com.xqf.common.exception.UnifiedExceptionHandler 重复发送验证码
2023-01-14 18:47:31 [ERROR] http-nio-8120-exec-2 UnifiedExceptionHandler.java:50 com.xqf.common.exception.UnifiedExceptionHandler 重复发送验证码
2023-01-14 18:47:58 [INFO ] restartedMain StartupInfoLogger.java:55 com.xqf.srb.sms.ServiceSmsApplication Starting ServiceSmsApplication on Xqf with PID 7208 (F:\ProgrammingTools\JetBrains\IDEA\ProJect\srb\service-sms\target\classes started by Xiao in F:\ProgrammingTools\JetBrains\IDEA\ProJect\srb)
2023-01-14 18:47:58 [INFO ] restartedMain SpringApplication.java:655 com.xqf.srb.sms.ServiceSmsApplication The following profiles are active: prod
2023-01-14 18:48:02 [INFO ] restartedMain StartupInfoLogger.java:61 com.xqf.srb.sms.ServiceSmsApplication Started ServiceSmsApplication in 3.868 seconds (JVM running for 5.132)
2023-01-14 18:49:17 [ERROR] http-nio-8120-exec-2 UnifiedExceptionHandler.java:50 com.xqf.common.exception.UnifiedExceptionHandler 重复发送验证码
2023-01-14 18:49:25 [INFO ] restartedMain StartupInfoLogger.java:55 com.xqf.srb.sms.ServiceSmsApplication Starting ServiceSmsApplication on Xqf with PID 22056 (F:\ProgrammingTools\JetBrains\IDEA\ProJect\srb\service-sms\target\classes started by Xiao in F:\ProgrammingTools\JetBrains\IDEA\ProJect\srb)
2023-01-14 18:49:25 [INFO ] restartedMain SpringApplication.java:655 com.xqf.srb.sms.ServiceSmsApplication The following profiles are active: prod
2023-01-14 18:49:27 [INFO ] restartedMain StartupInfoLogger.java:61 com.xqf.srb.sms.ServiceSmsApplication Started ServiceSmsApplication in 3.443 seconds (JVM running for 4.681)
2023-01-14 18:49:50 [ERROR] http-nio-8120-exec-2 UnifiedExceptionHandler.java:50 com.xqf.common.exception.UnifiedExceptionHandler 重复发送验证码
2023-01-14 18:50:02 [ERROR] http-nio-8120-exec-4 UnifiedExceptionHandler.java:50 com.xqf.common.exception.UnifiedExceptionHandler 重复发送验证码
2023-01-14 18:50:23 [ERROR] http-nio-8120-exec-5 UnifiedExceptionHandler.java:50 com.xqf.common.exception.UnifiedExceptionHandler 重复发送验证码
2023-01-14 18:51:14 [ERROR] http-nio-8120-exec-6 UnifiedExceptionHandler.java:50 com.xqf.common.exception.UnifiedExceptionHandler 重复发送验证码
2023-01-14 18:52:30 [ERROR] http-nio-8120-exec-7 UnifiedExceptionHandler.java:50 com.xqf.common.exception.UnifiedExceptionHandler 重复发送验证码
2023-01-14 18:52:53 [ERROR] http-nio-8120-exec-8 UnifiedExceptionHandler.java:50 com.xqf.common.exception.UnifiedExceptionHandler 重复发送验证码
2023-01-14 18:57:17 [INFO ] restartedMain StartupInfoLogger.java:55 com.xqf.srb.sms.ServiceSmsApplication Starting ServiceSmsApplication on Xqf with PID 22056 (F:\ProgrammingTools\JetBrains\IDEA\ProJect\srb\service-sms\target\classes started by Xiao in F:\ProgrammingTools\JetBrains\IDEA\ProJect\srb)
2023-01-14 18:57:17 [INFO ] restartedMain SpringApplication.java:655 com.xqf.srb.sms.ServiceSmsApplication The following profiles are active: prod
2023-01-14 19:10:20 [INFO ] restartedMain StartupInfoLogger.java:55 com.xqf.srb.sms.ServiceSmsApplication Starting ServiceSmsApplication on Xqf with PID 21804 (F:\ProgrammingTools\JetBrains\IDEA\ProJect\srb\service-sms\target\classes started by Xiao in F:\ProgrammingTools\JetBrains\IDEA\ProJect\srb)
2023-01-14 19:10:20 [INFO ] restartedMain SpringApplication.java:655 com.xqf.srb.sms.ServiceSmsApplication The following profiles are active: prod
2023-01-14 19:10:23 [INFO ] restartedMain StartupInfoLogger.java:61 com.xqf.srb.sms.ServiceSmsApplication Started ServiceSmsApplication in 3.304 seconds (JVM running for 4.431)
2023-01-14 19:30:41 [INFO ] restartedMain StartupInfoLogger.java:55 com.xqf.srb.sms.ServiceSmsApplication Starting ServiceSmsApplication on Xqf with PID 21804 (F:\ProgrammingTools\JetBrains\IDEA\ProJect\srb\service-sms\target\classes started by Xiao in F:\ProgrammingTools\JetBrains\IDEA\ProJect\srb)
2023-01-14 19:30:41 [INFO ] restartedMain SpringApplication.java:655 com.xqf.srb.sms.ServiceSmsApplication The following profiles are active: prod
2023-01-14 19:30:42 [INFO ] restartedMain StartupInfoLogger.java:61 com.xqf.srb.sms.ServiceSmsApplication Started ServiceSmsApplication in 0.751 seconds (JVM running for 1223.209)
2023-01-14 19:30:45 [INFO ] restartedMain StartupInfoLogger.java:55 com.xqf.srb.sms.ServiceSmsApplication Starting ServiceSmsApplication on Xqf with PID 21804 (F:\ProgrammingTools\JetBrains\IDEA\ProJect\srb\service-sms\target\classes started by Xiao in F:\ProgrammingTools\JetBrains\IDEA\ProJect\srb)
2023-01-14 19:30:45 [INFO ] restartedMain SpringApplication.java:655 com.xqf.srb.sms.ServiceSmsApplication The following profiles are active: prod
2023-01-14 19:30:46 [INFO ] restartedMain StartupInfoLogger.java:61 com.xqf.srb.sms.ServiceSmsApplication Started ServiceSmsApplication in 0.747 seconds (JVM running for 1226.941)
2023-01-14 19:30:50 [INFO ] restartedMain StartupInfoLogger.java:55 com.xqf.srb.sms.ServiceSmsApplication Starting ServiceSmsApplication on Xqf with PID 21804 (F:\ProgrammingTools\JetBrains\IDEA\ProJect\srb\service-sms\target\classes started by Xiao in F:\ProgrammingTools\JetBrains\IDEA\ProJect\srb)
2023-01-14 19:30:50 [INFO ] restartedMain SpringApplication.java:655 com.xqf.srb.sms.ServiceSmsApplication The following profiles are active: prod
2023-01-14 19:30:51 [INFO ] restartedMain StartupInfoLogger.java:61 com.xqf.srb.sms.ServiceSmsApplication Started ServiceSmsApplication in 0.798 seconds (JVM running for 1232.373)
2023-01-14 19:59:43 [ERROR] http-nio-8120-exec-4 UnifiedExceptionHandler.java:50 com.xqf.common.exception.UnifiedExceptionHandler 重复发送验证码
2023-01-14 20:00:39 [ERROR] http-nio-8120-exec-5 UnifiedExceptionHandler.java:50 com.xqf.common.exception.UnifiedExceptionHandler 重复发送验证码
2023-01-14 20:01:28 [INFO ] restartedMain StartupInfoLogger.java:55 com.xqf.srb.sms.ServiceSmsApplication Starting ServiceSmsApplication on Xqf with PID 21804 (F:\ProgrammingTools\JetBrains\IDEA\ProJect\srb\service-sms\target\classes started by Xiao in F:\ProgrammingTools\JetBrains\IDEA\ProJect\srb)
2023-01-14 20:01:28 [INFO ] restartedMain SpringApplication.java:655 com.xqf.srb.sms.ServiceSmsApplication The following profiles are active: prod
2023-01-14 20:01:29 [INFO ] restartedMain StartupInfoLogger.java:61 com.xqf.srb.sms.ServiceSmsApplication Started ServiceSmsApplication in 0.519 seconds (JVM running for 3069.842)
2023-01-14 20:01:32 [INFO ] restartedMain StartupInfoLogger.java:55 com.xqf.srb.sms.ServiceSmsApplication Starting ServiceSmsApplication on Xqf with PID 21804 (F:\ProgrammingTools\JetBrains\IDEA\ProJect\srb\service-sms\target\classes started by Xiao in F:\ProgrammingTools\JetBrains\IDEA\ProJect\srb)
2023-01-14 20:01:32 [INFO ] restartedMain SpringApplication.java:655 com.xqf.srb.sms.ServiceSmsApplication The following profiles are active: prod
2023-01-14 20:01:32 [INFO ] restartedMain StartupInfoLogger.java:61 com.xqf.srb.sms.ServiceSmsApplication Started ServiceSmsApplication in 0.466 seconds (JVM running for 3073.213)
2023-01-14 20:01:55 [ERROR] http-nio-8120-exec-2 UnifiedExceptionHandler.java:50 com.xqf.common.exception.UnifiedExceptionHandler 重复发送验证码
2023-01-14 20:05:27 [INFO ] restartedMain StartupInfoLogger.java:55 com.xqf.srb.sms.ServiceSmsApplication Starting ServiceSmsApplication on Xqf with PID 21804 (F:\ProgrammingTools\JetBrains\IDEA\ProJect\srb\service-sms\target\classes started by Xiao in F:\ProgrammingTools\JetBrains\IDEA\ProJect\srb)
2023-01-14 20:05:27 [INFO ] restartedMain SpringApplication.java:655 com.xqf.srb.sms.ServiceSmsApplication The following profiles are active: prod
2023-01-14 20:05:31 [INFO ] restartedMain StartupInfoLogger.java:55 com.xqf.srb.sms.ServiceSmsApplication Starting ServiceSmsApplication on Xqf with PID 21804 (F:\ProgrammingTools\JetBrains\IDEA\ProJect\srb\service-sms\target\classes started by Xiao in F:\ProgrammingTools\JetBrains\IDEA\ProJect\srb)
2023-01-14 20:05:31 [INFO ] restartedMain SpringApplication.java:655 com.xqf.srb.sms.ServiceSmsApplication The following profiles are active: prod
2023-01-14 20:05:31 [INFO ] restartedMain StartupInfoLogger.java:61 com.xqf.srb.sms.ServiceSmsApplication Started ServiceSmsApplication in 0.627 seconds (JVM running for 3312.615)
2023-01-14 20:05:40 [ERROR] http-nio-8120-exec-2 UnifiedExceptionHandler.java:50 com.xqf.common.exception.UnifiedExceptionHandler 重复发送验证码
2023-01-14 21:10:53 [INFO ] restartedMain StartupInfoLogger.java:55 com.xqf.srb.sms.ServiceSmsApplication Starting ServiceSmsApplication on Xqf with PID 21804 (F:\ProgrammingTools\JetBrains\IDEA\ProJect\srb\service-sms\target\classes started by Xiao in F:\ProgrammingTools\JetBrains\IDEA\ProJect\srb)
2023-01-14 21:10:53 [INFO ] restartedMain SpringApplication.java:655 com.xqf.srb.sms.ServiceSmsApplication The following profiles are active: prod
2023-01-14 21:10:53 [INFO ] restartedMain StartupInfoLogger.java:61 com.xqf.srb.sms.ServiceSmsApplication Started ServiceSmsApplication in 0.473 seconds (JVM running for 7234.276)
2023-01-14 21:10:57 [INFO ] restartedMain StartupInfoLogger.java:55 com.xqf.srb.sms.ServiceSmsApplication Starting ServiceSmsApplication on Xqf with PID 21804 (F:\ProgrammingTools\JetBrains\IDEA\ProJect\srb\service-sms\target\classes started by Xiao in F:\ProgrammingTools\JetBrains\IDEA\ProJect\srb)
2023-01-14 21:10:57 [INFO ] restartedMain SpringApplication.java:655 com.xqf.srb.sms.ServiceSmsApplication The following profiles are active: prod
2023-01-14 21:10:58 [INFO ] restartedMain StartupInfoLogger.java:61 com.xqf.srb.sms.ServiceSmsApplication Started ServiceSmsApplication in 0.663 seconds (JVM running for 7238.97)
2023-01-14 21:11:06 [INFO ] restartedMain StartupInfoLogger.java:55 com.xqf.srb.sms.ServiceSmsApplication Starting ServiceSmsApplication on Xqf with PID 21804 (F:\ProgrammingTools\JetBrains\IDEA\ProJect\srb\service-sms\target\classes started by Xiao in F:\ProgrammingTools\JetBrains\IDEA\ProJect\srb)
2023-01-14 21:11:06 [INFO ] restartedMain SpringApplication.java:655 com.xqf.srb.sms.ServiceSmsApplication The following profiles are active: prod
2023-01-14 21:11:07 [INFO ] restartedMain StartupInfoLogger.java:61 com.xqf.srb.sms.ServiceSmsApplication Started ServiceSmsApplication in 0.806 seconds (JVM running for 7248.001)
2023-01-14 21:26:34 [INFO ] restartedMain StartupInfoLogger.java:55 com.xqf.srb.sms.ServiceSmsApplication Starting ServiceSmsApplication on Xqf with PID 16980 (F:\ProgrammingTools\JetBrains\IDEA\ProJect\srb\service-sms\target\classes started by Xiao in F:\ProgrammingTools\JetBrains\IDEA\ProJect\srb)
2023-01-14 21:26:34 [INFO ] restartedMain SpringApplication.java:655 com.xqf.srb.sms.ServiceSmsApplication The following profiles are active: prod
2023-01-14 21:26:37 [INFO ] restartedMain StartupInfoLogger.java:61 com.xqf.srb.sms.ServiceSmsApplication Started ServiceSmsApplication in 3.275 seconds (JVM running for 4.634)
2023-01-14 21:34:00 [ERROR] http-nio-8120-exec-1 UnifiedExceptionHandler.java:50 com.xqf.common.exception.UnifiedExceptionHandler 手机号码不正确
2023-01-14 22:25:02 [INFO ] restartedMain StartupInfoLogger.java:55 com.xqf.srb.sms.ServiceSmsApplication Starting ServiceSmsApplication on Xqf with PID 16980 (F:\ProgrammingTools\JetBrains\IDEA\ProJect\srb\service-sms\target\classes started by Xiao in F:\ProgrammingTools\JetBrains\IDEA\ProJect\srb)
2023-01-14 22:25:02 [INFO ] restartedMain SpringApplication.java:655 com.xqf.srb.sms.ServiceSmsApplication The following profiles are active: prod
2023-01-14 22:25:02 [INFO ] restartedMain StartupInfoLogger.java:61 com.xqf.srb.sms.ServiceSmsApplication Started ServiceSmsApplication in 0.569 seconds (JVM running for 3509.9)
2023-01-14 22:25:04 [INFO ] restartedMain StartupInfoLogger.java:55 com.xqf.srb.sms.ServiceSmsApplication Starting ServiceSmsApplication on Xqf with PID 16980 (F:\ProgrammingTools\JetBrains\IDEA\ProJect\srb\service-sms\target\classes started by Xiao in F:\ProgrammingTools\JetBrains\IDEA\ProJect\srb)
2023-01-14 22:25:04 [INFO ] restartedMain SpringApplication.java:655 com.xqf.srb.sms.ServiceSmsApplication The following profiles are active: prod
2023-01-14 22:25:05 [INFO ] restartedMain StartupInfoLogger.java:61 com.xqf.srb.sms.ServiceSmsApplication Started ServiceSmsApplication in 0.715 seconds (JVM running for 3512.616)
2023-01-14 22:33:11 [INFO ] restartedMain StartupInfoLogger.java:55 com.xqf.srb.sms.ServiceSmsApplication Starting ServiceSmsApplication on Xqf with PID 16980 (F:\ProgrammingTools\JetBrains\IDEA\ProJect\srb\service-sms\target\classes started by Xiao in F:\ProgrammingTools\JetBrains\IDEA\ProJect\srb)
2023-01-14 22:33:11 [INFO ] restartedMain SpringApplication.java:655 com.xqf.srb.sms.ServiceSmsApplication The following profiles are active: prod
2023-01-14 22:33:11 [INFO ] restartedMain StartupInfoLogger.java:61 com.xqf.srb.sms.ServiceSmsApplication Started ServiceSmsApplication in 0.75 seconds (JVM running for 3999.209)
2023-01-14 22:44:26 [INFO ] restartedMain StartupInfoLogger.java:55 com.xqf.srb.sms.ServiceSmsApplication Starting ServiceSmsApplication on Xqf with PID 16980 (F:\ProgrammingTools\JetBrains\IDEA\ProJect\srb\service-sms\target\classes started by Xiao in F:\ProgrammingTools\JetBrains\IDEA\ProJect\srb)
2023-01-14 22:44:26 [INFO ] restartedMain SpringApplication.java:655 com.xqf.srb.sms.ServiceSmsApplication The following profiles are active: prod
2023-01-14 22:44:26 [INFO ] restartedMain StartupInfoLogger.java:61 com.xqf.srb.sms.ServiceSmsApplication Started ServiceSmsApplication in 0.691 seconds (JVM running for 4674.24)
2023-01-14 22:44:29 [INFO ] restartedMain StartupInfoLogger.java:55 com.xqf.srb.sms.ServiceSmsApplication Starting ServiceSmsApplication on Xqf with PID 16980 (F:\ProgrammingTools\JetBrains\IDEA\ProJect\srb\service-sms\target\classes started by Xiao in F:\ProgrammingTools\JetBrains\IDEA\ProJect\srb)
2023-01-14 22:44:29 [INFO ] restartedMain SpringApplication.java:655 com.xqf.srb.sms.ServiceSmsApplication The following profiles are active: prod
2023-01-14 22:44:30 [INFO ] restartedMain StartupInfoLogger.java:61 com.xqf.srb.sms.ServiceSmsApplication Started ServiceSmsApplication in 0.645 seconds (JVM running for 4677.812)
2023-01-14 22:44:33 [INFO ] restartedMain StartupInfoLogger.java:55 com.xqf.srb.sms.ServiceSmsApplication Starting ServiceSmsApplication on Xqf with PID 16980 (F:\ProgrammingTools\JetBrains\IDEA\ProJect\srb\service-sms\target\classes started by Xiao in F:\ProgrammingTools\JetBrains\IDEA\ProJect\srb)
2023-01-14 22:44:33 [INFO ] restartedMain SpringApplication.java:655 com.xqf.srb.sms.ServiceSmsApplication The following profiles are active: prod
2023-01-14 22:44:34 [INFO ] restartedMain StartupInfoLogger.java:61 com.xqf.srb.sms.ServiceSmsApplication Started ServiceSmsApplication in 0.524 seconds (JVM running for 4681.657)
2023-01-14 22:45:15 [ERROR] http-nio-8120-exec-2 WebSmsController.java:51 com.xqf.srb.sms.controller.WebSmsController 短信为空抛出异常
2023-01-14 22:47:51 [INFO ] restartedMain StartupInfoLogger.java:55 com.xqf.srb.sms.ServiceSmsApplication Starting ServiceSmsApplication on Xqf with PID 16980 (F:\ProgrammingTools\JetBrains\IDEA\ProJect\srb\service-sms\target\classes started by Xiao in F:\ProgrammingTools\JetBrains\IDEA\ProJect\srb)
2023-01-14 22:47:51 [INFO ] restartedMain SpringApplication.java:655 com.xqf.srb.sms.ServiceSmsApplication The following profiles are active: prod
2023-01-14 22:47:51 [INFO ] restartedMain StartupInfoLogger.java:61 com.xqf.srb.sms.ServiceSmsApplication Started ServiceSmsApplication in 0.519 seconds (JVM running for 4879.023)
2023-01-14 22:47:54 [INFO ] restartedMain StartupInfoLogger.java:55 com.xqf.srb.sms.ServiceSmsApplication Starting ServiceSmsApplication on Xqf with PID 16980 (F:\ProgrammingTools\JetBrains\IDEA\ProJect\srb\service-sms\target\classes started by Xiao in F:\ProgrammingTools\JetBrains\IDEA\ProJect\srb)
2023-01-14 22:47:54 [INFO ] restartedMain SpringApplication.java:655 com.xqf.srb.sms.ServiceSmsApplication The following profiles are active: prod
2023-01-14 22:47:55 [INFO ] restartedMain StartupInfoLogger.java:61 com.xqf.srb.sms.ServiceSmsApplication Started ServiceSmsApplication in 0.399 seconds (JVM running for 4882.323)
2023-01-14 22:53:03 [INFO ] restartedMain StartupInfoLogger.java:55 com.xqf.srb.sms.ServiceSmsApplication Starting ServiceSmsApplication on Xqf with PID 16980 (F:\ProgrammingTools\JetBrains\IDEA\ProJect\srb\service-sms\target\classes started by Xiao in F:\ProgrammingTools\JetBrains\IDEA\ProJect\srb)
2023-01-14 22:53:03 [INFO ] restartedMain SpringApplication.java:655 com.xqf.srb.sms.ServiceSmsApplication The following profiles are active: prod
2023-01-14 22:53:03 [INFO ] restartedMain StartupInfoLogger.java:61 com.xqf.srb.sms.ServiceSmsApplication Started ServiceSmsApplication in 0.49 seconds (JVM running for 5190.858)
2023-01-14 22:53:06 [INFO ] restartedMain StartupInfoLogger.java:55 com.xqf.srb.sms.ServiceSmsApplication Starting ServiceSmsApplication on Xqf with PID 16980 (F:\ProgrammingTools\JetBrains\IDEA\ProJect\srb\service-sms\target\classes started by Xiao in F:\ProgrammingTools\JetBrains\IDEA\ProJect\srb)
2023-01-14 22:53:06 [INFO ] restartedMain SpringApplication.java:655 com.xqf.srb.sms.ServiceSmsApplication The following profiles are active: prod
2023-01-14 22:53:07 [INFO ] restartedMain StartupInfoLogger.java:61 com.xqf.srb.sms.ServiceSmsApplication Started ServiceSmsApplication in 0.566 seconds (JVM running for 5194.347)
2023-01-14 22:57:43 [INFO ] http-nio-8120-exec-4 Assert.java:73 com.xqf.common.exception.Assert not equals...............
2023-01-14 22:57:43 [ERROR] http-nio-8120-exec-4 UnifiedExceptionHandler.java:50 com.xqf.common.exception.UnifiedExceptionHandler 重复发送验证码
2023-01-14 22:58:04 [INFO ] http-nio-8120-exec-6 Assert.java:73 com.xqf.common.exception.Assert not equals...............
2023-01-14 22:58:04 [ERROR] http-nio-8120-exec-6 UnifiedExceptionHandler.java:50 com.xqf.common.exception.UnifiedExceptionHandler 重复发送验证码
2023-01-14 23:04:29 [INFO ] restartedMain StartupInfoLogger.java:55 com.xqf.srb.sms.ServiceSmsApplication Starting ServiceSmsApplication on Xqf with PID 16980 (F:\ProgrammingTools\JetBrains\IDEA\ProJect\srb\service-sms\target\classes started by Xiao in F:\ProgrammingTools\JetBrains\IDEA\ProJect\srb)
2023-01-14 23:04:29 [INFO ] restartedMain SpringApplication.java:655 com.xqf.srb.sms.ServiceSmsApplication The following profiles are active: prod
2023-01-14 23:04:31 [INFO ] restartedMain StartupInfoLogger.java:55 com.xqf.srb.sms.ServiceSmsApplication Starting ServiceSmsApplication on Xqf with PID 16980 (F:\ProgrammingTools\JetBrains\IDEA\ProJect\srb\service-sms\target\classes started by Xiao in F:\ProgrammingTools\JetBrains\IDEA\ProJect\srb)
2023-01-14 23:04:31 [INFO ] restartedMain SpringApplication.java:655 com.xqf.srb.sms.ServiceSmsApplication The following profiles are active: prod
2023-01-14 23:04:31 [INFO ] restartedMain StartupInfoLogger.java:61 com.xqf.srb.sms.ServiceSmsApplication Started ServiceSmsApplication in 0.55 seconds (JVM running for 5879.031)
2023-01-14 23:04:46 [INFO ] http-nio-8120-exec-4 Assert.java:73 com.xqf.common.exception.Assert not equals...............
2023-01-14 23:04:46 [ERROR] http-nio-8120-exec-4 UnifiedExceptionHandler.java:50 com.xqf.common.exception.UnifiedExceptionHandler 重复发送验证码
2023-01-14 23:08:52 [INFO ] http-nio-8120-exec-6 Assert.java:73 com.xqf.common.exception.Assert not equals...............
2023-01-14 23:08:52 [ERROR] http-nio-8120-exec-6 UnifiedExceptionHandler.java:50 com.xqf.common.exception.UnifiedExceptionHandler 重复发送验证码
2023-01-14 23:08:56 [INFO ] restartedMain StartupInfoLogger.java:55 com.xqf.srb.sms.ServiceSmsApplication Starting ServiceSmsApplication on Xqf with PID 16980 (F:\ProgrammingTools\JetBrains\IDEA\ProJect\srb\service-sms\target\classes started by Xiao in F:\ProgrammingTools\JetBrains\IDEA\ProJect\srb)
2023-01-14 23:08:56 [INFO ] restartedMain SpringApplication.java:655 com.xqf.srb.sms.ServiceSmsApplication The following profiles are active: prod
2023-01-14 23:08:59 [INFO ] restartedMain StartupInfoLogger.java:55 com.xqf.srb.sms.ServiceSmsApplication Starting ServiceSmsApplication on Xqf with PID 16980 (F:\ProgrammingTools\JetBrains\IDEA\ProJect\srb\service-sms\target\classes started by Xiao in F:\ProgrammingTools\JetBrains\IDEA\ProJect\srb)
2023-01-14 23:08:59 [INFO ] restartedMain SpringApplication.java:655 com.xqf.srb.sms.ServiceSmsApplication The following profiles are active: prod
2023-01-14 23:08:59 [INFO ] restartedMain StartupInfoLogger.java:61 com.xqf.srb.sms.ServiceSmsApplication Started ServiceSmsApplication in 0.555 seconds (JVM running for 6147.282)
2023-01-14 23:09:04 [INFO ] http-nio-8120-exec-2 Assert.java:73 com.xqf.common.exception.Assert not equals...............
2023-01-14 23:09:04 [ERROR] http-nio-8120-exec-2 UnifiedExceptionHandler.java:50 com.xqf.common.exception.UnifiedExceptionHandler 重复发送验证码
2023-01-14 23:10:18 [INFO ] http-nio-8120-exec-6 Assert.java:73 com.xqf.common.exception.Assert not equals...............
2023-01-14 23:10:18 [ERROR] http-nio-8120-exec-6 UnifiedExceptionHandler.java:50 com.xqf.common.exception.UnifiedExceptionHandler 重复发送验证码
2023-01-14 23:10:37 [INFO ] restartedMain StartupInfoLogger.java:55 com.xqf.srb.sms.ServiceSmsApplication Starting ServiceSmsApplication on Xqf with PID 23264 (F:\ProgrammingTools\JetBrains\IDEA\ProJect\srb\service-sms\target\classes started by Xiao in F:\ProgrammingTools\JetBrains\IDEA\ProJect\srb)
2023-01-14 23:10:37 [INFO ] restartedMain SpringApplication.java:655 com.xqf.srb.sms.ServiceSmsApplication The following profiles are active: prod
2023-01-14 23:10:40 [INFO ] restartedMain StartupInfoLogger.java:61 com.xqf.srb.sms.ServiceSmsApplication Started ServiceSmsApplication in 3.507 seconds (JVM running for 4.619)
2023-01-14 23:11:35 [INFO ] http-nio-8120-exec-2 Assert.java:73 com.xqf.common.exception.Assert not equals...............
2023-01-14 23:13:31 [ERROR] http-nio-8120-exec-2 UnifiedExceptionHandler.java:50 com.xqf.common.exception.UnifiedExceptionHandler 重复发送验证码
2023-01-14 23:18:28 [INFO ] http-nio-8120-exec-2 Assert.java:73 com.xqf.common.exception.Assert not equals...............
2023-01-14 23:18:28 [ERROR] http-nio-8120-exec-2 UnifiedExceptionHandler.java:50 com.xqf.common.exception.UnifiedExceptionHandler 重复发送验证码
2023-01-14 23:18:59 [INFO ] http-nio-8120-exec-6 Assert.java:73 com.xqf.common.exception.Assert not equals...............
2023-01-14 23:18:59 [ERROR] http-nio-8120-exec-6 UnifiedExceptionHandler.java:50 com.xqf.common.exception.UnifiedExceptionHandler 重复发送验证码
2023-01-14 23:19:02 [INFO ] restartedMain StartupInfoLogger.java:55 com.xqf.srb.sms.ServiceSmsApplication Starting ServiceSmsApplication on Xqf with PID 23364 (F:\ProgrammingTools\JetBrains\IDEA\ProJect\srb\service-sms\target\classes started by Xiao in F:\ProgrammingTools\JetBrains\IDEA\ProJect\srb)
2023-01-14 23:19:02 [INFO ] restartedMain SpringApplication.java:655 com.xqf.srb.sms.ServiceSmsApplication The following profiles are active: prod
2023-01-14 23:19:06 [INFO ] restartedMain StartupInfoLogger.java:61 com.xqf.srb.sms.ServiceSmsApplication Started ServiceSmsApplication in 4.156 seconds (JVM running for 5.527)
2023-01-14 23:19:15 [INFO ] http-nio-8120-exec-2 Assert.java:73 com.xqf.common.exception.Assert not equals...............
2023-01-14 23:19:15 [ERROR] http-nio-8120-exec-2 UnifiedExceptionHandler.java:50 com.xqf.common.exception.UnifiedExceptionHandler 重复发送验证码
2023-01-14 23:19:26 [INFO ] http-nio-8120-exec-4 Assert.java:73 com.xqf.common.exception.Assert not equals...............
2023-01-14 23:19:26 [ERROR] http-nio-8120-exec-4 UnifiedExceptionHandler.java:50 com.xqf.common.exception.UnifiedExceptionHandler 重复发送验证码
2023-01-14 23:22:26 [INFO ] restartedMain StartupInfoLogger.java:55 com.xqf.srb.sms.ServiceSmsApplication Starting ServiceSmsApplication on Xqf with PID 23364 (F:\ProgrammingTools\JetBrains\IDEA\ProJect\srb\service-sms\target\classes started by Xiao in F:\ProgrammingTools\JetBrains\IDEA\ProJect\srb)
2023-01-14 23:22:26 [INFO ] restartedMain SpringApplication.java:655 com.xqf.srb.sms.ServiceSmsApplication The following profiles are active: prod
2023-01-14 23:22:28 [INFO ] restartedMain StartupInfoLogger.java:55 com.xqf.srb.sms.ServiceSmsApplication Starting ServiceSmsApplication on Xqf with PID 23364 (F:\ProgrammingTools\JetBrains\IDEA\ProJect\srb\service-sms\target\classes started by Xiao in F:\ProgrammingTools\JetBrains\IDEA\ProJect\srb)
2023-01-14 23:22:28 [INFO ] restartedMain SpringApplication.java:655 com.xqf.srb.sms.ServiceSmsApplication The following profiles are active: prod
2023-01-14 23:22:29 [INFO ] restartedMain StartupInfoLogger.java:61 com.xqf.srb.sms.ServiceSmsApplication Started ServiceSmsApplication in 0.898 seconds (JVM running for 208.878)
2023-01-14 23:27:18 [INFO ] http-nio-8120-exec-4 Assert.java:73 com.xqf.common.exception.Assert not equals...............
2023-01-14 23:27:18 [ERROR] http-nio-8120-exec-4 UnifiedExceptionHandler.java:50 com.xqf.common.exception.UnifiedExceptionHandler 重复发送验证码
2023-01-14 23:32:19 [INFO ] http-nio-8120-exec-10 Assert.java:73 com.xqf.common.exception.Assert not equals...............
2023-01-14 23:32:19 [ERROR] http-nio-8120-exec-10 UnifiedExceptionHandler.java:50 com.xqf.common.exception.UnifiedExceptionHandler 重复发送验证码
2023-01-14 23:40:57 [INFO ] restartedMain StartupInfoLogger.java:55 com.xqf.srb.sms.ServiceSmsApplication Starting ServiceSmsApplication on Xqf with PID 23364 (F:\ProgrammingTools\JetBrains\IDEA\ProJect\srb\service-sms\target\classes started by Xiao in F:\ProgrammingTools\JetBrains\IDEA\ProJect\srb)
2023-01-14 23:40:57 [INFO ] restartedMain SpringApplication.java:655 com.xqf.srb.sms.ServiceSmsApplication The following profiles are active: prod
2023-01-14 23:40:58 [INFO ] restartedMain StartupInfoLogger.java:61 com.xqf.srb.sms.ServiceSmsApplication Started ServiceSmsApplication in 0.731 seconds (JVM running for 1317.812)
2023-01-14 23:41:01 [INFO ] restartedMain StartupInfoLogger.java:55 com.xqf.srb.sms.ServiceSmsApplication Starting ServiceSmsApplication on Xqf with PID 23364 (F:\ProgrammingTools\JetBrains\IDEA\ProJect\srb\service-sms\target\classes started by Xiao in F:\ProgrammingTools\JetBrains\IDEA\ProJect\srb)
2023-01-14 23:41:01 [INFO ] restartedMain SpringApplication.java:655 com.xqf.srb.sms.ServiceSmsApplication The following profiles are active: prod
2023-01-14 23:41:02 [INFO ] restartedMain StartupInfoLogger.java:61 com.xqf.srb.sms.ServiceSmsApplication Started ServiceSmsApplication in 0.502 seconds (JVM running for 1321.293)
2023-01-14 23:59:00 [INFO ] restartedMain StartupInfoLogger.java:55 com.xqf.srb.sms.ServiceSmsApplication Starting ServiceSmsApplication on Xqf with PID 23364 (F:\ProgrammingTools\JetBrains\IDEA\ProJect\srb\service-sms\target\classes started by Xiao in F:\ProgrammingTools\JetBrains\IDEA\ProJect\srb)
2023-01-14 23:59:00 [INFO ] restartedMain SpringApplication.java:655 com.xqf.srb.sms.ServiceSmsApplication The following profiles are active: prod
2023-01-14 23:59:01 [INFO ] restartedMain StartupInfoLogger.java:61 com.xqf.srb.sms.ServiceSmsApplication Started ServiceSmsApplication in 0.72 seconds (JVM running for 2400.406)
2023-01-14 23:59:03 [INFO ] restartedMain StartupInfoLogger.java:55 com.xqf.srb.sms.ServiceSmsApplication Starting ServiceSmsApplication on Xqf with PID 23364 (F:\ProgrammingTools\JetBrains\IDEA\ProJect\srb\service-sms\target\classes started by Xiao in F:\ProgrammingTools\JetBrains\IDEA\ProJect\srb)
2023-01-14 23:59:03 [INFO ] restartedMain SpringApplication.java:655 com.xqf.srb.sms.ServiceSmsApplication The following profiles are active: prod
2023-01-14 23:59:04 [INFO ] restartedMain StartupInfoLogger.java:61 com.xqf.srb.sms.ServiceSmsApplication Started ServiceSmsApplication in 0.804 seconds (JVM running for 2403.823)
2023-01-14 23:59:10 [INFO ] restartedMain StartupInfoLogger.java:55 com.xqf.srb.sms.ServiceSmsApplication Starting ServiceSmsApplication on Xqf with PID 23364 (F:\ProgrammingTools\JetBrains\IDEA\ProJect\srb\service-sms\target\classes started by Xiao in F:\ProgrammingTools\JetBrains\IDEA\ProJect\srb)
2023-01-14 23:59:10 [INFO ] restartedMain SpringApplication.java:655 com.xqf.srb.sms.ServiceSmsApplication The following profiles are active: prod
2023-01-14 23:59:11 [INFO ] restartedMain StartupInfoLogger.java:61 com.xqf.srb.sms.ServiceSmsApplication Started ServiceSmsApplication in 0.968 seconds (JVM running for 2410.673)
