2023-01-15 00:04:34 [INFO ] restartedMain StartupInfoLogger.java:55 com.xqf.srb.sms.ServiceSmsApplication Starting ServiceSmsApplication on Xqf with PID 23364 (F:\ProgrammingTools\JetBrains\IDEA\ProJect\srb\service-sms\target\classes started by Xiao in F:\ProgrammingTools\JetBrains\IDEA\ProJect\srb)
2023-01-15 00:04:34 [INFO ] restartedMain SpringApplication.java:655 com.xqf.srb.sms.ServiceSmsApplication The following profiles are active: prod
2023-01-15 00:04:35 [INFO ] restartedMain StartupInfoLogger.java:61 com.xqf.srb.sms.ServiceSmsApplication Started ServiceSmsApplication in 0.583 seconds (JVM running for 2734.602)
2023-01-15 00:04:37 [INFO ] restartedMain StartupInfoLogger.java:55 com.xqf.srb.sms.ServiceSmsApplication Starting ServiceSmsApplication on Xqf with PID 23364 (F:\ProgrammingTools\JetBrains\IDEA\ProJect\srb\service-sms\target\classes started by Xiao in F:\ProgrammingTools\JetBrains\IDEA\ProJect\srb)
2023-01-15 00:04:37 [INFO ] restartedMain SpringApplication.java:655 com.xqf.srb.sms.ServiceSmsApplication The following profiles are active: prod
2023-01-15 00:04:37 [INFO ] restartedMain StartupInfoLogger.java:61 com.xqf.srb.sms.ServiceSmsApplication Started ServiceSmsApplication in 0.701 seconds (JVM running for 2737.198)
2023-01-15 00:04:52 [INFO ] restartedMain StartupInfoLogger.java:55 com.xqf.srb.sms.ServiceSmsApplication Starting ServiceSmsApplication on Xqf with PID 23364 (F:\ProgrammingTools\JetBrains\IDEA\ProJect\srb\service-sms\target\classes started by Xiao in F:\ProgrammingTools\JetBrains\IDEA\ProJect\srb)
2023-01-15 00:04:52 [INFO ] restartedMain SpringApplication.java:655 com.xqf.srb.sms.ServiceSmsApplication The following profiles are active: prod
2023-01-15 00:04:52 [INFO ] restartedMain StartupInfoLogger.java:61 com.xqf.srb.sms.ServiceSmsApplication Started ServiceSmsApplication in 0.62 seconds (JVM running for 2752.02)
2023-01-15 00:04:58 [INFO ] restartedMain StartupInfoLogger.java:55 com.xqf.srb.sms.ServiceSmsApplication Starting ServiceSmsApplication on Xqf with PID 23364 (F:\ProgrammingTools\JetBrains\IDEA\ProJect\srb\service-sms\target\classes started by Xiao in F:\ProgrammingTools\JetBrains\IDEA\ProJect\srb)
2023-01-15 00:04:58 [INFO ] restartedMain SpringApplication.java:655 com.xqf.srb.sms.ServiceSmsApplication The following profiles are active: prod
2023-01-15 00:04:59 [INFO ] restartedMain StartupInfoLogger.java:61 com.xqf.srb.sms.ServiceSmsApplication Started ServiceSmsApplication in 0.652 seconds (JVM running for 2758.75)
2023-01-15 14:43:25 [INFO ] restartedMain StartupInfoLogger.java:55 com.xqf.srb.sms.ServiceSmsApplication Starting ServiceSmsApplication on Xqf with PID 6280 (F:\ProgrammingTools\JetBrains\IDEA\ProJect\srb\service-sms\target\classes started by Xiao in F:\ProgrammingTools\JetBrains\IDEA\ProJect\srb)
2023-01-15 14:43:25 [INFO ] restartedMain SpringApplication.java:655 com.xqf.srb.sms.ServiceSmsApplication The following profiles are active: prod
2023-01-15 14:43:28 [INFO ] restartedMain StartupInfoLogger.java:61 com.xqf.srb.sms.ServiceSmsApplication Started ServiceSmsApplication in 3.489 seconds (JVM running for 4.687)
2023-01-15 16:08:48 [INFO ] restartedMain StartupInfoLogger.java:55 com.xqf.srb.sms.ServiceSmsApplication Starting ServiceSmsApplication on Xqf with PID 6280 (F:\ProgrammingTools\JetBrains\IDEA\ProJect\srb\service-sms\target\classes started by Xiao in F:\ProgrammingTools\JetBrains\IDEA\ProJect\srb)
2023-01-15 16:08:48 [INFO ] restartedMain SpringApplication.java:655 com.xqf.srb.sms.ServiceSmsApplication The following profiles are active: prod
2023-01-15 16:08:49 [INFO ] restartedMain StartupInfoLogger.java:61 com.xqf.srb.sms.ServiceSmsApplication Started ServiceSmsApplication in 0.898 seconds (JVM running for 5125.935)
2023-01-15 18:57:23 [INFO ] restartedMain SpringApplication.java:655 com.xqf.srb.sms.ServiceSmsApplication The following profiles are active: prod
2023-01-15 18:57:29 [INFO ] restartedMain StartupInfoLogger.java:61 com.xqf.srb.sms.ServiceSmsApplication Started ServiceSmsApplication in 7.915 seconds (JVM running for 9.145)
2023-01-15 19:28:15 [INFO ] restartedMain SpringApplication.java:655 com.xqf.srb.sms.ServiceSmsApplication The following profiles are active: prod
2023-01-15 19:28:18 [INFO ] restartedMain StartupInfoLogger.java:61 com.xqf.srb.sms.ServiceSmsApplication Started ServiceSmsApplication in 3.478 seconds (JVM running for 1857.568)
2023-01-15 19:29:17 [INFO ] restartedMain SpringApplication.java:655 com.xqf.srb.sms.ServiceSmsApplication The following profiles are active: prod
2023-01-15 19:29:19 [INFO ] restartedMain StartupInfoLogger.java:61 com.xqf.srb.sms.ServiceSmsApplication Started ServiceSmsApplication in 2.777 seconds (JVM running for 1918.773)
2023-01-15 19:29:49 [INFO ] restartedMain SpringApplication.java:655 com.xqf.srb.sms.ServiceSmsApplication The following profiles are active: prod
2023-01-15 19:29:50 [INFO ] restartedMain StartupInfoLogger.java:61 com.xqf.srb.sms.ServiceSmsApplication Started ServiceSmsApplication in 2.726 seconds (JVM running for 1950.316)
2023-01-15 19:31:05 [INFO ] restartedMain SpringApplication.java:655 com.xqf.srb.sms.ServiceSmsApplication The following profiles are active: prod
2023-01-15 19:31:08 [INFO ] restartedMain StartupInfoLogger.java:61 com.xqf.srb.sms.ServiceSmsApplication Started ServiceSmsApplication in 3.352 seconds (JVM running for 2027.445)
2023-01-15 19:32:37 [INFO ] restartedMain SpringApplication.java:655 com.xqf.srb.sms.ServiceSmsApplication The following profiles are active: prod
2023-01-15 19:32:39 [INFO ] restartedMain StartupInfoLogger.java:61 com.xqf.srb.sms.ServiceSmsApplication Started ServiceSmsApplication in 2.763 seconds (JVM running for 2119.048)
2023-01-15 19:36:01 [INFO ] restartedMain SpringApplication.java:655 com.xqf.srb.sms.ServiceSmsApplication The following profiles are active: prod
2023-01-15 19:36:03 [INFO ] restartedMain StartupInfoLogger.java:61 com.xqf.srb.sms.ServiceSmsApplication Started ServiceSmsApplication in 2.764 seconds (JVM running for 2323.109)
2023-01-15 19:36:48 [INFO ] restartedMain SpringApplication.java:655 com.xqf.srb.sms.ServiceSmsApplication The following profiles are active: prod
2023-01-15 19:36:50 [INFO ] restartedMain StartupInfoLogger.java:61 com.xqf.srb.sms.ServiceSmsApplication Started ServiceSmsApplication in 3.089 seconds (JVM running for 2369.93)
2023-01-15 19:38:35 [INFO ] restartedMain SpringApplication.java:655 com.xqf.srb.sms.ServiceSmsApplication The following profiles are active: prod
2023-01-15 19:38:37 [INFO ] restartedMain StartupInfoLogger.java:61 com.xqf.srb.sms.ServiceSmsApplication Started ServiceSmsApplication in 2.746 seconds (JVM running for 2476.546)
2023-01-15 19:39:07 [INFO ] restartedMain SpringApplication.java:655 com.xqf.srb.sms.ServiceSmsApplication The following profiles are active: prod
2023-01-15 19:39:09 [INFO ] restartedMain StartupInfoLogger.java:61 com.xqf.srb.sms.ServiceSmsApplication Started ServiceSmsApplication in 3.106 seconds (JVM running for 2508.422)
2023-01-15 19:40:03 [INFO ] restartedMain SpringApplication.java:655 com.xqf.srb.sms.ServiceSmsApplication The following profiles are active: prod
2023-01-15 19:40:05 [INFO ] restartedMain StartupInfoLogger.java:61 com.xqf.srb.sms.ServiceSmsApplication Started ServiceSmsApplication in 2.792 seconds (JVM running for 2564.783)
2023-01-15 19:42:24 [INFO ] restartedMain SpringApplication.java:655 com.xqf.srb.sms.ServiceSmsApplication The following profiles are active: prod
2023-01-15 19:42:26 [INFO ] restartedMain StartupInfoLogger.java:61 com.xqf.srb.sms.ServiceSmsApplication Started ServiceSmsApplication in 2.724 seconds (JVM running for 2705.358)
2023-01-15 19:43:59 [INFO ] restartedMain SpringApplication.java:655 com.xqf.srb.sms.ServiceSmsApplication The following profiles are active: prod
2023-01-15 19:44:00 [INFO ] restartedMain StartupInfoLogger.java:61 com.xqf.srb.sms.ServiceSmsApplication Started ServiceSmsApplication in 2.699 seconds (JVM running for 2800.194)
2023-01-15 19:44:50 [INFO ] restartedMain SpringApplication.java:655 com.xqf.srb.sms.ServiceSmsApplication The following profiles are active: prod
2023-01-15 19:44:52 [INFO ] restartedMain StartupInfoLogger.java:61 com.xqf.srb.sms.ServiceSmsApplication Started ServiceSmsApplication in 2.711 seconds (JVM running for 2851.512)
2023-01-15 19:45:46 [INFO ] restartedMain SpringApplication.java:655 com.xqf.srb.sms.ServiceSmsApplication The following profiles are active: prod
2023-01-15 19:45:48 [INFO ] restartedMain StartupInfoLogger.java:61 com.xqf.srb.sms.ServiceSmsApplication Started ServiceSmsApplication in 2.868 seconds (JVM running for 2908.071)
2023-01-15 19:46:10 [INFO ] restartedMain SpringApplication.java:655 com.xqf.srb.sms.ServiceSmsApplication The following profiles are active: prod
2023-01-15 19:46:12 [INFO ] restartedMain StartupInfoLogger.java:61 com.xqf.srb.sms.ServiceSmsApplication Started ServiceSmsApplication in 2.829 seconds (JVM running for 2932.018)
2023-01-15 19:46:51 [INFO ] restartedMain SpringApplication.java:655 com.xqf.srb.sms.ServiceSmsApplication The following profiles are active: prod
2023-01-15 19:46:52 [INFO ] restartedMain StartupInfoLogger.java:61 com.xqf.srb.sms.ServiceSmsApplication Started ServiceSmsApplication in 2.813 seconds (JVM running for 2972.284)
2023-01-15 19:47:32 [INFO ] restartedMain SpringApplication.java:655 com.xqf.srb.sms.ServiceSmsApplication The following profiles are active: prod
2023-01-15 19:47:43 [INFO ] restartedMain SpringApplication.java:655 com.xqf.srb.sms.ServiceSmsApplication The following profiles are active: prod
2023-01-15 19:47:49 [INFO ] restartedMain StartupInfoLogger.java:61 com.xqf.srb.sms.ServiceSmsApplication Started ServiceSmsApplication in 7.337 seconds (JVM running for 8.552)
2023-01-15 19:48:28 [INFO ] http-nio-8120-exec-2 Assert.java:73 com.xqf.common.exception.Assert not equals...............
2023-01-15 19:48:28 [ERROR] http-nio-8120-exec-2 UnifiedExceptionHandler.java:50 com.xqf.common.exception.UnifiedExceptionHandler 重复发送验证码
2023-01-15 19:49:29 [INFO ] restartedMain SpringApplication.java:655 com.xqf.srb.sms.ServiceSmsApplication The following profiles are active: prod
2023-01-15 19:49:33 [INFO ] restartedMain StartupInfoLogger.java:61 com.xqf.srb.sms.ServiceSmsApplication Started ServiceSmsApplication in 6.758 seconds (JVM running for 8.395)
2023-01-15 19:52:15 [INFO ] http-nio-8120-exec-1 Assert.java:73 com.xqf.common.exception.Assert not equals...............
2023-01-15 19:52:15 [ERROR] http-nio-8120-exec-1 UnifiedExceptionHandler.java:50 com.xqf.common.exception.UnifiedExceptionHandler 重复发送验证码
2023-01-15 19:52:16 [ERROR] http-nio-8120-exec-2 UnifiedExceptionHandler.java:35 com.xqf.common.exception.UnifiedExceptionHandler connect timed out executing GET http://service-core/api/core/userInfo/checkMobile/18280743082
feign.RetryableException: connect timed out executing GET http://service-core/api/core/userInfo/checkMobile/18280743082
	at feign.FeignException.errorExecuting(FeignException.java:249)
	at feign.SynchronousMethodHandler.executeAndDecode(SynchronousMethodHandler.java:129)
	at feign.SynchronousMethodHandler.invoke(SynchronousMethodHandler.java:89)
	at feign.ReflectiveFeign$FeignInvocationHandler.invoke(ReflectiveFeign.java:100)
	at com.sun.proxy.$Proxy102.checkMobile(Unknown Source)
	at com.xqf.srb.sms.controller.WebSmsController.send(WebSmsController.java:50)
	at sun.reflect.NativeMethodAccessorImpl.invoke0(Native Method)
	at sun.reflect.NativeMethodAccessorImpl.invoke(NativeMethodAccessorImpl.java:62)
	at sun.reflect.DelegatingMethodAccessorImpl.invoke(DelegatingMethodAccessorImpl.java:43)
	at java.lang.reflect.Method.invoke(Method.java:498)
	at org.springframework.web.method.support.InvocableHandlerMethod.doInvoke(InvocableHandlerMethod.java:190)
	at org.springframework.web.method.support.InvocableHandlerMethod.invokeForRequest(InvocableHandlerMethod.java:138)
	at org.springframework.web.servlet.mvc.method.annotation.ServletInvocableHandlerMethod.invokeAndHandle(ServletInvocableHandlerMethod.java:105)
	at org.springframework.web.servlet.mvc.method.annotation.RequestMappingHandlerAdapter.invokeHandlerMethod(RequestMappingHandlerAdapter.java:878)
	at org.springframework.web.servlet.mvc.method.annotation.RequestMappingHandlerAdapter.handleInternal(RequestMappingHandlerAdapter.java:792)
	at org.springframework.web.servlet.mvc.method.AbstractHandlerMethodAdapter.handle(AbstractHandlerMethodAdapter.java:87)
	at org.springframework.web.servlet.DispatcherServlet.doDispatch(DispatcherServlet.java:1040)
	at org.springframework.web.servlet.DispatcherServlet.doService(DispatcherServlet.java:943)
	at org.springframework.web.servlet.FrameworkServlet.processRequest(FrameworkServlet.java:1006)
	at org.springframework.web.servlet.FrameworkServlet.doGet(FrameworkServlet.java:898)
	at javax.servlet.http.HttpServlet.service(HttpServlet.java:626)
	at org.springframework.web.servlet.FrameworkServlet.service(FrameworkServlet.java:883)
	at javax.servlet.http.HttpServlet.service(HttpServlet.java:733)
	at org.apache.catalina.core.ApplicationFilterChain.internalDoFilter(ApplicationFilterChain.java:231)
	at org.apache.catalina.core.ApplicationFilterChain.doFilter(ApplicationFilterChain.java:166)
	at org.apache.tomcat.websocket.server.WsFilter.doFilter(WsFilter.java:53)
	at org.apache.catalina.core.ApplicationFilterChain.internalDoFilter(ApplicationFilterChain.java:193)
	at org.apache.catalina.core.ApplicationFilterChain.doFilter(ApplicationFilterChain.java:166)
	at org.springframework.web.filter.RequestContextFilter.doFilterInternal(RequestContextFilter.java:100)
	at org.springframework.web.filter.OncePerRequestFilter.doFilter(OncePerRequestFilter.java:119)
	at org.apache.catalina.core.ApplicationFilterChain.internalDoFilter(ApplicationFilterChain.java:193)
	at org.apache.catalina.core.ApplicationFilterChain.doFilter(ApplicationFilterChain.java:166)
	at org.springframework.web.filter.FormContentFilter.doFilterInternal(FormContentFilter.java:93)
	at org.springframework.web.filter.OncePerRequestFilter.doFilter(OncePerRequestFilter.java:119)
	at org.apache.catalina.core.ApplicationFilterChain.internalDoFilter(ApplicationFilterChain.java:193)
	at org.apache.catalina.core.ApplicationFilterChain.doFilter(ApplicationFilterChain.java:166)
	at org.springframework.web.filter.CharacterEncodingFilter.doFilterInternal(CharacterEncodingFilter.java:201)
	at org.springframework.web.filter.OncePerRequestFilter.doFilter(OncePerRequestFilter.java:119)
	at org.apache.catalina.core.ApplicationFilterChain.internalDoFilter(ApplicationFilterChain.java:193)
	at org.apache.catalina.core.ApplicationFilterChain.doFilter(ApplicationFilterChain.java:166)
	at org.apache.catalina.core.StandardWrapperValve.invoke(StandardWrapperValve.java:202)
	at org.apache.catalina.core.StandardContextValve.invoke(StandardContextValve.java:97)
	at org.apache.catalina.authenticator.AuthenticatorBase.invoke(AuthenticatorBase.java:541)
	at org.apache.catalina.core.StandardHostValve.invoke(StandardHostValve.java:143)
	at org.apache.catalina.valves.ErrorReportValve.invoke(ErrorReportValve.java:92)
	at org.apache.catalina.core.StandardEngineValve.invoke(StandardEngineValve.java:78)
	at org.apache.catalina.connector.CoyoteAdapter.service(CoyoteAdapter.java:343)
	at org.apache.coyote.http11.Http11Processor.service(Http11Processor.java:374)
	at org.apache.coyote.AbstractProcessorLight.process(AbstractProcessorLight.java:65)
	at org.apache.coyote.AbstractProtocol$ConnectionHandler.process(AbstractProtocol.java:868)
	at org.apache.tomcat.util.net.NioEndpoint$SocketProcessor.doRun(NioEndpoint.java:1590)
	at org.apache.tomcat.util.net.SocketProcessorBase.run(SocketProcessorBase.java:49)
	at java.util.concurrent.ThreadPoolExecutor.runWorker(ThreadPoolExecutor.java:1149)
	at java.util.concurrent.ThreadPoolExecutor$Worker.run(ThreadPoolExecutor.java:624)
	at org.apache.tomcat.util.threads.TaskThread$WrappingRunnable.run(TaskThread.java:61)
	at java.lang.Thread.run(Thread.java:750)
Caused by: java.net.SocketTimeoutException: connect timed out
	at java.net.DualStackPlainSocketImpl.waitForConnect(Native Method)
	at java.net.DualStackPlainSocketImpl.socketConnect(DualStackPlainSocketImpl.java:81)
	at java.net.AbstractPlainSocketImpl.doConnect(AbstractPlainSocketImpl.java:476)
	at java.net.AbstractPlainSocketImpl.connectToAddress(AbstractPlainSocketImpl.java:218)
	at java.net.AbstractPlainSocketImpl.connect(AbstractPlainSocketImpl.java:200)
	at java.net.PlainSocketImpl.connect(PlainSocketImpl.java:162)
	at java.net.SocksSocketImpl.connect(SocksSocketImpl.java:394)
	at java.net.Socket.connect(Socket.java:606)
	at sun.net.NetworkClient.doConnect(NetworkClient.java:175)
	at sun.net.www.http.HttpClient.openServer(HttpClient.java:499)
	at sun.net.www.http.HttpClient.openServer(HttpClient.java:594)
	at sun.net.www.http.HttpClient.<init>(HttpClient.java:278)
	at sun.net.www.http.HttpClient.New(HttpClient.java:375)
	at sun.net.www.http.HttpClient.New(HttpClient.java:393)
	at sun.net.www.protocol.http.HttpURLConnection.getNewHttpClient(HttpURLConnection.java:1240)
	at sun.net.www.protocol.http.HttpURLConnection.plainConnect0(HttpURLConnection.java:1167)
	at sun.net.www.protocol.http.HttpURLConnection.plainConnect(HttpURLConnection.java:1061)
	at sun.net.www.protocol.http.HttpURLConnection.connect(HttpURLConnection.java:995)
	at sun.net.www.protocol.http.HttpURLConnection.getInputStream0(HttpURLConnection.java:1584)
	at sun.net.www.protocol.http.HttpURLConnection.getInputStream(HttpURLConnection.java:1512)
	at java.net.HttpURLConnection.getResponseCode(HttpURLConnection.java:480)
	at feign.Client$Default.convertResponse(Client.java:108)
	at feign.Client$Default.execute(Client.java:104)
	at org.springframework.cloud.openfeign.ribbon.FeignLoadBalancer.execute(FeignLoadBalancer.java:93)
	at org.springframework.cloud.openfeign.ribbon.FeignLoadBalancer.execute(FeignLoadBalancer.java:56)
	at com.netflix.client.AbstractLoadBalancerAwareClient$1.call(AbstractLoadBalancerAwareClient.java:104)
	at com.netflix.loadbalancer.reactive.LoadBalancerCommand$3$1.call(LoadBalancerCommand.java:303)
	at com.netflix.loadbalancer.reactive.LoadBalancerCommand$3$1.call(LoadBalancerCommand.java:287)
	at rx.internal.util.ScalarSynchronousObservable$3.call(ScalarSynchronousObservable.java:231)
	at rx.internal.util.ScalarSynchronousObservable$3.call(ScalarSynchronousObservable.java:228)
	at rx.Observable.unsafeSubscribe(Observable.java:10327)
	at rx.internal.operators.OnSubscribeConcatMap$ConcatMapSubscriber.drain(OnSubscribeConcatMap.java:286)
	at rx.internal.operators.OnSubscribeConcatMap$ConcatMapSubscriber.onNext(OnSubscribeConcatMap.java:144)
	at com.netflix.loadbalancer.reactive.LoadBalancerCommand$1.call(LoadBalancerCommand.java:185)
	at com.netflix.loadbalancer.reactive.LoadBalancerCommand$1.call(LoadBalancerCommand.java:180)
	at rx.Observable.unsafeSubscribe(Observable.java:10327)
	at rx.internal.operators.OnSubscribeConcatMap.call(OnSubscribeConcatMap.java:94)
	at rx.internal.operators.OnSubscribeConcatMap.call(OnSubscribeConcatMap.java:42)
	at rx.Observable.unsafeSubscribe(Observable.java:10327)
	at rx.internal.operators.OperatorRetryWithPredicate$SourceSubscriber$1.call(OperatorRetryWithPredicate.java:127)
	at rx.internal.schedulers.TrampolineScheduler$InnerCurrentThreadScheduler.enqueue(TrampolineScheduler.java:73)
	at rx.internal.schedulers.TrampolineScheduler$InnerCurrentThreadScheduler.schedule(TrampolineScheduler.java:52)
	at rx.internal.operators.OperatorRetryWithPredicate$SourceSubscriber.onNext(OperatorRetryWithPredicate.java:79)
	at rx.internal.operators.OperatorRetryWithPredicate$SourceSubscriber.onNext(OperatorRetryWithPredicate.java:45)
	at rx.internal.util.ScalarSynchronousObservable$WeakSingleProducer.request(ScalarSynchronousObservable.java:276)
	at rx.Subscriber.setProducer(Subscriber.java:209)
	at rx.internal.util.ScalarSynchronousObservable$JustOnSubscribe.call(ScalarSynchronousObservable.java:138)
	at rx.internal.util.ScalarSynchronousObservable$JustOnSubscribe.call(ScalarSynchronousObservable.java:129)
	at rx.internal.operators.OnSubscribeLift.call(OnSubscribeLift.java:48)
	at rx.internal.operators.OnSubscribeLift.call(OnSubscribeLift.java:30)
	at rx.internal.operators.OnSubscribeLift.call(OnSubscribeLift.java:48)
	at rx.internal.operators.OnSubscribeLift.call(OnSubscribeLift.java:30)
	at rx.internal.operators.OnSubscribeLift.call(OnSubscribeLift.java:48)
	at rx.internal.operators.OnSubscribeLift.call(OnSubscribeLift.java:30)
	at rx.Observable.subscribe(Observable.java:10423)
	at rx.Observable.subscribe(Observable.java:10390)
	at rx.observables.BlockingObservable.blockForSingle(BlockingObservable.java:443)
	at rx.observables.BlockingObservable.single(BlockingObservable.java:340)
	at com.netflix.client.AbstractLoadBalancerAwareClient.executeWithLoadBalancer(AbstractLoadBalancerAwareClient.java:112)
	at org.springframework.cloud.openfeign.ribbon.LoadBalancerFeignClient.execute(LoadBalancerFeignClient.java:83)
	at feign.SynchronousMethodHandler.executeAndDecode(SynchronousMethodHandler.java:119)
	... 54 common frames omitted
2023-01-15 19:55:11 [INFO ] restartedMain SpringApplication.java:655 com.xqf.srb.sms.ServiceSmsApplication The following profiles are active: prod
2023-01-15 19:55:13 [INFO ] restartedMain StartupInfoLogger.java:61 com.xqf.srb.sms.ServiceSmsApplication Started ServiceSmsApplication in 3.126 seconds (JVM running for 348.123)
2023-01-15 19:55:33 [INFO ] restartedMain SpringApplication.java:655 com.xqf.srb.sms.ServiceSmsApplication The following profiles are active: prod
2023-01-15 19:55:35 [INFO ] restartedMain StartupInfoLogger.java:61 com.xqf.srb.sms.ServiceSmsApplication Started ServiceSmsApplication in 3.346 seconds (JVM running for 370.182)
2023-01-15 19:55:40 [INFO ] http-nio-8120-exec-1 Assert.java:45 com.xqf.common.exception.Assert fail...............
2023-01-15 19:55:40 [ERROR] http-nio-8120-exec-1 UnifiedExceptionHandler.java:50 com.xqf.common.exception.UnifiedExceptionHandler 手机号已被注册
2023-01-15 19:56:03 [INFO ] http-nio-8120-exec-3 Assert.java:73 com.xqf.common.exception.Assert not equals...............
2023-01-15 19:56:03 [ERROR] http-nio-8120-exec-3 UnifiedExceptionHandler.java:50 com.xqf.common.exception.UnifiedExceptionHandler 重复发送验证码
2023-01-15 19:56:14 [INFO ] http-nio-8120-exec-4 Assert.java:45 com.xqf.common.exception.Assert fail...............
2023-01-15 19:56:14 [ERROR] http-nio-8120-exec-4 UnifiedExceptionHandler.java:50 com.xqf.common.exception.UnifiedExceptionHandler 手机号已被注册
2023-01-15 19:57:04 [INFO ] http-nio-8120-exec-7 Assert.java:73 com.xqf.common.exception.Assert not equals...............
2023-01-15 19:57:04 [ERROR] http-nio-8120-exec-7 UnifiedExceptionHandler.java:50 com.xqf.common.exception.UnifiedExceptionHandler 重复发送验证码
2023-01-15 19:57:27 [INFO ] http-nio-8120-exec-8 Assert.java:73 com.xqf.common.exception.Assert not equals...............
2023-01-15 19:57:27 [ERROR] http-nio-8120-exec-8 UnifiedExceptionHandler.java:50 com.xqf.common.exception.UnifiedExceptionHandler 重复发送验证码
2023-01-15 19:58:12 [INFO ] http-nio-8120-exec-9 Assert.java:45 com.xqf.common.exception.Assert fail...............
2023-01-15 19:58:12 [ERROR] http-nio-8120-exec-9 UnifiedExceptionHandler.java:50 com.xqf.common.exception.UnifiedExceptionHandler 手机号已被注册
2023-01-15 21:04:57 [INFO ] restartedMain SpringApplication.java:655 com.xqf.srb.sms.ServiceSmsApplication The following profiles are active: prod
2023-01-15 21:05:00 [INFO ] restartedMain StartupInfoLogger.java:61 com.xqf.srb.sms.ServiceSmsApplication Started ServiceSmsApplication in 3.379 seconds (JVM running for 4534.904)
2023-01-15 21:09:54 [INFO ] restartedMain SpringApplication.java:655 com.xqf.srb.sms.ServiceSmsApplication The following profiles are active: prod
2023-01-15 21:09:56 [INFO ] restartedMain StartupInfoLogger.java:61 com.xqf.srb.sms.ServiceSmsApplication Started ServiceSmsApplication in 3.292 seconds (JVM running for 4831.218)
2023-01-15 21:10:30 [INFO ] restartedMain SpringApplication.java:655 com.xqf.srb.sms.ServiceSmsApplication The following profiles are active: prod
2023-01-15 21:10:32 [INFO ] restartedMain StartupInfoLogger.java:61 com.xqf.srb.sms.ServiceSmsApplication Started ServiceSmsApplication in 2.958 seconds (JVM running for 4867.512)
2023-01-15 21:16:17 [INFO ] restartedMain SpringApplication.java:655 com.xqf.srb.sms.ServiceSmsApplication The following profiles are active: prod
2023-01-15 21:16:20 [INFO ] restartedMain StartupInfoLogger.java:61 com.xqf.srb.sms.ServiceSmsApplication Started ServiceSmsApplication in 3.422 seconds (JVM running for 5214.784)
2023-01-15 21:16:31 [INFO ] http-nio-8120-exec-1 Assert.java:45 com.xqf.common.exception.Assert fail...............
2023-01-15 21:16:31 [ERROR] http-nio-8120-exec-1 UnifiedExceptionHandler.java:50 com.xqf.common.exception.UnifiedExceptionHandler 手机号已被注册
2023-01-15 21:17:24 [INFO ] restartedMain SpringApplication.java:655 com.xqf.srb.sms.ServiceSmsApplication The following profiles are active: prod
2023-01-15 21:17:27 [INFO ] restartedMain StartupInfoLogger.java:61 com.xqf.srb.sms.ServiceSmsApplication Started ServiceSmsApplication in 3.372 seconds (JVM running for 5281.974)
2023-01-15 21:19:41 [INFO ] http-nio-8120-exec-1 Assert.java:45 com.xqf.common.exception.Assert fail...............
2023-01-15 21:19:41 [ERROR] http-nio-8120-exec-1 UnifiedExceptionHandler.java:50 com.xqf.common.exception.UnifiedExceptionHandler 手机号已被注册
2023-01-15 21:24:03 [INFO ] http-nio-8120-exec-2 Assert.java:45 com.xqf.common.exception.Assert fail...............
2023-01-15 21:24:03 [ERROR] http-nio-8120-exec-2 UnifiedExceptionHandler.java:50 com.xqf.common.exception.UnifiedExceptionHandler 手机号已被注册
2023-01-15 21:24:17 [INFO ] restartedMain SpringApplication.java:655 com.xqf.srb.sms.ServiceSmsApplication The following profiles are active: dev
2023-01-15 21:24:19 [INFO ] restartedMain StartupInfoLogger.java:61 com.xqf.srb.sms.ServiceSmsApplication Started ServiceSmsApplication in 2.992 seconds (JVM running for 5694.329)
2023-01-15 21:24:23 [ERROR] http-nio-8120-exec-1 UnifiedExceptionHandler.java:35 com.xqf.common.exception.UnifiedExceptionHandler com.netflix.client.ClientException: Load balancer does not have available server for client: service-core
java.lang.RuntimeException: com.netflix.client.ClientException: Load balancer does not have available server for client: service-core
	at org.springframework.cloud.openfeign.ribbon.LoadBalancerFeignClient.execute(LoadBalancerFeignClient.java:90)
	at feign.SynchronousMethodHandler.executeAndDecode(SynchronousMethodHandler.java:119)
	at feign.SynchronousMethodHandler.invoke(SynchronousMethodHandler.java:89)
	at feign.ReflectiveFeign$FeignInvocationHandler.invoke(ReflectiveFeign.java:100)
	at com.sun.proxy.$Proxy140.checkMobile(Unknown Source)
	at com.xqf.srb.sms.controller.WebSmsController.send(WebSmsController.java:50)
	at sun.reflect.NativeMethodAccessorImpl.invoke0(Native Method)
	at sun.reflect.NativeMethodAccessorImpl.invoke(NativeMethodAccessorImpl.java:62)
	at sun.reflect.DelegatingMethodAccessorImpl.invoke(DelegatingMethodAccessorImpl.java:43)
	at java.lang.reflect.Method.invoke(Method.java:498)
	at org.springframework.web.method.support.InvocableHandlerMethod.doInvoke(InvocableHandlerMethod.java:190)
	at org.springframework.web.method.support.InvocableHandlerMethod.invokeForRequest(InvocableHandlerMethod.java:138)
	at org.springframework.web.servlet.mvc.method.annotation.ServletInvocableHandlerMethod.invokeAndHandle(ServletInvocableHandlerMethod.java:105)
	at org.springframework.web.servlet.mvc.method.annotation.RequestMappingHandlerAdapter.invokeHandlerMethod(RequestMappingHandlerAdapter.java:878)
	at org.springframework.web.servlet.mvc.method.annotation.RequestMappingHandlerAdapter.handleInternal(RequestMappingHandlerAdapter.java:792)
	at org.springframework.web.servlet.mvc.method.AbstractHandlerMethodAdapter.handle(AbstractHandlerMethodAdapter.java:87)
	at org.springframework.web.servlet.DispatcherServlet.doDispatch(DispatcherServlet.java:1040)
	at org.springframework.web.servlet.DispatcherServlet.doService(DispatcherServlet.java:943)
	at org.springframework.web.servlet.FrameworkServlet.processRequest(FrameworkServlet.java:1006)
	at org.springframework.web.servlet.FrameworkServlet.doGet(FrameworkServlet.java:898)
	at javax.servlet.http.HttpServlet.service(HttpServlet.java:626)
	at org.springframework.web.servlet.FrameworkServlet.service(FrameworkServlet.java:883)
	at javax.servlet.http.HttpServlet.service(HttpServlet.java:733)
	at org.apache.catalina.core.ApplicationFilterChain.internalDoFilter(ApplicationFilterChain.java:231)
	at org.apache.catalina.core.ApplicationFilterChain.doFilter(ApplicationFilterChain.java:166)
	at org.apache.tomcat.websocket.server.WsFilter.doFilter(WsFilter.java:53)
	at org.apache.catalina.core.ApplicationFilterChain.internalDoFilter(ApplicationFilterChain.java:193)
	at org.apache.catalina.core.ApplicationFilterChain.doFilter(ApplicationFilterChain.java:166)
	at org.springframework.web.filter.RequestContextFilter.doFilterInternal(RequestContextFilter.java:100)
	at org.springframework.web.filter.OncePerRequestFilter.doFilter(OncePerRequestFilter.java:119)
	at org.apache.catalina.core.ApplicationFilterChain.internalDoFilter(ApplicationFilterChain.java:193)
	at org.apache.catalina.core.ApplicationFilterChain.doFilter(ApplicationFilterChain.java:166)
	at org.springframework.web.filter.FormContentFilter.doFilterInternal(FormContentFilter.java:93)
	at org.springframework.web.filter.OncePerRequestFilter.doFilter(OncePerRequestFilter.java:119)
	at org.apache.catalina.core.ApplicationFilterChain.internalDoFilter(ApplicationFilterChain.java:193)
	at org.apache.catalina.core.ApplicationFilterChain.doFilter(ApplicationFilterChain.java:166)
	at org.springframework.web.filter.CharacterEncodingFilter.doFilterInternal(CharacterEncodingFilter.java:201)
	at org.springframework.web.filter.OncePerRequestFilter.doFilter(OncePerRequestFilter.java:119)
	at org.apache.catalina.core.ApplicationFilterChain.internalDoFilter(ApplicationFilterChain.java:193)
	at org.apache.catalina.core.ApplicationFilterChain.doFilter(ApplicationFilterChain.java:166)
	at org.apache.catalina.core.StandardWrapperValve.invoke(StandardWrapperValve.java:202)
	at org.apache.catalina.core.StandardContextValve.invoke(StandardContextValve.java:97)
	at org.apache.catalina.authenticator.AuthenticatorBase.invoke(AuthenticatorBase.java:541)
	at org.apache.catalina.core.StandardHostValve.invoke(StandardHostValve.java:143)
	at org.apache.catalina.valves.ErrorReportValve.invoke(ErrorReportValve.java:92)
	at org.apache.catalina.core.StandardEngineValve.invoke(StandardEngineValve.java:78)
	at org.apache.catalina.connector.CoyoteAdapter.service(CoyoteAdapter.java:343)
	at org.apache.coyote.http11.Http11Processor.service(Http11Processor.java:374)
	at org.apache.coyote.AbstractProcessorLight.process(AbstractProcessorLight.java:65)
	at org.apache.coyote.AbstractProtocol$ConnectionHandler.process(AbstractProtocol.java:868)
	at org.apache.tomcat.util.net.NioEndpoint$SocketProcessor.doRun(NioEndpoint.java:1590)
	at org.apache.tomcat.util.net.SocketProcessorBase.run(SocketProcessorBase.java:49)
	at java.util.concurrent.ThreadPoolExecutor.runWorker(ThreadPoolExecutor.java:1149)
	at java.util.concurrent.ThreadPoolExecutor$Worker.run(ThreadPoolExecutor.java:624)
	at org.apache.tomcat.util.threads.TaskThread$WrappingRunnable.run(TaskThread.java:61)
	at java.lang.Thread.run(Thread.java:750)
Caused by: com.netflix.client.ClientException: Load balancer does not have available server for client: service-core
	at com.netflix.loadbalancer.LoadBalancerContext.getServerFromLoadBalancer(LoadBalancerContext.java:483)
	at com.netflix.loadbalancer.reactive.LoadBalancerCommand$1.call(LoadBalancerCommand.java:184)
	at com.netflix.loadbalancer.reactive.LoadBalancerCommand$1.call(LoadBalancerCommand.java:180)
	at rx.Observable.unsafeSubscribe(Observable.java:10327)
	at rx.internal.operators.OnSubscribeConcatMap.call(OnSubscribeConcatMap.java:94)
	at rx.internal.operators.OnSubscribeConcatMap.call(OnSubscribeConcatMap.java:42)
	at rx.internal.operators.OnSubscribeLift.call(OnSubscribeLift.java:48)
	at rx.internal.operators.OnSubscribeLift.call(OnSubscribeLift.java:30)
	at rx.internal.operators.OnSubscribeLift.call(OnSubscribeLift.java:48)
	at rx.internal.operators.OnSubscribeLift.call(OnSubscribeLift.java:30)
	at rx.Observable.subscribe(Observable.java:10423)
	at rx.Observable.subscribe(Observable.java:10390)
	at rx.observables.BlockingObservable.blockForSingle(BlockingObservable.java:443)
	at rx.observables.BlockingObservable.single(BlockingObservable.java:340)
	at com.netflix.client.AbstractLoadBalancerAwareClient.executeWithLoadBalancer(AbstractLoadBalancerAwareClient.java:112)
	at org.springframework.cloud.openfeign.ribbon.LoadBalancerFeignClient.execute(LoadBalancerFeignClient.java:83)
	... 55 common frames omitted
2023-01-15 21:24:49 [ERROR] http-nio-8120-exec-2 UnifiedExceptionHandler.java:35 com.xqf.common.exception.UnifiedExceptionHandler com.netflix.client.ClientException: Load balancer does not have available server for client: service-core
java.lang.RuntimeException: com.netflix.client.ClientException: Load balancer does not have available server for client: service-core
	at org.springframework.cloud.openfeign.ribbon.LoadBalancerFeignClient.execute(LoadBalancerFeignClient.java:90)
	at feign.SynchronousMethodHandler.executeAndDecode(SynchronousMethodHandler.java:119)
	at feign.SynchronousMethodHandler.invoke(SynchronousMethodHandler.java:89)
	at feign.ReflectiveFeign$FeignInvocationHandler.invoke(ReflectiveFeign.java:100)
	at com.sun.proxy.$Proxy140.checkMobile(Unknown Source)
	at com.xqf.srb.sms.controller.WebSmsController.send(WebSmsController.java:50)
	at sun.reflect.NativeMethodAccessorImpl.invoke0(Native Method)
	at sun.reflect.NativeMethodAccessorImpl.invoke(NativeMethodAccessorImpl.java:62)
	at sun.reflect.DelegatingMethodAccessorImpl.invoke(DelegatingMethodAccessorImpl.java:43)
	at java.lang.reflect.Method.invoke(Method.java:498)
	at org.springframework.web.method.support.InvocableHandlerMethod.doInvoke(InvocableHandlerMethod.java:190)
	at org.springframework.web.method.support.InvocableHandlerMethod.invokeForRequest(InvocableHandlerMethod.java:138)
	at org.springframework.web.servlet.mvc.method.annotation.ServletInvocableHandlerMethod.invokeAndHandle(ServletInvocableHandlerMethod.java:105)
	at org.springframework.web.servlet.mvc.method.annotation.RequestMappingHandlerAdapter.invokeHandlerMethod(RequestMappingHandlerAdapter.java:878)
	at org.springframework.web.servlet.mvc.method.annotation.RequestMappingHandlerAdapter.handleInternal(RequestMappingHandlerAdapter.java:792)
	at org.springframework.web.servlet.mvc.method.AbstractHandlerMethodAdapter.handle(AbstractHandlerMethodAdapter.java:87)
	at org.springframework.web.servlet.DispatcherServlet.doDispatch(DispatcherServlet.java:1040)
	at org.springframework.web.servlet.DispatcherServlet.doService(DispatcherServlet.java:943)
	at org.springframework.web.servlet.FrameworkServlet.processRequest(FrameworkServlet.java:1006)
	at org.springframework.web.servlet.FrameworkServlet.doGet(FrameworkServlet.java:898)
	at javax.servlet.http.HttpServlet.service(HttpServlet.java:626)
	at org.springframework.web.servlet.FrameworkServlet.service(FrameworkServlet.java:883)
	at javax.servlet.http.HttpServlet.service(HttpServlet.java:733)
	at org.apache.catalina.core.ApplicationFilterChain.internalDoFilter(ApplicationFilterChain.java:231)
	at org.apache.catalina.core.ApplicationFilterChain.doFilter(ApplicationFilterChain.java:166)
	at org.apache.tomcat.websocket.server.WsFilter.doFilter(WsFilter.java:53)
	at org.apache.catalina.core.ApplicationFilterChain.internalDoFilter(ApplicationFilterChain.java:193)
	at org.apache.catalina.core.ApplicationFilterChain.doFilter(ApplicationFilterChain.java:166)
	at org.springframework.web.filter.RequestContextFilter.doFilterInternal(RequestContextFilter.java:100)
	at org.springframework.web.filter.OncePerRequestFilter.doFilter(OncePerRequestFilter.java:119)
	at org.apache.catalina.core.ApplicationFilterChain.internalDoFilter(ApplicationFilterChain.java:193)
	at org.apache.catalina.core.ApplicationFilterChain.doFilter(ApplicationFilterChain.java:166)
	at org.springframework.web.filter.FormContentFilter.doFilterInternal(FormContentFilter.java:93)
	at org.springframework.web.filter.OncePerRequestFilter.doFilter(OncePerRequestFilter.java:119)
	at org.apache.catalina.core.ApplicationFilterChain.internalDoFilter(ApplicationFilterChain.java:193)
	at org.apache.catalina.core.ApplicationFilterChain.doFilter(ApplicationFilterChain.java:166)
	at org.springframework.web.filter.CharacterEncodingFilter.doFilterInternal(CharacterEncodingFilter.java:201)
	at org.springframework.web.filter.OncePerRequestFilter.doFilter(OncePerRequestFilter.java:119)
	at org.apache.catalina.core.ApplicationFilterChain.internalDoFilter(ApplicationFilterChain.java:193)
	at org.apache.catalina.core.ApplicationFilterChain.doFilter(ApplicationFilterChain.java:166)
	at org.apache.catalina.core.StandardWrapperValve.invoke(StandardWrapperValve.java:202)
	at org.apache.catalina.core.StandardContextValve.invoke(StandardContextValve.java:97)
	at org.apache.catalina.authenticator.AuthenticatorBase.invoke(AuthenticatorBase.java:541)
	at org.apache.catalina.core.StandardHostValve.invoke(StandardHostValve.java:143)
	at org.apache.catalina.valves.ErrorReportValve.invoke(ErrorReportValve.java:92)
	at org.apache.catalina.core.StandardEngineValve.invoke(StandardEngineValve.java:78)
	at org.apache.catalina.connector.CoyoteAdapter.service(CoyoteAdapter.java:343)
	at org.apache.coyote.http11.Http11Processor.service(Http11Processor.java:374)
	at org.apache.coyote.AbstractProcessorLight.process(AbstractProcessorLight.java:65)
	at org.apache.coyote.AbstractProtocol$ConnectionHandler.process(AbstractProtocol.java:868)
	at org.apache.tomcat.util.net.NioEndpoint$SocketProcessor.doRun(NioEndpoint.java:1590)
	at org.apache.tomcat.util.net.SocketProcessorBase.run(SocketProcessorBase.java:49)
	at java.util.concurrent.ThreadPoolExecutor.runWorker(ThreadPoolExecutor.java:1149)
	at java.util.concurrent.ThreadPoolExecutor$Worker.run(ThreadPoolExecutor.java:624)
	at org.apache.tomcat.util.threads.TaskThread$WrappingRunnable.run(TaskThread.java:61)
	at java.lang.Thread.run(Thread.java:750)
Caused by: com.netflix.client.ClientException: Load balancer does not have available server for client: service-core
	at com.netflix.loadbalancer.LoadBalancerContext.getServerFromLoadBalancer(LoadBalancerContext.java:483)
	at com.netflix.loadbalancer.reactive.LoadBalancerCommand$1.call(LoadBalancerCommand.java:184)
	at com.netflix.loadbalancer.reactive.LoadBalancerCommand$1.call(LoadBalancerCommand.java:180)
	at rx.Observable.unsafeSubscribe(Observable.java:10327)
	at rx.internal.operators.OnSubscribeConcatMap.call(OnSubscribeConcatMap.java:94)
	at rx.internal.operators.OnSubscribeConcatMap.call(OnSubscribeConcatMap.java:42)
	at rx.internal.operators.OnSubscribeLift.call(OnSubscribeLift.java:48)
	at rx.internal.operators.OnSubscribeLift.call(OnSubscribeLift.java:30)
	at rx.internal.operators.OnSubscribeLift.call(OnSubscribeLift.java:48)
	at rx.internal.operators.OnSubscribeLift.call(OnSubscribeLift.java:30)
	at rx.Observable.subscribe(Observable.java:10423)
	at rx.Observable.subscribe(Observable.java:10390)
	at rx.observables.BlockingObservable.blockForSingle(BlockingObservable.java:443)
	at rx.observables.BlockingObservable.single(BlockingObservable.java:340)
	at com.netflix.client.AbstractLoadBalancerAwareClient.executeWithLoadBalancer(AbstractLoadBalancerAwareClient.java:112)
	at org.springframework.cloud.openfeign.ribbon.LoadBalancerFeignClient.execute(LoadBalancerFeignClient.java:83)
	... 55 common frames omitted
2023-01-15 21:25:24 [INFO ] restartedMain SpringApplication.java:655 com.xqf.srb.sms.ServiceSmsApplication The following profiles are active: dev
2023-01-15 21:25:29 [INFO ] restartedMain StartupInfoLogger.java:61 com.xqf.srb.sms.ServiceSmsApplication Started ServiceSmsApplication in 6.769 seconds (JVM running for 8.024)
2023-01-15 21:26:06 [DEBUG] http-nio-8120-exec-1 Slf4jLogger.java:72 com.xqf.srb.sms.client.CoreUserInfoClient [CoreUserInfoClient#checkMobile] ---> GET http://service-core/api/core/userInfo/checkMobile/18280743085 HTTP/1.1
2023-01-15 21:26:06 [DEBUG] http-nio-8120-exec-1 Slf4jLogger.java:72 com.xqf.srb.sms.client.CoreUserInfoClient [CoreUserInfoClient#checkMobile] ---> END HTTP (0-byte body)
2023-01-15 21:26:07 [DEBUG] http-nio-8120-exec-1 Slf4jLogger.java:72 com.xqf.srb.sms.client.CoreUserInfoClient [CoreUserInfoClient#checkMobile] <--- HTTP/1.1 200 (1470ms)
2023-01-15 21:26:07 [DEBUG] http-nio-8120-exec-1 Slf4jLogger.java:72 com.xqf.srb.sms.client.CoreUserInfoClient [CoreUserInfoClient#checkMobile] connection: keep-alive
2023-01-15 21:26:07 [DEBUG] http-nio-8120-exec-1 Slf4jLogger.java:72 com.xqf.srb.sms.client.CoreUserInfoClient [CoreUserInfoClient#checkMobile] content-type: application/json
2023-01-15 21:26:07 [DEBUG] http-nio-8120-exec-1 Slf4jLogger.java:72 com.xqf.srb.sms.client.CoreUserInfoClient [CoreUserInfoClient#checkMobile] date: Sun, 15 Jan 2023 13:26:07 GMT
2023-01-15 21:26:07 [DEBUG] http-nio-8120-exec-1 Slf4jLogger.java:72 com.xqf.srb.sms.client.CoreUserInfoClient [CoreUserInfoClient#checkMobile] keep-alive: timeout=60
2023-01-15 21:26:07 [DEBUG] http-nio-8120-exec-1 Slf4jLogger.java:72 com.xqf.srb.sms.client.CoreUserInfoClient [CoreUserInfoClient#checkMobile] transfer-encoding: chunked
2023-01-15 21:26:07 [DEBUG] http-nio-8120-exec-1 Slf4jLogger.java:72 com.xqf.srb.sms.client.CoreUserInfoClient [CoreUserInfoClient#checkMobile] vary: Access-Control-Request-Headers
2023-01-15 21:26:07 [DEBUG] http-nio-8120-exec-1 Slf4jLogger.java:72 com.xqf.srb.sms.client.CoreUserInfoClient [CoreUserInfoClient#checkMobile] vary: Access-Control-Request-Method
2023-01-15 21:26:07 [DEBUG] http-nio-8120-exec-1 Slf4jLogger.java:72 com.xqf.srb.sms.client.CoreUserInfoClient [CoreUserInfoClient#checkMobile] vary: Origin
2023-01-15 21:26:07 [DEBUG] http-nio-8120-exec-1 Slf4jLogger.java:72 com.xqf.srb.sms.client.CoreUserInfoClient [CoreUserInfoClient#checkMobile] 
2023-01-15 21:26:07 [DEBUG] http-nio-8120-exec-1 Slf4jLogger.java:72 com.xqf.srb.sms.client.CoreUserInfoClient [CoreUserInfoClient#checkMobile] false
2023-01-15 21:26:07 [DEBUG] http-nio-8120-exec-1 Slf4jLogger.java:72 com.xqf.srb.sms.client.CoreUserInfoClient [CoreUserInfoClient#checkMobile] <--- END HTTP (5-byte body)
2023-01-15 21:26:07 [INFO ] http-nio-8120-exec-1 Assert.java:45 com.xqf.common.exception.Assert fail...............
2023-01-15 21:26:07 [ERROR] http-nio-8120-exec-1 UnifiedExceptionHandler.java:50 com.xqf.common.exception.UnifiedExceptionHandler 手机号已被注册
2023-01-15 21:32:23 [INFO ] restartedMain SpringApplication.java:655 com.xqf.srb.sms.ServiceSmsApplication The following profiles are active: dev
2023-01-15 21:32:25 [INFO ] restartedMain StartupInfoLogger.java:61 com.xqf.srb.sms.ServiceSmsApplication Started ServiceSmsApplication in 3.017 seconds (JVM running for 424.755)
2023-01-15 21:40:45 [INFO ] restartedMain SpringApplication.java:655 com.xqf.srb.sms.ServiceSmsApplication The following profiles are active: dev
2023-01-15 21:40:48 [INFO ] restartedMain StartupInfoLogger.java:61 com.xqf.srb.sms.ServiceSmsApplication Started ServiceSmsApplication in 4.226 seconds (JVM running for 927.054)
2023-01-15 21:43:48 [INFO ] restartedMain SpringApplication.java:655 com.xqf.srb.sms.ServiceSmsApplication The following profiles are active: dev
2023-01-15 21:43:49 [INFO ] restartedMain StartupInfoLogger.java:61 com.xqf.srb.sms.ServiceSmsApplication Started ServiceSmsApplication in 2.798 seconds (JVM running for 1108.882)
2023-01-15 21:43:52 [DEBUG] http-nio-8120-exec-1 Slf4jLogger.java:72 com.xqf.srb.sms.client.CoreUserInfoClient [CoreUserInfoClient#checkMobile] ---> GET http://service-core/api/core/userInfo/checkMobile/18280743085 HTTP/1.1
2023-01-15 21:43:52 [DEBUG] http-nio-8120-exec-1 Slf4jLogger.java:72 com.xqf.srb.sms.client.CoreUserInfoClient [CoreUserInfoClient#checkMobile] ---> END HTTP (0-byte body)
2023-01-15 21:43:52 [ERROR] http-nio-8120-exec-1 UnifiedExceptionHandler.java:35 com.xqf.common.exception.UnifiedExceptionHandler com.netflix.client.ClientException: Load balancer does not have available server for client: service-core
java.lang.RuntimeException: com.netflix.client.ClientException: Load balancer does not have available server for client: service-core
	at org.springframework.cloud.openfeign.ribbon.LoadBalancerFeignClient.execute(LoadBalancerFeignClient.java:90)
	at feign.SynchronousMethodHandler.executeAndDecode(SynchronousMethodHandler.java:119)
	at feign.SynchronousMethodHandler.invoke(SynchronousMethodHandler.java:89)
	at feign.ReflectiveFeign$FeignInvocationHandler.invoke(ReflectiveFeign.java:100)
	at com.sun.proxy.$Proxy128.checkMobile(Unknown Source)
	at com.xqf.srb.sms.controller.WebSmsController.send(WebSmsController.java:50)
	at sun.reflect.NativeMethodAccessorImpl.invoke0(Native Method)
	at sun.reflect.NativeMethodAccessorImpl.invoke(NativeMethodAccessorImpl.java:62)
	at sun.reflect.DelegatingMethodAccessorImpl.invoke(DelegatingMethodAccessorImpl.java:43)
	at java.lang.reflect.Method.invoke(Method.java:498)
	at org.springframework.web.method.support.InvocableHandlerMethod.doInvoke(InvocableHandlerMethod.java:190)
	at org.springframework.web.method.support.InvocableHandlerMethod.invokeForRequest(InvocableHandlerMethod.java:138)
	at org.springframework.web.servlet.mvc.method.annotation.ServletInvocableHandlerMethod.invokeAndHandle(ServletInvocableHandlerMethod.java:105)
	at org.springframework.web.servlet.mvc.method.annotation.RequestMappingHandlerAdapter.invokeHandlerMethod(RequestMappingHandlerAdapter.java:878)
	at org.springframework.web.servlet.mvc.method.annotation.RequestMappingHandlerAdapter.handleInternal(RequestMappingHandlerAdapter.java:792)
	at org.springframework.web.servlet.mvc.method.AbstractHandlerMethodAdapter.handle(AbstractHandlerMethodAdapter.java:87)
	at org.springframework.web.servlet.DispatcherServlet.doDispatch(DispatcherServlet.java:1040)
	at org.springframework.web.servlet.DispatcherServlet.doService(DispatcherServlet.java:943)
	at org.springframework.web.servlet.FrameworkServlet.processRequest(FrameworkServlet.java:1006)
	at org.springframework.web.servlet.FrameworkServlet.doGet(FrameworkServlet.java:898)
	at javax.servlet.http.HttpServlet.service(HttpServlet.java:626)
	at org.springframework.web.servlet.FrameworkServlet.service(FrameworkServlet.java:883)
	at javax.servlet.http.HttpServlet.service(HttpServlet.java:733)
	at org.apache.catalina.core.ApplicationFilterChain.internalDoFilter(ApplicationFilterChain.java:231)
	at org.apache.catalina.core.ApplicationFilterChain.doFilter(ApplicationFilterChain.java:166)
	at org.apache.tomcat.websocket.server.WsFilter.doFilter(WsFilter.java:53)
	at org.apache.catalina.core.ApplicationFilterChain.internalDoFilter(ApplicationFilterChain.java:193)
	at org.apache.catalina.core.ApplicationFilterChain.doFilter(ApplicationFilterChain.java:166)
	at org.springframework.web.filter.RequestContextFilter.doFilterInternal(RequestContextFilter.java:100)
	at org.springframework.web.filter.OncePerRequestFilter.doFilter(OncePerRequestFilter.java:119)
	at org.apache.catalina.core.ApplicationFilterChain.internalDoFilter(ApplicationFilterChain.java:193)
	at org.apache.catalina.core.ApplicationFilterChain.doFilter(ApplicationFilterChain.java:166)
	at org.springframework.web.filter.FormContentFilter.doFilterInternal(FormContentFilter.java:93)
	at org.springframework.web.filter.OncePerRequestFilter.doFilter(OncePerRequestFilter.java:119)
	at org.apache.catalina.core.ApplicationFilterChain.internalDoFilter(ApplicationFilterChain.java:193)
	at org.apache.catalina.core.ApplicationFilterChain.doFilter(ApplicationFilterChain.java:166)
	at org.springframework.web.filter.CharacterEncodingFilter.doFilterInternal(CharacterEncodingFilter.java:201)
	at org.springframework.web.filter.OncePerRequestFilter.doFilter(OncePerRequestFilter.java:119)
	at org.apache.catalina.core.ApplicationFilterChain.internalDoFilter(ApplicationFilterChain.java:193)
	at org.apache.catalina.core.ApplicationFilterChain.doFilter(ApplicationFilterChain.java:166)
	at org.apache.catalina.core.StandardWrapperValve.invoke(StandardWrapperValve.java:202)
	at org.apache.catalina.core.StandardContextValve.invoke(StandardContextValve.java:97)
	at org.apache.catalina.authenticator.AuthenticatorBase.invoke(AuthenticatorBase.java:541)
	at org.apache.catalina.core.StandardHostValve.invoke(StandardHostValve.java:143)
	at org.apache.catalina.valves.ErrorReportValve.invoke(ErrorReportValve.java:92)
	at org.apache.catalina.core.StandardEngineValve.invoke(StandardEngineValve.java:78)
	at org.apache.catalina.connector.CoyoteAdapter.service(CoyoteAdapter.java:343)
	at org.apache.coyote.http11.Http11Processor.service(Http11Processor.java:374)
	at org.apache.coyote.AbstractProcessorLight.process(AbstractProcessorLight.java:65)
	at org.apache.coyote.AbstractProtocol$ConnectionHandler.process(AbstractProtocol.java:868)
	at org.apache.tomcat.util.net.NioEndpoint$SocketProcessor.doRun(NioEndpoint.java:1590)
	at org.apache.tomcat.util.net.SocketProcessorBase.run(SocketProcessorBase.java:49)
	at java.util.concurrent.ThreadPoolExecutor.runWorker(ThreadPoolExecutor.java:1149)
	at java.util.concurrent.ThreadPoolExecutor$Worker.run(ThreadPoolExecutor.java:624)
	at org.apache.tomcat.util.threads.TaskThread$WrappingRunnable.run(TaskThread.java:61)
	at java.lang.Thread.run(Thread.java:750)
Caused by: com.netflix.client.ClientException: Load balancer does not have available server for client: service-core
	at com.netflix.loadbalancer.LoadBalancerContext.getServerFromLoadBalancer(LoadBalancerContext.java:483)
	at com.netflix.loadbalancer.reactive.LoadBalancerCommand$1.call(LoadBalancerCommand.java:184)
	at com.netflix.loadbalancer.reactive.LoadBalancerCommand$1.call(LoadBalancerCommand.java:180)
	at rx.Observable.unsafeSubscribe(Observable.java:10327)
	at rx.internal.operators.OnSubscribeConcatMap.call(OnSubscribeConcatMap.java:94)
	at rx.internal.operators.OnSubscribeConcatMap.call(OnSubscribeConcatMap.java:42)
	at rx.internal.operators.OnSubscribeLift.call(OnSubscribeLift.java:48)
	at rx.internal.operators.OnSubscribeLift.call(OnSubscribeLift.java:30)
	at rx.internal.operators.OnSubscribeLift.call(OnSubscribeLift.java:48)
	at rx.internal.operators.OnSubscribeLift.call(OnSubscribeLift.java:30)
	at rx.Observable.subscribe(Observable.java:10423)
	at rx.Observable.subscribe(Observable.java:10390)
	at rx.observables.BlockingObservable.blockForSingle(BlockingObservable.java:443)
	at rx.observables.BlockingObservable.single(BlockingObservable.java:340)
	at com.netflix.client.AbstractLoadBalancerAwareClient.executeWithLoadBalancer(AbstractLoadBalancerAwareClient.java:112)
	at org.springframework.cloud.openfeign.ribbon.LoadBalancerFeignClient.execute(LoadBalancerFeignClient.java:83)
	... 55 common frames omitted
2023-01-15 21:44:31 [INFO ] restartedMain SpringApplication.java:655 com.xqf.srb.sms.ServiceSmsApplication The following profiles are active: dev
2023-01-15 21:45:13 [INFO ] restartedMain SpringApplication.java:655 com.xqf.srb.sms.ServiceSmsApplication The following profiles are active: dev
2023-01-15 21:46:34 [INFO ] restartedMain SpringApplication.java:655 com.xqf.srb.sms.ServiceSmsApplication The following profiles are active: dev
2023-01-15 21:46:51 [INFO ] restartedMain SpringApplication.java:655 com.xqf.srb.sms.ServiceSmsApplication The following profiles are active: dev
2023-01-15 21:51:59 [INFO ] restartedMain SpringApplication.java:655 com.xqf.srb.sms.ServiceSmsApplication The following profiles are active: dev
2023-01-15 21:52:03 [INFO ] restartedMain StartupInfoLogger.java:61 com.xqf.srb.sms.ServiceSmsApplication Started ServiceSmsApplication in 5.77 seconds (JVM running for 6.861)
2023-01-15 21:52:24 [DEBUG] http-nio-8120-exec-1 Slf4jLogger.java:72 com.xqf.srb.sms.client.CoreUserInfoClient [CoreUserInfoClient#checkMobile] ---> GET http://service-core/api/core/userInfo/checkMobile/18280743085 HTTP/1.1
2023-01-15 21:52:24 [DEBUG] http-nio-8120-exec-1 Slf4jLogger.java:72 com.xqf.srb.sms.client.CoreUserInfoClient [CoreUserInfoClient#checkMobile] ---> END HTTP (0-byte body)
2023-01-15 21:52:25 [ERROR] http-nio-8120-exec-1 CoreUserInfoClientFallbac.java:16 com.xqf.srb.sms.client.impl.CoreUserInfoClientFallbac 远程调用失败，服务熔断
2023-01-15 21:52:35 [DEBUG] http-nio-8120-exec-3 Slf4jLogger.java:72 com.xqf.srb.sms.client.CoreUserInfoClient [CoreUserInfoClient#checkMobile] ---> GET http://service-core/api/core/userInfo/checkMobile/18280743085 HTTP/1.1
2023-01-15 21:52:35 [DEBUG] http-nio-8120-exec-3 Slf4jLogger.java:72 com.xqf.srb.sms.client.CoreUserInfoClient [CoreUserInfoClient#checkMobile] ---> END HTTP (0-byte body)
2023-01-15 21:52:35 [ERROR] http-nio-8120-exec-3 CoreUserInfoClientFallbac.java:16 com.xqf.srb.sms.client.impl.CoreUserInfoClientFallbac 远程调用失败，服务熔断
2023-01-15 21:52:35 [INFO ] http-nio-8120-exec-3 Assert.java:73 com.xqf.common.exception.Assert not equals...............
2023-01-15 21:52:35 [ERROR] http-nio-8120-exec-3 UnifiedExceptionHandler.java:50 com.xqf.common.exception.UnifiedExceptionHandler 重复发送验证码
2023-01-15 21:52:48 [DEBUG] http-nio-8120-exec-4 Slf4jLogger.java:72 com.xqf.srb.sms.client.CoreUserInfoClient [CoreUserInfoClient#checkMobile] ---> GET http://service-core/api/core/userInfo/checkMobile/18280743085 HTTP/1.1
2023-01-15 21:52:48 [DEBUG] http-nio-8120-exec-4 Slf4jLogger.java:72 com.xqf.srb.sms.client.CoreUserInfoClient [CoreUserInfoClient#checkMobile] ---> END HTTP (0-byte body)
2023-01-15 21:52:48 [ERROR] http-nio-8120-exec-4 CoreUserInfoClientFallbac.java:16 com.xqf.srb.sms.client.impl.CoreUserInfoClientFallbac 远程调用失败，服务熔断
2023-01-15 21:52:48 [INFO ] http-nio-8120-exec-4 Assert.java:73 com.xqf.common.exception.Assert not equals...............
2023-01-15 21:52:48 [ERROR] http-nio-8120-exec-4 UnifiedExceptionHandler.java:50 com.xqf.common.exception.UnifiedExceptionHandler 重复发送验证码
2023-01-15 21:53:22 [DEBUG] http-nio-8120-exec-5 Slf4jLogger.java:72 com.xqf.srb.sms.client.CoreUserInfoClient [CoreUserInfoClient#checkMobile] ---> GET http://service-core/api/core/userInfo/checkMobile/18280743085 HTTP/1.1
2023-01-15 21:53:22 [DEBUG] http-nio-8120-exec-5 Slf4jLogger.java:72 com.xqf.srb.sms.client.CoreUserInfoClient [CoreUserInfoClient#checkMobile] ---> END HTTP (0-byte body)
2023-01-15 21:53:22 [ERROR] http-nio-8120-exec-5 CoreUserInfoClientFallbac.java:16 com.xqf.srb.sms.client.impl.CoreUserInfoClientFallbac 远程调用失败，服务熔断
2023-01-15 21:53:22 [INFO ] http-nio-8120-exec-5 Assert.java:73 com.xqf.common.exception.Assert not equals...............
2023-01-15 21:53:22 [ERROR] http-nio-8120-exec-5 UnifiedExceptionHandler.java:50 com.xqf.common.exception.UnifiedExceptionHandler 重复发送验证码
2023-01-15 21:53:32 [DEBUG] http-nio-8120-exec-6 Slf4jLogger.java:72 com.xqf.srb.sms.client.CoreUserInfoClient [CoreUserInfoClient#checkMobile] ---> GET http://service-core/api/core/userInfo/checkMobile/18280743082 HTTP/1.1
2023-01-15 21:53:32 [DEBUG] http-nio-8120-exec-6 Slf4jLogger.java:72 com.xqf.srb.sms.client.CoreUserInfoClient [CoreUserInfoClient#checkMobile] ---> END HTTP (0-byte body)
2023-01-15 21:53:32 [ERROR] http-nio-8120-exec-6 CoreUserInfoClientFallbac.java:16 com.xqf.srb.sms.client.impl.CoreUserInfoClientFallbac 远程调用失败，服务熔断
2023-01-15 22:01:40 [INFO ] restartedMain SpringApplication.java:655 com.xqf.srb.sms.ServiceSmsApplication The following profiles are active: dev
2023-01-15 22:01:43 [INFO ] restartedMain StartupInfoLogger.java:61 com.xqf.srb.sms.ServiceSmsApplication Started ServiceSmsApplication in 5.234 seconds (JVM running for 587.028)
2023-01-15 22:27:22 [INFO ] restartedMain SpringApplication.java:655 com.xqf.srb.sms.ServiceSmsApplication The following profiles are active: dev
2023-01-15 22:27:27 [INFO ] restartedMain StartupInfoLogger.java:61 com.xqf.srb.sms.ServiceSmsApplication Started ServiceSmsApplication in 7.784 seconds (JVM running for 9.365)
2023-01-15 22:43:13 [INFO ] restartedMain SpringApplication.java:655 com.xqf.srb.sms.ServiceSmsApplication The following profiles are active: dev
2023-01-15 22:43:15 [INFO ] restartedMain StartupInfoLogger.java:61 com.xqf.srb.sms.ServiceSmsApplication Started ServiceSmsApplication in 3.75 seconds (JVM running for 957.647)
2023-01-15 22:43:43 [INFO ] restartedMain SpringApplication.java:655 com.xqf.srb.sms.ServiceSmsApplication The following profiles are active: dev
2023-01-15 22:43:51 [INFO ] restartedMain StartupInfoLogger.java:61 com.xqf.srb.sms.ServiceSmsApplication Started ServiceSmsApplication in 10.757 seconds (JVM running for 12.532)
2023-01-15 22:44:28 [DEBUG] http-nio-8120-exec-1 Slf4jLogger.java:72 com.xqf.srb.sms.client.CoreUserInfoClient [CoreUserInfoClient#checkMobile] ---> GET http://service-core/api/core/userInfo/checkMobile/18280743082 HTTP/1.1
2023-01-15 22:44:28 [DEBUG] http-nio-8120-exec-1 Slf4jLogger.java:72 com.xqf.srb.sms.client.CoreUserInfoClient [CoreUserInfoClient#checkMobile] ---> END HTTP (0-byte body)
2023-01-15 22:44:29 [DEBUG] http-nio-8120-exec-1 Slf4jLogger.java:72 com.xqf.srb.sms.client.CoreUserInfoClient [CoreUserInfoClient#checkMobile] <--- HTTP/1.1 200 (614ms)
2023-01-15 22:44:29 [DEBUG] http-nio-8120-exec-1 Slf4jLogger.java:72 com.xqf.srb.sms.client.CoreUserInfoClient [CoreUserInfoClient#checkMobile] connection: keep-alive
2023-01-15 22:44:29 [DEBUG] http-nio-8120-exec-1 Slf4jLogger.java:72 com.xqf.srb.sms.client.CoreUserInfoClient [CoreUserInfoClient#checkMobile] content-type: application/json
2023-01-15 22:44:29 [DEBUG] http-nio-8120-exec-1 Slf4jLogger.java:72 com.xqf.srb.sms.client.CoreUserInfoClient [CoreUserInfoClient#checkMobile] date: Sun, 15 Jan 2023 14:44:29 GMT
2023-01-15 22:44:29 [DEBUG] http-nio-8120-exec-1 Slf4jLogger.java:72 com.xqf.srb.sms.client.CoreUserInfoClient [CoreUserInfoClient#checkMobile] keep-alive: timeout=60
2023-01-15 22:44:29 [DEBUG] http-nio-8120-exec-1 Slf4jLogger.java:72 com.xqf.srb.sms.client.CoreUserInfoClient [CoreUserInfoClient#checkMobile] transfer-encoding: chunked
2023-01-15 22:44:29 [DEBUG] http-nio-8120-exec-1 Slf4jLogger.java:72 com.xqf.srb.sms.client.CoreUserInfoClient [CoreUserInfoClient#checkMobile] 
2023-01-15 22:44:29 [DEBUG] http-nio-8120-exec-1 Slf4jLogger.java:72 com.xqf.srb.sms.client.CoreUserInfoClient [CoreUserInfoClient#checkMobile] true
2023-01-15 22:44:29 [DEBUG] http-nio-8120-exec-1 Slf4jLogger.java:72 com.xqf.srb.sms.client.CoreUserInfoClient [CoreUserInfoClient#checkMobile] <--- END HTTP (4-byte body)
2023-01-15 22:44:29 [INFO ] http-nio-8120-exec-1 Assert.java:45 com.xqf.common.exception.Assert fail...............
2023-01-15 22:44:29 [ERROR] http-nio-8120-exec-1 UnifiedExceptionHandler.java:50 com.xqf.common.exception.UnifiedExceptionHandler 手机号已被注册
2023-01-15 22:44:41 [DEBUG] http-nio-8120-exec-2 Slf4jLogger.java:72 com.xqf.srb.sms.client.CoreUserInfoClient [CoreUserInfoClient#checkMobile] ---> GET http://service-core/api/core/userInfo/checkMobile/18280743085 HTTP/1.1
2023-01-15 22:44:41 [DEBUG] http-nio-8120-exec-2 Slf4jLogger.java:72 com.xqf.srb.sms.client.CoreUserInfoClient [CoreUserInfoClient#checkMobile] ---> END HTTP (0-byte body)
2023-01-15 22:44:41 [DEBUG] http-nio-8120-exec-2 Slf4jLogger.java:72 com.xqf.srb.sms.client.CoreUserInfoClient [CoreUserInfoClient#checkMobile] <--- HTTP/1.1 200 (8ms)
2023-01-15 22:44:41 [DEBUG] http-nio-8120-exec-2 Slf4jLogger.java:72 com.xqf.srb.sms.client.CoreUserInfoClient [CoreUserInfoClient#checkMobile] connection: keep-alive
2023-01-15 22:44:41 [DEBUG] http-nio-8120-exec-2 Slf4jLogger.java:72 com.xqf.srb.sms.client.CoreUserInfoClient [CoreUserInfoClient#checkMobile] content-type: application/json
2023-01-15 22:44:41 [DEBUG] http-nio-8120-exec-2 Slf4jLogger.java:72 com.xqf.srb.sms.client.CoreUserInfoClient [CoreUserInfoClient#checkMobile] date: Sun, 15 Jan 2023 14:44:41 GMT
2023-01-15 22:44:41 [DEBUG] http-nio-8120-exec-2 Slf4jLogger.java:72 com.xqf.srb.sms.client.CoreUserInfoClient [CoreUserInfoClient#checkMobile] keep-alive: timeout=60
2023-01-15 22:44:41 [DEBUG] http-nio-8120-exec-2 Slf4jLogger.java:72 com.xqf.srb.sms.client.CoreUserInfoClient [CoreUserInfoClient#checkMobile] transfer-encoding: chunked
2023-01-15 22:44:41 [DEBUG] http-nio-8120-exec-2 Slf4jLogger.java:72 com.xqf.srb.sms.client.CoreUserInfoClient [CoreUserInfoClient#checkMobile] 
2023-01-15 22:44:41 [DEBUG] http-nio-8120-exec-2 Slf4jLogger.java:72 com.xqf.srb.sms.client.CoreUserInfoClient [CoreUserInfoClient#checkMobile] true
2023-01-15 22:44:41 [DEBUG] http-nio-8120-exec-2 Slf4jLogger.java:72 com.xqf.srb.sms.client.CoreUserInfoClient [CoreUserInfoClient#checkMobile] <--- END HTTP (4-byte body)
2023-01-15 22:44:41 [INFO ] http-nio-8120-exec-2 Assert.java:45 com.xqf.common.exception.Assert fail...............
2023-01-15 22:44:41 [ERROR] http-nio-8120-exec-2 UnifiedExceptionHandler.java:50 com.xqf.common.exception.UnifiedExceptionHandler 手机号已被注册
2023-01-15 22:44:51 [DEBUG] http-nio-8120-exec-5 Slf4jLogger.java:72 com.xqf.srb.sms.client.CoreUserInfoClient [CoreUserInfoClient#checkMobile] ---> GET http://service-core/api/core/userInfo/checkMobile/18280743080 HTTP/1.1
2023-01-15 22:44:51 [DEBUG] http-nio-8120-exec-5 Slf4jLogger.java:72 com.xqf.srb.sms.client.CoreUserInfoClient [CoreUserInfoClient#checkMobile] ---> END HTTP (0-byte body)
2023-01-15 22:44:51 [DEBUG] http-nio-8120-exec-5 Slf4jLogger.java:72 com.xqf.srb.sms.client.CoreUserInfoClient [CoreUserInfoClient#checkMobile] <--- HTTP/1.1 200 (6ms)
2023-01-15 22:44:51 [DEBUG] http-nio-8120-exec-5 Slf4jLogger.java:72 com.xqf.srb.sms.client.CoreUserInfoClient [CoreUserInfoClient#checkMobile] connection: keep-alive
2023-01-15 22:44:51 [DEBUG] http-nio-8120-exec-5 Slf4jLogger.java:72 com.xqf.srb.sms.client.CoreUserInfoClient [CoreUserInfoClient#checkMobile] content-type: application/json
2023-01-15 22:44:51 [DEBUG] http-nio-8120-exec-5 Slf4jLogger.java:72 com.xqf.srb.sms.client.CoreUserInfoClient [CoreUserInfoClient#checkMobile] date: Sun, 15 Jan 2023 14:44:51 GMT
2023-01-15 22:44:51 [DEBUG] http-nio-8120-exec-5 Slf4jLogger.java:72 com.xqf.srb.sms.client.CoreUserInfoClient [CoreUserInfoClient#checkMobile] keep-alive: timeout=60
2023-01-15 22:44:51 [DEBUG] http-nio-8120-exec-5 Slf4jLogger.java:72 com.xqf.srb.sms.client.CoreUserInfoClient [CoreUserInfoClient#checkMobile] transfer-encoding: chunked
2023-01-15 22:44:51 [DEBUG] http-nio-8120-exec-5 Slf4jLogger.java:72 com.xqf.srb.sms.client.CoreUserInfoClient [CoreUserInfoClient#checkMobile] 
2023-01-15 22:44:51 [DEBUG] http-nio-8120-exec-5 Slf4jLogger.java:72 com.xqf.srb.sms.client.CoreUserInfoClient [CoreUserInfoClient#checkMobile] false
2023-01-15 22:44:51 [DEBUG] http-nio-8120-exec-5 Slf4jLogger.java:72 com.xqf.srb.sms.client.CoreUserInfoClient [CoreUserInfoClient#checkMobile] <--- END HTTP (5-byte body)
2023-01-16 22:23:01 [INFO ] restartedMain SpringApplication.java:655 com.xqf.srb.sms.ServiceSmsApplication The following profiles are active: dev
2023-01-16 22:23:06 [INFO ] restartedMain StartupInfoLogger.java:61 com.xqf.srb.sms.ServiceSmsApplication Started ServiceSmsApplication in 7.014 seconds (JVM running for 9.01)
2023-01-16 22:24:06 [DEBUG] http-nio-8120-exec-1 Slf4jLogger.java:72 com.xqf.srb.sms.client.CoreUserInfoClient [CoreUserInfoClient#checkMobile] ---> GET http://service-core/api/core/userInfo/checkMobile/18280743082 HTTP/1.1
2023-01-16 22:24:06 [DEBUG] http-nio-8120-exec-1 Slf4jLogger.java:72 com.xqf.srb.sms.client.CoreUserInfoClient [CoreUserInfoClient#checkMobile] ---> END HTTP (0-byte body)
2023-01-16 22:24:07 [DEBUG] http-nio-8120-exec-1 Slf4jLogger.java:72 com.xqf.srb.sms.client.CoreUserInfoClient [CoreUserInfoClient#checkMobile] <--- HTTP/1.1 200 (732ms)
2023-01-16 22:24:07 [DEBUG] http-nio-8120-exec-1 Slf4jLogger.java:72 com.xqf.srb.sms.client.CoreUserInfoClient [CoreUserInfoClient#checkMobile] connection: keep-alive
2023-01-16 22:24:07 [DEBUG] http-nio-8120-exec-1 Slf4jLogger.java:72 com.xqf.srb.sms.client.CoreUserInfoClient [CoreUserInfoClient#checkMobile] content-type: application/json
2023-01-16 22:24:07 [DEBUG] http-nio-8120-exec-1 Slf4jLogger.java:72 com.xqf.srb.sms.client.CoreUserInfoClient [CoreUserInfoClient#checkMobile] date: Mon, 16 Jan 2023 14:24:07 GMT
2023-01-16 22:24:07 [DEBUG] http-nio-8120-exec-1 Slf4jLogger.java:72 com.xqf.srb.sms.client.CoreUserInfoClient [CoreUserInfoClient#checkMobile] keep-alive: timeout=60
2023-01-16 22:24:07 [DEBUG] http-nio-8120-exec-1 Slf4jLogger.java:72 com.xqf.srb.sms.client.CoreUserInfoClient [CoreUserInfoClient#checkMobile] transfer-encoding: chunked
2023-01-16 22:24:07 [DEBUG] http-nio-8120-exec-1 Slf4jLogger.java:72 com.xqf.srb.sms.client.CoreUserInfoClient [CoreUserInfoClient#checkMobile] 
2023-01-16 22:24:07 [DEBUG] http-nio-8120-exec-1 Slf4jLogger.java:72 com.xqf.srb.sms.client.CoreUserInfoClient [CoreUserInfoClient#checkMobile] false
2023-01-16 22:24:07 [DEBUG] http-nio-8120-exec-1 Slf4jLogger.java:72 com.xqf.srb.sms.client.CoreUserInfoClient [CoreUserInfoClient#checkMobile] <--- END HTTP (5-byte body)
2023-01-16 22:27:41 [DEBUG] http-nio-8120-exec-3 Slf4jLogger.java:72 com.xqf.srb.sms.client.CoreUserInfoClient [CoreUserInfoClient#checkMobile] ---> GET http://service-core/api/core/userInfo/checkMobile/18280743082 HTTP/1.1
2023-01-16 22:27:41 [DEBUG] http-nio-8120-exec-3 Slf4jLogger.java:72 com.xqf.srb.sms.client.CoreUserInfoClient [CoreUserInfoClient#checkMobile] ---> END HTTP (0-byte body)
2023-01-16 22:27:41 [DEBUG] http-nio-8120-exec-3 Slf4jLogger.java:72 com.xqf.srb.sms.client.CoreUserInfoClient [CoreUserInfoClient#checkMobile] <--- HTTP/1.1 200 (4ms)
2023-01-16 22:27:41 [DEBUG] http-nio-8120-exec-3 Slf4jLogger.java:72 com.xqf.srb.sms.client.CoreUserInfoClient [CoreUserInfoClient#checkMobile] connection: keep-alive
2023-01-16 22:27:41 [DEBUG] http-nio-8120-exec-3 Slf4jLogger.java:72 com.xqf.srb.sms.client.CoreUserInfoClient [CoreUserInfoClient#checkMobile] content-type: application/json
2023-01-16 22:27:41 [DEBUG] http-nio-8120-exec-3 Slf4jLogger.java:72 com.xqf.srb.sms.client.CoreUserInfoClient [CoreUserInfoClient#checkMobile] date: Mon, 16 Jan 2023 14:27:41 GMT
2023-01-16 22:27:41 [DEBUG] http-nio-8120-exec-3 Slf4jLogger.java:72 com.xqf.srb.sms.client.CoreUserInfoClient [CoreUserInfoClient#checkMobile] keep-alive: timeout=60
2023-01-16 22:27:41 [DEBUG] http-nio-8120-exec-3 Slf4jLogger.java:72 com.xqf.srb.sms.client.CoreUserInfoClient [CoreUserInfoClient#checkMobile] transfer-encoding: chunked
2023-01-16 22:27:41 [DEBUG] http-nio-8120-exec-3 Slf4jLogger.java:72 com.xqf.srb.sms.client.CoreUserInfoClient [CoreUserInfoClient#checkMobile] 
2023-01-16 22:27:41 [DEBUG] http-nio-8120-exec-3 Slf4jLogger.java:72 com.xqf.srb.sms.client.CoreUserInfoClient [CoreUserInfoClient#checkMobile] true
2023-01-16 22:27:41 [DEBUG] http-nio-8120-exec-3 Slf4jLogger.java:72 com.xqf.srb.sms.client.CoreUserInfoClient [CoreUserInfoClient#checkMobile] <--- END HTTP (4-byte body)
2023-01-16 22:27:41 [INFO ] http-nio-8120-exec-3 Assert.java:45 com.xqf.common.exception.Assert fail...............
2023-01-16 22:27:41 [ERROR] http-nio-8120-exec-3 UnifiedExceptionHandler.java:50 com.xqf.common.exception.UnifiedExceptionHandler 手机号已被注册
2023-01-16 22:27:52 [DEBUG] http-nio-8120-exec-4 Slf4jLogger.java:72 com.xqf.srb.sms.client.CoreUserInfoClient [CoreUserInfoClient#checkMobile] ---> GET http://service-core/api/core/userInfo/checkMobile/18280743082 HTTP/1.1
2023-01-16 22:27:52 [DEBUG] http-nio-8120-exec-4 Slf4jLogger.java:72 com.xqf.srb.sms.client.CoreUserInfoClient [CoreUserInfoClient#checkMobile] ---> END HTTP (0-byte body)
2023-01-16 22:27:52 [DEBUG] http-nio-8120-exec-4 Slf4jLogger.java:72 com.xqf.srb.sms.client.CoreUserInfoClient [CoreUserInfoClient#checkMobile] <--- HTTP/1.1 200 (5ms)
2023-01-16 22:27:52 [DEBUG] http-nio-8120-exec-4 Slf4jLogger.java:72 com.xqf.srb.sms.client.CoreUserInfoClient [CoreUserInfoClient#checkMobile] connection: keep-alive
2023-01-16 22:27:52 [DEBUG] http-nio-8120-exec-4 Slf4jLogger.java:72 com.xqf.srb.sms.client.CoreUserInfoClient [CoreUserInfoClient#checkMobile] content-type: application/json
2023-01-16 22:27:52 [DEBUG] http-nio-8120-exec-4 Slf4jLogger.java:72 com.xqf.srb.sms.client.CoreUserInfoClient [CoreUserInfoClient#checkMobile] date: Mon, 16 Jan 2023 14:27:52 GMT
2023-01-16 22:27:52 [DEBUG] http-nio-8120-exec-4 Slf4jLogger.java:72 com.xqf.srb.sms.client.CoreUserInfoClient [CoreUserInfoClient#checkMobile] keep-alive: timeout=60
2023-01-16 22:27:52 [DEBUG] http-nio-8120-exec-4 Slf4jLogger.java:72 com.xqf.srb.sms.client.CoreUserInfoClient [CoreUserInfoClient#checkMobile] transfer-encoding: chunked
2023-01-16 22:27:52 [DEBUG] http-nio-8120-exec-4 Slf4jLogger.java:72 com.xqf.srb.sms.client.CoreUserInfoClient [CoreUserInfoClient#checkMobile] 
2023-01-16 22:27:52 [DEBUG] http-nio-8120-exec-4 Slf4jLogger.java:72 com.xqf.srb.sms.client.CoreUserInfoClient [CoreUserInfoClient#checkMobile] true
2023-01-16 22:27:52 [DEBUG] http-nio-8120-exec-4 Slf4jLogger.java:72 com.xqf.srb.sms.client.CoreUserInfoClient [CoreUserInfoClient#checkMobile] <--- END HTTP (4-byte body)
2023-01-16 22:27:52 [INFO ] http-nio-8120-exec-4 Assert.java:45 com.xqf.common.exception.Assert fail...............
2023-01-16 22:27:52 [ERROR] http-nio-8120-exec-4 UnifiedExceptionHandler.java:50 com.xqf.common.exception.UnifiedExceptionHandler 手机号已被注册
2023-01-16 22:28:31 [DEBUG] http-nio-8120-exec-5 Slf4jLogger.java:72 com.xqf.srb.sms.client.CoreUserInfoClient [CoreUserInfoClient#checkMobile] ---> GET http://service-core/api/core/userInfo/checkMobile/18280743081 HTTP/1.1
2023-01-16 22:28:31 [DEBUG] http-nio-8120-exec-5 Slf4jLogger.java:72 com.xqf.srb.sms.client.CoreUserInfoClient [CoreUserInfoClient#checkMobile] ---> END HTTP (0-byte body)
2023-01-16 22:28:31 [DEBUG] http-nio-8120-exec-5 Slf4jLogger.java:72 com.xqf.srb.sms.client.CoreUserInfoClient [CoreUserInfoClient#checkMobile] <--- HTTP/1.1 200 (4ms)
2023-01-16 22:28:31 [DEBUG] http-nio-8120-exec-5 Slf4jLogger.java:72 com.xqf.srb.sms.client.CoreUserInfoClient [CoreUserInfoClient#checkMobile] connection: keep-alive
2023-01-16 22:28:31 [DEBUG] http-nio-8120-exec-5 Slf4jLogger.java:72 com.xqf.srb.sms.client.CoreUserInfoClient [CoreUserInfoClient#checkMobile] content-type: application/json
2023-01-16 22:28:31 [DEBUG] http-nio-8120-exec-5 Slf4jLogger.java:72 com.xqf.srb.sms.client.CoreUserInfoClient [CoreUserInfoClient#checkMobile] date: Mon, 16 Jan 2023 14:28:31 GMT
2023-01-16 22:28:31 [DEBUG] http-nio-8120-exec-5 Slf4jLogger.java:72 com.xqf.srb.sms.client.CoreUserInfoClient [CoreUserInfoClient#checkMobile] keep-alive: timeout=60
2023-01-16 22:28:31 [DEBUG] http-nio-8120-exec-5 Slf4jLogger.java:72 com.xqf.srb.sms.client.CoreUserInfoClient [CoreUserInfoClient#checkMobile] transfer-encoding: chunked
2023-01-16 22:28:31 [DEBUG] http-nio-8120-exec-5 Slf4jLogger.java:72 com.xqf.srb.sms.client.CoreUserInfoClient [CoreUserInfoClient#checkMobile] 
2023-01-16 22:28:31 [DEBUG] http-nio-8120-exec-5 Slf4jLogger.java:72 com.xqf.srb.sms.client.CoreUserInfoClient [CoreUserInfoClient#checkMobile] false
2023-01-16 22:28:31 [DEBUG] http-nio-8120-exec-5 Slf4jLogger.java:72 com.xqf.srb.sms.client.CoreUserInfoClient [CoreUserInfoClient#checkMobile] <--- END HTTP (5-byte body)
2023-01-16 22:44:49 [DEBUG] http-nio-8120-exec-7 Slf4jLogger.java:72 com.xqf.srb.sms.client.CoreUserInfoClient [CoreUserInfoClient#checkMobile] ---> GET http://service-core/api/core/userInfo/checkMobile/18280743082 HTTP/1.1
2023-01-16 22:44:49 [DEBUG] http-nio-8120-exec-7 Slf4jLogger.java:72 com.xqf.srb.sms.client.CoreUserInfoClient [CoreUserInfoClient#checkMobile] ---> END HTTP (0-byte body)
2023-01-16 22:44:49 [DEBUG] http-nio-8120-exec-7 Slf4jLogger.java:72 com.xqf.srb.sms.client.CoreUserInfoClient [CoreUserInfoClient#checkMobile] <--- HTTP/1.1 200 (6ms)
2023-01-16 22:44:49 [DEBUG] http-nio-8120-exec-7 Slf4jLogger.java:72 com.xqf.srb.sms.client.CoreUserInfoClient [CoreUserInfoClient#checkMobile] connection: keep-alive
2023-01-16 22:44:49 [DEBUG] http-nio-8120-exec-7 Slf4jLogger.java:72 com.xqf.srb.sms.client.CoreUserInfoClient [CoreUserInfoClient#checkMobile] content-type: application/json
2023-01-16 22:44:49 [DEBUG] http-nio-8120-exec-7 Slf4jLogger.java:72 com.xqf.srb.sms.client.CoreUserInfoClient [CoreUserInfoClient#checkMobile] date: Mon, 16 Jan 2023 14:44:49 GMT
2023-01-16 22:44:49 [DEBUG] http-nio-8120-exec-7 Slf4jLogger.java:72 com.xqf.srb.sms.client.CoreUserInfoClient [CoreUserInfoClient#checkMobile] keep-alive: timeout=60
2023-01-16 22:44:49 [DEBUG] http-nio-8120-exec-7 Slf4jLogger.java:72 com.xqf.srb.sms.client.CoreUserInfoClient [CoreUserInfoClient#checkMobile] transfer-encoding: chunked
2023-01-16 22:44:49 [DEBUG] http-nio-8120-exec-7 Slf4jLogger.java:72 com.xqf.srb.sms.client.CoreUserInfoClient [CoreUserInfoClient#checkMobile] 
2023-01-16 22:44:49 [DEBUG] http-nio-8120-exec-7 Slf4jLogger.java:72 com.xqf.srb.sms.client.CoreUserInfoClient [CoreUserInfoClient#checkMobile] true
2023-01-16 22:44:49 [DEBUG] http-nio-8120-exec-7 Slf4jLogger.java:72 com.xqf.srb.sms.client.CoreUserInfoClient [CoreUserInfoClient#checkMobile] <--- END HTTP (4-byte body)
2023-01-16 22:44:49 [INFO ] http-nio-8120-exec-7 Assert.java:45 com.xqf.common.exception.Assert fail...............
2023-01-16 22:44:49 [ERROR] http-nio-8120-exec-7 UnifiedExceptionHandler.java:50 com.xqf.common.exception.UnifiedExceptionHandler 手机号已被注册
2023-01-16 22:44:59 [DEBUG] http-nio-8120-exec-8 Slf4jLogger.java:72 com.xqf.srb.sms.client.CoreUserInfoClient [CoreUserInfoClient#checkMobile] ---> GET http://service-core/api/core/userInfo/checkMobile/18280743081 HTTP/1.1
2023-01-16 22:44:59 [DEBUG] http-nio-8120-exec-8 Slf4jLogger.java:72 com.xqf.srb.sms.client.CoreUserInfoClient [CoreUserInfoClient#checkMobile] ---> END HTTP (0-byte body)
2023-01-16 22:44:59 [DEBUG] http-nio-8120-exec-8 Slf4jLogger.java:72 com.xqf.srb.sms.client.CoreUserInfoClient [CoreUserInfoClient#checkMobile] <--- HTTP/1.1 200 (5ms)
2023-01-16 22:44:59 [DEBUG] http-nio-8120-exec-8 Slf4jLogger.java:72 com.xqf.srb.sms.client.CoreUserInfoClient [CoreUserInfoClient#checkMobile] connection: keep-alive
2023-01-16 22:44:59 [DEBUG] http-nio-8120-exec-8 Slf4jLogger.java:72 com.xqf.srb.sms.client.CoreUserInfoClient [CoreUserInfoClient#checkMobile] content-type: application/json
2023-01-16 22:44:59 [DEBUG] http-nio-8120-exec-8 Slf4jLogger.java:72 com.xqf.srb.sms.client.CoreUserInfoClient [CoreUserInfoClient#checkMobile] date: Mon, 16 Jan 2023 14:44:59 GMT
2023-01-16 22:44:59 [DEBUG] http-nio-8120-exec-8 Slf4jLogger.java:72 com.xqf.srb.sms.client.CoreUserInfoClient [CoreUserInfoClient#checkMobile] keep-alive: timeout=60
2023-01-16 22:44:59 [DEBUG] http-nio-8120-exec-8 Slf4jLogger.java:72 com.xqf.srb.sms.client.CoreUserInfoClient [CoreUserInfoClient#checkMobile] transfer-encoding: chunked
2023-01-16 22:44:59 [DEBUG] http-nio-8120-exec-8 Slf4jLogger.java:72 com.xqf.srb.sms.client.CoreUserInfoClient [CoreUserInfoClient#checkMobile] 
2023-01-16 22:44:59 [DEBUG] http-nio-8120-exec-8 Slf4jLogger.java:72 com.xqf.srb.sms.client.CoreUserInfoClient [CoreUserInfoClient#checkMobile] true
2023-01-16 22:44:59 [DEBUG] http-nio-8120-exec-8 Slf4jLogger.java:72 com.xqf.srb.sms.client.CoreUserInfoClient [CoreUserInfoClient#checkMobile] <--- END HTTP (4-byte body)
2023-01-16 22:44:59 [INFO ] http-nio-8120-exec-8 Assert.java:45 com.xqf.common.exception.Assert fail...............
2023-01-16 22:44:59 [ERROR] http-nio-8120-exec-8 UnifiedExceptionHandler.java:50 com.xqf.common.exception.UnifiedExceptionHandler 手机号已被注册
2023-01-16 22:45:09 [DEBUG] http-nio-8120-exec-9 Slf4jLogger.java:72 com.xqf.srb.sms.client.CoreUserInfoClient [CoreUserInfoClient#checkMobile] ---> GET http://service-core/api/core/userInfo/checkMobile/18280743081 HTTP/1.1
2023-01-16 22:45:09 [DEBUG] http-nio-8120-exec-9 Slf4jLogger.java:72 com.xqf.srb.sms.client.CoreUserInfoClient [CoreUserInfoClient#checkMobile] ---> END HTTP (0-byte body)
2023-01-16 22:45:09 [DEBUG] http-nio-8120-exec-9 Slf4jLogger.java:72 com.xqf.srb.sms.client.CoreUserInfoClient [CoreUserInfoClient#checkMobile] <--- HTTP/1.1 200 (4ms)
2023-01-16 22:45:09 [DEBUG] http-nio-8120-exec-9 Slf4jLogger.java:72 com.xqf.srb.sms.client.CoreUserInfoClient [CoreUserInfoClient#checkMobile] connection: keep-alive
2023-01-16 22:45:09 [DEBUG] http-nio-8120-exec-9 Slf4jLogger.java:72 com.xqf.srb.sms.client.CoreUserInfoClient [CoreUserInfoClient#checkMobile] content-type: application/json
2023-01-16 22:45:09 [DEBUG] http-nio-8120-exec-9 Slf4jLogger.java:72 com.xqf.srb.sms.client.CoreUserInfoClient [CoreUserInfoClient#checkMobile] date: Mon, 16 Jan 2023 14:45:09 GMT
2023-01-16 22:45:09 [DEBUG] http-nio-8120-exec-9 Slf4jLogger.java:72 com.xqf.srb.sms.client.CoreUserInfoClient [CoreUserInfoClient#checkMobile] keep-alive: timeout=60
2023-01-16 22:45:09 [DEBUG] http-nio-8120-exec-9 Slf4jLogger.java:72 com.xqf.srb.sms.client.CoreUserInfoClient [CoreUserInfoClient#checkMobile] transfer-encoding: chunked
2023-01-16 22:45:09 [DEBUG] http-nio-8120-exec-9 Slf4jLogger.java:72 com.xqf.srb.sms.client.CoreUserInfoClient [CoreUserInfoClient#checkMobile] 
2023-01-16 22:45:09 [DEBUG] http-nio-8120-exec-9 Slf4jLogger.java:72 com.xqf.srb.sms.client.CoreUserInfoClient [CoreUserInfoClient#checkMobile] true
2023-01-16 22:45:09 [DEBUG] http-nio-8120-exec-9 Slf4jLogger.java:72 com.xqf.srb.sms.client.CoreUserInfoClient [CoreUserInfoClient#checkMobile] <--- END HTTP (4-byte body)
2023-01-16 22:45:09 [INFO ] http-nio-8120-exec-9 Assert.java:45 com.xqf.common.exception.Assert fail...............
2023-01-16 22:45:09 [ERROR] http-nio-8120-exec-9 UnifiedExceptionHandler.java:50 com.xqf.common.exception.UnifiedExceptionHandler 手机号已被注册
2023-01-16 22:50:07 [DEBUG] http-nio-8120-exec-1 Slf4jLogger.java:72 com.xqf.srb.sms.client.CoreUserInfoClient [CoreUserInfoClient#checkMobile] ---> GET http://service-core/api/core/userInfo/checkMobile/18280743082 HTTP/1.1
2023-01-16 22:50:07 [DEBUG] http-nio-8120-exec-1 Slf4jLogger.java:72 com.xqf.srb.sms.client.CoreUserInfoClient [CoreUserInfoClient#checkMobile] ---> END HTTP (0-byte body)
2023-01-16 22:50:07 [ERROR] http-nio-8120-exec-1 CoreUserInfoClientFallbac.java:16 com.xqf.srb.sms.client.impl.CoreUserInfoClientFallbac 远程调用失败，服务熔断
2023-01-16 22:51:34 [DEBUG] http-nio-8120-exec-3 Slf4jLogger.java:72 com.xqf.srb.sms.client.CoreUserInfoClient [CoreUserInfoClient#checkMobile] ---> GET http://service-core/api/core/userInfo/checkMobile/18280743082 HTTP/1.1
2023-01-16 22:51:34 [DEBUG] http-nio-8120-exec-3 Slf4jLogger.java:72 com.xqf.srb.sms.client.CoreUserInfoClient [CoreUserInfoClient#checkMobile] ---> END HTTP (0-byte body)
2023-01-16 22:51:34 [DEBUG] http-nio-8120-exec-3 Slf4jLogger.java:72 com.xqf.srb.sms.client.CoreUserInfoClient [CoreUserInfoClient#checkMobile] <--- HTTP/1.1 200 (35ms)
2023-01-16 22:51:34 [DEBUG] http-nio-8120-exec-3 Slf4jLogger.java:72 com.xqf.srb.sms.client.CoreUserInfoClient [CoreUserInfoClient#checkMobile] connection: keep-alive
2023-01-16 22:51:34 [DEBUG] http-nio-8120-exec-3 Slf4jLogger.java:72 com.xqf.srb.sms.client.CoreUserInfoClient [CoreUserInfoClient#checkMobile] content-type: application/json
2023-01-16 22:51:34 [DEBUG] http-nio-8120-exec-3 Slf4jLogger.java:72 com.xqf.srb.sms.client.CoreUserInfoClient [CoreUserInfoClient#checkMobile] date: Mon, 16 Jan 2023 14:51:34 GMT
2023-01-16 22:51:34 [DEBUG] http-nio-8120-exec-3 Slf4jLogger.java:72 com.xqf.srb.sms.client.CoreUserInfoClient [CoreUserInfoClient#checkMobile] keep-alive: timeout=60
2023-01-16 22:51:34 [DEBUG] http-nio-8120-exec-3 Slf4jLogger.java:72 com.xqf.srb.sms.client.CoreUserInfoClient [CoreUserInfoClient#checkMobile] transfer-encoding: chunked
2023-01-16 22:51:34 [DEBUG] http-nio-8120-exec-3 Slf4jLogger.java:72 com.xqf.srb.sms.client.CoreUserInfoClient [CoreUserInfoClient#checkMobile] 
2023-01-16 22:51:34 [DEBUG] http-nio-8120-exec-3 Slf4jLogger.java:72 com.xqf.srb.sms.client.CoreUserInfoClient [CoreUserInfoClient#checkMobile] true
2023-01-16 22:51:34 [DEBUG] http-nio-8120-exec-3 Slf4jLogger.java:72 com.xqf.srb.sms.client.CoreUserInfoClient [CoreUserInfoClient#checkMobile] <--- END HTTP (4-byte body)
2023-01-16 22:51:34 [INFO ] http-nio-8120-exec-3 Assert.java:45 com.xqf.common.exception.Assert fail...............
2023-01-16 22:51:34 [ERROR] http-nio-8120-exec-3 UnifiedExceptionHandler.java:50 com.xqf.common.exception.UnifiedExceptionHandler 手机号已被注册
2023-01-16 22:52:06 [DEBUG] http-nio-8120-exec-4 Slf4jLogger.java:72 com.xqf.srb.sms.client.CoreUserInfoClient [CoreUserInfoClient#checkMobile] ---> GET http://service-core/api/core/userInfo/checkMobile/18280743082 HTTP/1.1
2023-01-16 22:52:06 [DEBUG] http-nio-8120-exec-4 Slf4jLogger.java:72 com.xqf.srb.sms.client.CoreUserInfoClient [CoreUserInfoClient#checkMobile] ---> END HTTP (0-byte body)
2023-01-16 22:52:06 [DEBUG] http-nio-8120-exec-4 Slf4jLogger.java:72 com.xqf.srb.sms.client.CoreUserInfoClient [CoreUserInfoClient#checkMobile] <--- HTTP/1.1 200 (8ms)
2023-01-16 22:52:06 [DEBUG] http-nio-8120-exec-4 Slf4jLogger.java:72 com.xqf.srb.sms.client.CoreUserInfoClient [CoreUserInfoClient#checkMobile] connection: keep-alive
2023-01-16 22:52:06 [DEBUG] http-nio-8120-exec-4 Slf4jLogger.java:72 com.xqf.srb.sms.client.CoreUserInfoClient [CoreUserInfoClient#checkMobile] content-type: application/json
2023-01-16 22:52:06 [DEBUG] http-nio-8120-exec-4 Slf4jLogger.java:72 com.xqf.srb.sms.client.CoreUserInfoClient [CoreUserInfoClient#checkMobile] date: Mon, 16 Jan 2023 14:52:06 GMT
2023-01-16 22:52:06 [DEBUG] http-nio-8120-exec-4 Slf4jLogger.java:72 com.xqf.srb.sms.client.CoreUserInfoClient [CoreUserInfoClient#checkMobile] keep-alive: timeout=60
2023-01-16 22:52:06 [DEBUG] http-nio-8120-exec-4 Slf4jLogger.java:72 com.xqf.srb.sms.client.CoreUserInfoClient [CoreUserInfoClient#checkMobile] transfer-encoding: chunked
2023-01-16 22:52:06 [DEBUG] http-nio-8120-exec-4 Slf4jLogger.java:72 com.xqf.srb.sms.client.CoreUserInfoClient [CoreUserInfoClient#checkMobile] 
2023-01-16 22:52:06 [DEBUG] http-nio-8120-exec-4 Slf4jLogger.java:72 com.xqf.srb.sms.client.CoreUserInfoClient [CoreUserInfoClient#checkMobile] true
2023-01-16 22:52:06 [DEBUG] http-nio-8120-exec-4 Slf4jLogger.java:72 com.xqf.srb.sms.client.CoreUserInfoClient [CoreUserInfoClient#checkMobile] <--- END HTTP (4-byte body)
2023-01-16 22:52:06 [INFO ] http-nio-8120-exec-4 Assert.java:45 com.xqf.common.exception.Assert fail...............
2023-01-16 22:52:06 [ERROR] http-nio-8120-exec-4 UnifiedExceptionHandler.java:50 com.xqf.common.exception.UnifiedExceptionHandler 手机号已被注册
2023-01-16 22:52:16 [DEBUG] http-nio-8120-exec-5 Slf4jLogger.java:72 com.xqf.srb.sms.client.CoreUserInfoClient [CoreUserInfoClient#checkMobile] ---> GET http://service-core/api/core/userInfo/checkMobile/18280743082 HTTP/1.1
2023-01-16 22:52:16 [DEBUG] http-nio-8120-exec-5 Slf4jLogger.java:72 com.xqf.srb.sms.client.CoreUserInfoClient [CoreUserInfoClient#checkMobile] ---> END HTTP (0-byte body)
2023-01-16 22:52:16 [DEBUG] http-nio-8120-exec-5 Slf4jLogger.java:72 com.xqf.srb.sms.client.CoreUserInfoClient [CoreUserInfoClient#checkMobile] <--- HTTP/1.1 200 (5ms)
2023-01-16 22:52:16 [DEBUG] http-nio-8120-exec-5 Slf4jLogger.java:72 com.xqf.srb.sms.client.CoreUserInfoClient [CoreUserInfoClient#checkMobile] connection: keep-alive
2023-01-16 22:52:16 [DEBUG] http-nio-8120-exec-5 Slf4jLogger.java:72 com.xqf.srb.sms.client.CoreUserInfoClient [CoreUserInfoClient#checkMobile] content-type: application/json
2023-01-16 22:52:16 [DEBUG] http-nio-8120-exec-5 Slf4jLogger.java:72 com.xqf.srb.sms.client.CoreUserInfoClient [CoreUserInfoClient#checkMobile] date: Mon, 16 Jan 2023 14:52:16 GMT
2023-01-16 22:52:16 [DEBUG] http-nio-8120-exec-5 Slf4jLogger.java:72 com.xqf.srb.sms.client.CoreUserInfoClient [CoreUserInfoClient#checkMobile] keep-alive: timeout=60
2023-01-16 22:52:16 [DEBUG] http-nio-8120-exec-5 Slf4jLogger.java:72 com.xqf.srb.sms.client.CoreUserInfoClient [CoreUserInfoClient#checkMobile] transfer-encoding: chunked
2023-01-16 22:52:16 [DEBUG] http-nio-8120-exec-5 Slf4jLogger.java:72 com.xqf.srb.sms.client.CoreUserInfoClient [CoreUserInfoClient#checkMobile] 
2023-01-16 22:52:16 [DEBUG] http-nio-8120-exec-5 Slf4jLogger.java:72 com.xqf.srb.sms.client.CoreUserInfoClient [CoreUserInfoClient#checkMobile] true
2023-01-16 22:52:16 [DEBUG] http-nio-8120-exec-5 Slf4jLogger.java:72 com.xqf.srb.sms.client.CoreUserInfoClient [CoreUserInfoClient#checkMobile] <--- END HTTP (4-byte body)
2023-01-16 22:52:16 [INFO ] http-nio-8120-exec-5 Assert.java:45 com.xqf.common.exception.Assert fail...............
2023-01-16 22:52:16 [ERROR] http-nio-8120-exec-5 UnifiedExceptionHandler.java:50 com.xqf.common.exception.UnifiedExceptionHandler 手机号已被注册
2023-01-16 23:40:19 [INFO ] restartedMain SpringApplication.java:655 com.xqf.srb.sms.ServiceSmsApplication The following profiles are active: dev
2023-01-16 23:40:22 [INFO ] restartedMain StartupInfoLogger.java:61 com.xqf.srb.sms.ServiceSmsApplication Started ServiceSmsApplication in 4.766 seconds (JVM running for 4644.792)
2023-01-17 15:29:48 [INFO ] restartedMain SpringApplication.java:655 com.xqf.srb.sms.ServiceSmsApplication The following profiles are active: dev
2023-01-17 15:29:54 [INFO ] restartedMain StartupInfoLogger.java:61 com.xqf.srb.sms.ServiceSmsApplication Started ServiceSmsApplication in 8.203 seconds (JVM running for 9.639)
2023-01-19 14:24:49 [INFO ] restartedMain SpringApplication.java:655 com.xqf.srb.sms.ServiceSmsApplication The following profiles are active: dev
2023-01-19 14:24:59 [INFO ] restartedMain StartupInfoLogger.java:61 com.xqf.srb.sms.ServiceSmsApplication Started ServiceSmsApplication in 15.046 seconds (JVM running for 18.154)
2023-01-19 17:49:13 [INFO ] restartedMain SpringApplication.java:655 com.xqf.srb.sms.ServiceSmsApplication The following profiles are active: dev
2023-01-19 17:49:20 [INFO ] restartedMain StartupInfoLogger.java:61 com.xqf.srb.sms.ServiceSmsApplication Started ServiceSmsApplication in 10.705 seconds (JVM running for 12279.021)
2023-01-19 18:49:27 [INFO ] restartedMain SpringApplication.java:655 com.xqf.srb.sms.ServiceSmsApplication The following profiles are active: dev
2023-01-19 18:49:33 [INFO ] restartedMain StartupInfoLogger.java:61 com.xqf.srb.sms.ServiceSmsApplication Started ServiceSmsApplication in 8.582 seconds (JVM running for 15891.895)
2023-01-19 18:50:47 [INFO ] restartedMain SpringApplication.java:655 com.xqf.srb.sms.ServiceSmsApplication The following profiles are active: dev
2023-01-19 18:50:52 [INFO ] restartedMain StartupInfoLogger.java:61 com.xqf.srb.sms.ServiceSmsApplication Started ServiceSmsApplication in 8.266 seconds (JVM running for 15971.005)
